[0.354s] [34mcolcon[0m [1;30mDEBUG[0m [32mCommand line arguments: ['/usr/bin/colcon', 'build'][0m
[0.354s] [34mcolcon[0m [1;30mDEBUG[0m [32mParsed command line arguments: Namespace(log_base=None, log_level=None, verb_name='build', build_base='build', install_base='install', merge_install=False, symlink_install=False, test_result_base=None, continue_on_error=False, executor='parallel', parallel_workers=4, event_handlers=None, ignore_user_meta=False, metas=['./colcon.meta'], base_paths=['.'], packages_ignore=None, packages_ignore_regex=None, paths=None, packages_up_to=None, packages_up_to_regex=None, packages_above=None, packages_above_and_dependencies=None, packages_above_depth=None, packages_select_by_dep=None, packages_skip_by_dep=None, packages_skip_up_to=None, packages_select_build_failed=False, packages_skip_build_finished=False, packages_select_test_failures=False, packages_skip_test_passed=False, packages_select=None, packages_skip=None, packages_select_regex=None, packages_skip_regex=None, packages_start=None, packages_end=None, allow_overriding=[], cmake_args=None, cmake_target=None, cmake_target_skip_unavailable=False, cmake_clean_cache=False, cmake_clean_first=False, cmake_force_configure=False, ament_cmake_args=None, catkin_cmake_args=None, catkin_skip_building_tests=False, mixin_files=None, mixin=None, verb_parser=<colcon_mixin.mixin.mixin_argument.MixinArgumentDecorator object at 0xffffb7901f60>, verb_extension=<colcon_core.verb.build.BuildVerb object at 0xffffb7ac6dd0>, main=<bound method BuildVerb.main of <colcon_core.verb.build.BuildVerb object at 0xffffb7ac6dd0>>, mixin_verb=('build',))[0m
[0.793s] [34mcolcon.colcon_core.package_discovery[0m [1;30mLevel 1[0m discover_packages(colcon_meta) check parameters
[0.794s] [34mcolcon.colcon_core.package_discovery[0m [1;30mLevel 1[0m discover_packages(recursive) check parameters
[0.794s] [34mcolcon.colcon_core.package_discovery[0m [1;30mLevel 1[0m discover_packages(ignore) check parameters
[0.794s] [34mcolcon.colcon_core.package_discovery[0m [1;30mLevel 1[0m discover_packages(path) check parameters
[0.794s] [34mcolcon.colcon_core.package_discovery[0m [1;30mLevel 1[0m discover_packages(colcon_meta) discover
[0.794s] [34mcolcon.colcon_core.package_discovery[0m [1;30mLevel 1[0m discover_packages(recursive) discover
[0.794s] [34mcolcon.colcon_core.package_discovery[0m [1;30mINFO[0m Crawling recursively for packages in '/home/rm/filter'
[0.795s] [34mcolcon.colcon_core.package_identification[0m [1;30mLevel 1[0m _identify(.) by extensions ['ignore', 'ignore_ament_install']
[0.795s] [34mcolcon.colcon_core.package_identification[0m [1;30mLevel 1[0m _identify(.) by extension 'ignore'
[0.795s] [34mcolcon.colcon_core.package_identification[0m [1;30mLevel 1[0m _identify(.) by extension 'ignore_ament_install'
[0.795s] [34mcolcon.colcon_core.package_identification[0m [1;30mLevel 1[0m _identify(.) by extensions ['colcon_pkg']
[0.795s] [34mcolcon.colcon_core.package_identification[0m [1;30mLevel 1[0m _identify(.) by extension 'colcon_pkg'
[0.795s] [34mcolcon.colcon_core.package_identification[0m [1;30mLevel 1[0m _identify(.) by extensions ['colcon_meta']
[0.796s] [34mcolcon.colcon_core.package_identification[0m [1;30mLevel 1[0m _identify(.) by extension 'colcon_meta'
[0.796s] [34mcolcon.colcon_core.package_identification[0m [1;30mLevel 1[0m _identify(.) by extensions ['ros']
[0.796s] [34mcolcon.colcon_core.package_identification[0m [1;30mLevel 1[0m _identify(.) by extension 'ros'
[0.824s] [34mcolcon.colcon_core.package_identification[0m [1;30mLevel 1[0m _identify(.) by extensions ['cmake', 'python']
[0.825s] [34mcolcon.colcon_core.package_identification[0m [1;30mLevel 1[0m _identify(.) by extension 'cmake'
[0.825s] [34mcolcon.colcon_core.package_identification[0m [1;30mLevel 1[0m _identify(.) by extension 'python'
[0.825s] [34mcolcon.colcon_core.package_identification[0m [1;30mLevel 1[0m _identify(.) by extensions ['python_setup_py']
[0.825s] [34mcolcon.colcon_core.package_identification[0m [1;30mLevel 1[0m _identify(.) by extension 'python_setup_py'
[0.826s] [34mcolcon.colcon_core.package_identification[0m [1;30mLevel 1[0m _identify(build) by extensions ['ignore', 'ignore_ament_install']
[0.826s] [34mcolcon.colcon_core.package_identification[0m [1;30mLevel 1[0m _identify(build) by extension 'ignore'
[0.826s] [34mcolcon.colcon_core.package_identification[0m [1;30mLevel 1[0m _identify(build) ignored
[0.827s] [34mcolcon.colcon_core.package_identification[0m [1;30mLevel 1[0m _identify(install) by extensions ['ignore', 'ignore_ament_install']
[0.827s] [34mcolcon.colcon_core.package_identification[0m [1;30mLevel 1[0m _identify(install) by extension 'ignore'
[0.827s] [34mcolcon.colcon_core.package_identification[0m [1;30mLevel 1[0m _identify(install) ignored
[0.827s] [34mcolcon.colcon_core.package_identification[0m [1;30mLevel 1[0m _identify(log) by extensions ['ignore', 'ignore_ament_install']
[0.828s] [34mcolcon.colcon_core.package_identification[0m [1;30mLevel 1[0m _identify(log) by extension 'ignore'
[0.828s] [34mcolcon.colcon_core.package_identification[0m [1;30mLevel 1[0m _identify(log) ignored
[0.828s] [34mcolcon.colcon_core.package_identification[0m [1;30mLevel 1[0m _identify(src) by extensions ['ignore', 'ignore_ament_install']
[0.828s] [34mcolcon.colcon_core.package_identification[0m [1;30mLevel 1[0m _identify(src) by extension 'ignore'
[0.828s] [34mcolcon.colcon_core.package_identification[0m [1;30mLevel 1[0m _identify(src) by extension 'ignore_ament_install'
[0.828s] [34mcolcon.colcon_core.package_identification[0m [1;30mLevel 1[0m _identify(src) by extensions ['colcon_pkg']
[0.828s] [34mcolcon.colcon_core.package_identification[0m [1;30mLevel 1[0m _identify(src) by extension 'colcon_pkg'
[0.829s] [34mcolcon.colcon_core.package_identification[0m [1;30mLevel 1[0m _identify(src) by extensions ['colcon_meta']
[0.829s] [34mcolcon.colcon_core.package_identification[0m [1;30mLevel 1[0m _identify(src) by extension 'colcon_meta'
[0.829s] [34mcolcon.colcon_core.package_identification[0m [1;30mLevel 1[0m _identify(src) by extensions ['ros']
[0.829s] [34mcolcon.colcon_core.package_identification[0m [1;30mLevel 1[0m _identify(src) by extension 'ros'
[0.829s] [34mcolcon.colcon_core.package_identification[0m [1;30mLevel 1[0m _identify(src) by extensions ['cmake', 'python']
[0.829s] [34mcolcon.colcon_core.package_identification[0m [1;30mLevel 1[0m _identify(src) by extension 'cmake'
[0.829s] [34mcolcon.colcon_core.package_identification[0m [1;30mLevel 1[0m _identify(src) by extension 'python'
[0.829s] [34mcolcon.colcon_core.package_identification[0m [1;30mLevel 1[0m _identify(src) by extensions ['python_setup_py']
[0.830s] [34mcolcon.colcon_core.package_identification[0m [1;30mLevel 1[0m _identify(src) by extension 'python_setup_py'
[0.830s] [34mcolcon.colcon_core.package_identification[0m [1;30mLevel 1[0m _identify(src/object_filter_package) by extensions ['ignore', 'ignore_ament_install']
[0.830s] [34mcolcon.colcon_core.package_identification[0m [1;30mLevel 1[0m _identify(src/object_filter_package) by extension 'ignore'
[0.830s] [34mcolcon.colcon_core.package_identification[0m [1;30mLevel 1[0m _identify(src/object_filter_package) by extension 'ignore_ament_install'
[0.830s] [34mcolcon.colcon_core.package_identification[0m [1;30mLevel 1[0m _identify(src/object_filter_package) by extensions ['colcon_pkg']
[0.830s] [34mcolcon.colcon_core.package_identification[0m [1;30mLevel 1[0m _identify(src/object_filter_package) by extension 'colcon_pkg'
[0.830s] [34mcolcon.colcon_core.package_identification[0m [1;30mLevel 1[0m _identify(src/object_filter_package) by extensions ['colcon_meta']
[0.831s] [34mcolcon.colcon_core.package_identification[0m [1;30mLevel 1[0m _identify(src/object_filter_package) by extension 'colcon_meta'
[0.831s] [34mcolcon.colcon_core.package_identification[0m [1;30mLevel 1[0m _identify(src/object_filter_package) by extensions ['ros']
[0.831s] [34mcolcon.colcon_core.package_identification[0m [1;30mLevel 1[0m _identify(src/object_filter_package) by extension 'ros'
[0.871s] [34mcolcon.colcon_core.package_identification[0m [1;30mDEBUG[0m [32mPackage 'src/object_filter_package' with type 'ros.ament_python' and name 'object_filter_package'[0m
[0.871s] [34mcolcon.colcon_core.package_identification[0m [1;30mLevel 1[0m _identify(src/zed-ros2-wrapper) by extensions ['ignore', 'ignore_ament_install']
[0.872s] [34mcolcon.colcon_core.package_identification[0m [1;30mLevel 1[0m _identify(src/zed-ros2-wrapper) by extension 'ignore'
[0.872s] [34mcolcon.colcon_core.package_identification[0m [1;30mLevel 1[0m _identify(src/zed-ros2-wrapper) by extension 'ignore_ament_install'
[0.872s] [34mcolcon.colcon_core.package_identification[0m [1;30mLevel 1[0m _identify(src/zed-ros2-wrapper) by extensions ['colcon_pkg']
[0.872s] [34mcolcon.colcon_core.package_identification[0m [1;30mLevel 1[0m _identify(src/zed-ros2-wrapper) by extension 'colcon_pkg'
[0.872s] [34mcolcon.colcon_core.package_identification[0m [1;30mLevel 1[0m _identify(src/zed-ros2-wrapper) by extensions ['colcon_meta']
[0.872s] [34mcolcon.colcon_core.package_identification[0m [1;30mLevel 1[0m _identify(src/zed-ros2-wrapper) by extension 'colcon_meta'
[0.873s] [34mcolcon.colcon_core.package_identification[0m [1;30mLevel 1[0m _identify(src/zed-ros2-wrapper) by extensions ['ros']
[0.873s] [34mcolcon.colcon_core.package_identification[0m [1;30mLevel 1[0m _identify(src/zed-ros2-wrapper) by extension 'ros'
[0.873s] [34mcolcon.colcon_core.package_identification[0m [1;30mLevel 1[0m _identify(src/zed-ros2-wrapper) by extensions ['cmake', 'python']
[0.873s] [34mcolcon.colcon_core.package_identification[0m [1;30mLevel 1[0m _identify(src/zed-ros2-wrapper) by extension 'cmake'
[0.873s] [34mcolcon.colcon_core.package_identification[0m [1;30mLevel 1[0m _identify(src/zed-ros2-wrapper) by extension 'python'
[0.873s] [34mcolcon.colcon_core.package_identification[0m [1;30mLevel 1[0m _identify(src/zed-ros2-wrapper) by extensions ['python_setup_py']
[0.873s] [34mcolcon.colcon_core.package_identification[0m [1;30mLevel 1[0m _identify(src/zed-ros2-wrapper) by extension 'python_setup_py'
[0.874s] [34mcolcon.colcon_core.package_identification[0m [1;30mLevel 1[0m _identify(src/zed-ros2-wrapper/docker) by extensions ['ignore', 'ignore_ament_install']
[0.874s] [34mcolcon.colcon_core.package_identification[0m [1;30mLevel 1[0m _identify(src/zed-ros2-wrapper/docker) by extension 'ignore'
[0.874s] [34mcolcon.colcon_core.package_identification[0m [1;30mLevel 1[0m _identify(src/zed-ros2-wrapper/docker) by extension 'ignore_ament_install'
[0.874s] [34mcolcon.colcon_core.package_identification[0m [1;30mLevel 1[0m _identify(src/zed-ros2-wrapper/docker) by extensions ['colcon_pkg']
[0.874s] [34mcolcon.colcon_core.package_identification[0m [1;30mLevel 1[0m _identify(src/zed-ros2-wrapper/docker) by extension 'colcon_pkg'
[0.874s] [34mcolcon.colcon_core.package_identification[0m [1;30mLevel 1[0m _identify(src/zed-ros2-wrapper/docker) by extensions ['colcon_meta']
[0.875s] [34mcolcon.colcon_core.package_identification[0m [1;30mLevel 1[0m _identify(src/zed-ros2-wrapper/docker) by extension 'colcon_meta'
[0.875s] [34mcolcon.colcon_core.package_identification[0m [1;30mLevel 1[0m _identify(src/zed-ros2-wrapper/docker) by extensions ['ros']
[0.875s] [34mcolcon.colcon_core.package_identification[0m [1;30mLevel 1[0m _identify(src/zed-ros2-wrapper/docker) by extension 'ros'
[0.875s] [34mcolcon.colcon_core.package_identification[0m [1;30mLevel 1[0m _identify(src/zed-ros2-wrapper/docker) by extensions ['cmake', 'python']
[0.875s] [34mcolcon.colcon_core.package_identification[0m [1;30mLevel 1[0m _identify(src/zed-ros2-wrapper/docker) by extension 'cmake'
[0.875s] [34mcolcon.colcon_core.package_identification[0m [1;30mLevel 1[0m _identify(src/zed-ros2-wrapper/docker) by extension 'python'
[0.875s] [34mcolcon.colcon_core.package_identification[0m [1;30mLevel 1[0m _identify(src/zed-ros2-wrapper/docker) by extensions ['python_setup_py']
[0.875s] [34mcolcon.colcon_core.package_identification[0m [1;30mLevel 1[0m _identify(src/zed-ros2-wrapper/docker) by extension 'python_setup_py'
[0.876s] [34mcolcon.colcon_core.package_identification[0m [1;30mLevel 1[0m _identify(src/zed-ros2-wrapper/images) by extensions ['ignore', 'ignore_ament_install']
[0.876s] [34mcolcon.colcon_core.package_identification[0m [1;30mLevel 1[0m _identify(src/zed-ros2-wrapper/images) by extension 'ignore'
[0.876s] [34mcolcon.colcon_core.package_identification[0m [1;30mLevel 1[0m _identify(src/zed-ros2-wrapper/images) by extension 'ignore_ament_install'
[0.876s] [34mcolcon.colcon_core.package_identification[0m [1;30mLevel 1[0m _identify(src/zed-ros2-wrapper/images) by extensions ['colcon_pkg']
[0.876s] [34mcolcon.colcon_core.package_identification[0m [1;30mLevel 1[0m _identify(src/zed-ros2-wrapper/images) by extension 'colcon_pkg'
[0.877s] [34mcolcon.colcon_core.package_identification[0m [1;30mLevel 1[0m _identify(src/zed-ros2-wrapper/images) by extensions ['colcon_meta']
[0.877s] [34mcolcon.colcon_core.package_identification[0m [1;30mLevel 1[0m _identify(src/zed-ros2-wrapper/images) by extension 'colcon_meta'
[0.877s] [34mcolcon.colcon_core.package_identification[0m [1;30mLevel 1[0m _identify(src/zed-ros2-wrapper/images) by extensions ['ros']
[0.877s] [34mcolcon.colcon_core.package_identification[0m [1;30mLevel 1[0m _identify(src/zed-ros2-wrapper/images) by extension 'ros'
[0.877s] [34mcolcon.colcon_core.package_identification[0m [1;30mLevel 1[0m _identify(src/zed-ros2-wrapper/images) by extensions ['cmake', 'python']
[0.877s] [34mcolcon.colcon_core.package_identification[0m [1;30mLevel 1[0m _identify(src/zed-ros2-wrapper/images) by extension 'cmake'
[0.877s] [34mcolcon.colcon_core.package_identification[0m [1;30mLevel 1[0m _identify(src/zed-ros2-wrapper/images) by extension 'python'
[0.877s] [34mcolcon.colcon_core.package_identification[0m [1;30mLevel 1[0m _identify(src/zed-ros2-wrapper/images) by extensions ['python_setup_py']
[0.877s] [34mcolcon.colcon_core.package_identification[0m [1;30mLevel 1[0m _identify(src/zed-ros2-wrapper/images) by extension 'python_setup_py'
[0.878s] [34mcolcon.colcon_core.package_identification[0m [1;30mLevel 1[0m _identify(src/zed-ros2-wrapper/zed_components) by extensions ['ignore', 'ignore_ament_install']
[0.878s] [34mcolcon.colcon_core.package_identification[0m [1;30mLevel 1[0m _identify(src/zed-ros2-wrapper/zed_components) by extension 'ignore'
[0.878s] [34mcolcon.colcon_core.package_identification[0m [1;30mLevel 1[0m _identify(src/zed-ros2-wrapper/zed_components) by extension 'ignore_ament_install'
[0.878s] [34mcolcon.colcon_core.package_identification[0m [1;30mLevel 1[0m _identify(src/zed-ros2-wrapper/zed_components) by extensions ['colcon_pkg']
[0.878s] [34mcolcon.colcon_core.package_identification[0m [1;30mLevel 1[0m _identify(src/zed-ros2-wrapper/zed_components) by extension 'colcon_pkg'
[0.878s] [34mcolcon.colcon_core.package_identification[0m [1;30mLevel 1[0m _identify(src/zed-ros2-wrapper/zed_components) by extensions ['colcon_meta']
[0.879s] [34mcolcon.colcon_core.package_identification[0m [1;30mLevel 1[0m _identify(src/zed-ros2-wrapper/zed_components) by extension 'colcon_meta'
[0.879s] [34mcolcon.colcon_core.package_identification[0m [1;30mLevel 1[0m _identify(src/zed-ros2-wrapper/zed_components) by extensions ['ros']
[0.879s] [34mcolcon.colcon_core.package_identification[0m [1;30mLevel 1[0m _identify(src/zed-ros2-wrapper/zed_components) by extension 'ros'
[0.882s] [34mcolcon.colcon_core.package_identification[0m [1;30mDEBUG[0m [32mPackage 'src/zed-ros2-wrapper/zed_components' with type 'ros.ament_cmake' and name 'zed_components'[0m
[0.882s] [34mcolcon.colcon_core.package_identification[0m [1;30mLevel 1[0m _identify(src/zed-ros2-wrapper/zed_ros2) by extensions ['ignore', 'ignore_ament_install']
[0.883s] [34mcolcon.colcon_core.package_identification[0m [1;30mLevel 1[0m _identify(src/zed-ros2-wrapper/zed_ros2) by extension 'ignore'
[0.883s] [34mcolcon.colcon_core.package_identification[0m [1;30mLevel 1[0m _identify(src/zed-ros2-wrapper/zed_ros2) by extension 'ignore_ament_install'
[0.883s] [34mcolcon.colcon_core.package_identification[0m [1;30mLevel 1[0m _identify(src/zed-ros2-wrapper/zed_ros2) by extensions ['colcon_pkg']
[0.883s] [34mcolcon.colcon_core.package_identification[0m [1;30mLevel 1[0m _identify(src/zed-ros2-wrapper/zed_ros2) by extension 'colcon_pkg'
[0.883s] [34mcolcon.colcon_core.package_identification[0m [1;30mLevel 1[0m _identify(src/zed-ros2-wrapper/zed_ros2) by extensions ['colcon_meta']
[0.883s] [34mcolcon.colcon_core.package_identification[0m [1;30mLevel 1[0m _identify(src/zed-ros2-wrapper/zed_ros2) by extension 'colcon_meta'
[0.884s] [34mcolcon.colcon_core.package_identification[0m [1;30mLevel 1[0m _identify(src/zed-ros2-wrapper/zed_ros2) by extensions ['ros']
[0.884s] [34mcolcon.colcon_core.package_identification[0m [1;30mLevel 1[0m _identify(src/zed-ros2-wrapper/zed_ros2) by extension 'ros'
[0.886s] [34mcolcon.colcon_core.package_identification[0m [1;30mDEBUG[0m [32mPackage 'src/zed-ros2-wrapper/zed_ros2' with type 'ros.ament_cmake' and name 'zed_ros2'[0m
[0.886s] [34mcolcon.colcon_core.package_identification[0m [1;30mLevel 1[0m _identify(src/zed-ros2-wrapper/zed_wrapper) by extensions ['ignore', 'ignore_ament_install']
[0.886s] [34mcolcon.colcon_core.package_identification[0m [1;30mLevel 1[0m _identify(src/zed-ros2-wrapper/zed_wrapper) by extension 'ignore'
[0.886s] [34mcolcon.colcon_core.package_identification[0m [1;30mLevel 1[0m _identify(src/zed-ros2-wrapper/zed_wrapper) by extension 'ignore_ament_install'
[0.887s] [34mcolcon.colcon_core.package_identification[0m [1;30mLevel 1[0m _identify(src/zed-ros2-wrapper/zed_wrapper) by extensions ['colcon_pkg']
[0.887s] [34mcolcon.colcon_core.package_identification[0m [1;30mLevel 1[0m _identify(src/zed-ros2-wrapper/zed_wrapper) by extension 'colcon_pkg'
[0.887s] [34mcolcon.colcon_core.package_identification[0m [1;30mLevel 1[0m _identify(src/zed-ros2-wrapper/zed_wrapper) by extensions ['colcon_meta']
[0.887s] [34mcolcon.colcon_core.package_identification[0m [1;30mLevel 1[0m _identify(src/zed-ros2-wrapper/zed_wrapper) by extension 'colcon_meta'
[0.887s] [34mcolcon.colcon_core.package_identification[0m [1;30mLevel 1[0m _identify(src/zed-ros2-wrapper/zed_wrapper) by extensions ['ros']
[0.887s] [34mcolcon.colcon_core.package_identification[0m [1;30mLevel 1[0m _identify(src/zed-ros2-wrapper/zed_wrapper) by extension 'ros'
[0.889s] [34mcolcon.colcon_core.package_identification[0m [1;30mDEBUG[0m [32mPackage 'src/zed-ros2-wrapper/zed_wrapper' with type 'ros.ament_cmake' and name 'zed_wrapper'[0m
[0.889s] [34mcolcon.colcon_core.package_discovery[0m [1;30mLevel 1[0m discover_packages(recursive) using defaults
[0.889s] [34mcolcon.colcon_core.package_discovery[0m [1;30mLevel 1[0m discover_packages(ignore) discover
[0.890s] [34mcolcon.colcon_core.package_discovery[0m [1;30mLevel 1[0m discover_packages(ignore) using defaults
[0.890s] [34mcolcon.colcon_core.package_discovery[0m [1;30mLevel 1[0m discover_packages(path) discover
[0.890s] [34mcolcon.colcon_core.package_discovery[0m [1;30mLevel 1[0m discover_packages(path) using defaults
[0.936s] [34mcolcon.colcon_core.package_discovery[0m [1;30mLevel 1[0m discover_packages(prefix_path) check parameters
[0.936s] [34mcolcon.colcon_core.package_discovery[0m [1;30mLevel 1[0m discover_packages(prefix_path) discover
[0.950s] [34mcolcon.colcon_installed_package_information.package_discovery[0m [1;30mDEBUG[0m [32mFound 4 installed packages in /home/rm/filter/install[0m
[0.952s] [34mcolcon.colcon_installed_package_information.package_discovery[0m [1;30mDEBUG[0m [32mFound 3 installed packages in /home/rm/zed_ws/install[0m
[0.956s] [34mcolcon.colcon_installed_package_information.package_discovery[0m [1;30mDEBUG[0m [32mFound 58 installed packages in /home/rm/ws_moveit2_2/install[0m
[0.961s] [34mcolcon.colcon_installed_package_information.package_discovery[0m [1;30mDEBUG[0m [32mFound 372 installed packages in /opt/ros/humble[0m
[0.966s] [34mcolcon.colcon_core.package_discovery[0m [1;30mLevel 1[0m discover_packages(prefix_path) using defaults
[1.097s] [34mcolcon.colcon_core.verb[0m [1;30mLevel 5[0m set package 'object_filter_package' build argument 'cmake_args' from command line to 'None'
[1.098s] [34mcolcon.colcon_core.verb[0m [1;30mLevel 5[0m set package 'object_filter_package' build argument 'cmake_target' from command line to 'None'
[1.098s] [34mcolcon.colcon_core.verb[0m [1;30mLevel 5[0m set package 'object_filter_package' build argument 'cmake_target_skip_unavailable' from command line to 'False'
[1.098s] [34mcolcon.colcon_core.verb[0m [1;30mLevel 5[0m set package 'object_filter_package' build argument 'cmake_clean_cache' from command line to 'False'
[1.098s] [34mcolcon.colcon_core.verb[0m [1;30mLevel 5[0m set package 'object_filter_package' build argument 'cmake_clean_first' from command line to 'False'
[1.098s] [34mcolcon.colcon_core.verb[0m [1;30mLevel 5[0m set package 'object_filter_package' build argument 'cmake_force_configure' from command line to 'False'
[1.098s] [34mcolcon.colcon_core.verb[0m [1;30mLevel 5[0m set package 'object_filter_package' build argument 'ament_cmake_args' from command line to 'None'
[1.098s] [34mcolcon.colcon_core.verb[0m [1;30mLevel 5[0m set package 'object_filter_package' build argument 'catkin_cmake_args' from command line to 'None'
[1.098s] [34mcolcon.colcon_core.verb[0m [1;30mLevel 5[0m set package 'object_filter_package' build argument 'catkin_skip_building_tests' from command line to 'False'
[1.098s] [34mcolcon.colcon_core.verb[0m [1;30mDEBUG[0m [32mBuilding package 'object_filter_package' with the following arguments: {'ament_cmake_args': None, 'build_base': '/home/rm/filter/build/object_filter_package', 'catkin_cmake_args': None, 'catkin_skip_building_tests': False, 'cmake_args': None, 'cmake_clean_cache': False, 'cmake_clean_first': False, 'cmake_force_configure': False, 'cmake_target': None, 'cmake_target_skip_unavailable': False, 'install_base': '/home/rm/filter/install/object_filter_package', 'merge_install': False, 'path': '/home/rm/filter/src/object_filter_package', 'symlink_install': False, 'test_result_base': None}[0m
[1.099s] [34mcolcon.colcon_core.verb[0m [1;30mLevel 5[0m set package 'zed_components' build argument 'cmake_args' from command line to 'None'
[1.099s] [34mcolcon.colcon_core.verb[0m [1;30mLevel 5[0m set package 'zed_components' build argument 'cmake_target' from command line to 'None'
[1.099s] [34mcolcon.colcon_core.verb[0m [1;30mLevel 5[0m set package 'zed_components' build argument 'cmake_target_skip_unavailable' from command line to 'False'
[1.099s] [34mcolcon.colcon_core.verb[0m [1;30mLevel 5[0m set package 'zed_components' build argument 'cmake_clean_cache' from command line to 'False'
[1.099s] [34mcolcon.colcon_core.verb[0m [1;30mLevel 5[0m set package 'zed_components' build argument 'cmake_clean_first' from command line to 'False'
[1.100s] [34mcolcon.colcon_core.verb[0m [1;30mLevel 5[0m set package 'zed_components' build argument 'cmake_force_configure' from command line to 'False'
[1.100s] [34mcolcon.colcon_core.verb[0m [1;30mLevel 5[0m set package 'zed_components' build argument 'ament_cmake_args' from command line to 'None'
[1.100s] [34mcolcon.colcon_core.verb[0m [1;30mLevel 5[0m set package 'zed_components' build argument 'catkin_cmake_args' from command line to 'None'
[1.100s] [34mcolcon.colcon_core.verb[0m [1;30mLevel 5[0m set package 'zed_components' build argument 'catkin_skip_building_tests' from command line to 'False'
[1.100s] [34mcolcon.colcon_core.verb[0m [1;30mDEBUG[0m [32mBuilding package 'zed_components' with the following arguments: {'ament_cmake_args': None, 'build_base': '/home/rm/filter/build/zed_components', 'catkin_cmake_args': None, 'catkin_skip_building_tests': False, 'cmake_args': None, 'cmake_clean_cache': False, 'cmake_clean_first': False, 'cmake_force_configure': False, 'cmake_target': None, 'cmake_target_skip_unavailable': False, 'install_base': '/home/rm/filter/install/zed_components', 'merge_install': False, 'path': '/home/rm/filter/src/zed-ros2-wrapper/zed_components', 'symlink_install': False, 'test_result_base': None}[0m
[1.101s] [34mcolcon.colcon_core.verb[0m [1;30mLevel 5[0m set package 'zed_wrapper' build argument 'cmake_args' from command line to 'None'
[1.101s] [34mcolcon.colcon_core.verb[0m [1;30mLevel 5[0m set package 'zed_wrapper' build argument 'cmake_target' from command line to 'None'
[1.101s] [34mcolcon.colcon_core.verb[0m [1;30mLevel 5[0m set package 'zed_wrapper' build argument 'cmake_target_skip_unavailable' from command line to 'False'
[1.101s] [34mcolcon.colcon_core.verb[0m [1;30mLevel 5[0m set package 'zed_wrapper' build argument 'cmake_clean_cache' from command line to 'False'
[1.101s] [34mcolcon.colcon_core.verb[0m [1;30mLevel 5[0m set package 'zed_wrapper' build argument 'cmake_clean_first' from command line to 'False'
[1.101s] [34mcolcon.colcon_core.verb[0m [1;30mLevel 5[0m set package 'zed_wrapper' build argument 'cmake_force_configure' from command line to 'False'
[1.101s] [34mcolcon.colcon_core.verb[0m [1;30mLevel 5[0m set package 'zed_wrapper' build argument 'ament_cmake_args' from command line to 'None'
[1.101s] [34mcolcon.colcon_core.verb[0m [1;30mLevel 5[0m set package 'zed_wrapper' build argument 'catkin_cmake_args' from command line to 'None'
[1.101s] [34mcolcon.colcon_core.verb[0m [1;30mLevel 5[0m set package 'zed_wrapper' build argument 'catkin_skip_building_tests' from command line to 'False'
[1.101s] [34mcolcon.colcon_core.verb[0m [1;30mDEBUG[0m [32mBuilding package 'zed_wrapper' with the following arguments: {'ament_cmake_args': None, 'build_base': '/home/rm/filter/build/zed_wrapper', 'catkin_cmake_args': None, 'catkin_skip_building_tests': False, 'cmake_args': None, 'cmake_clean_cache': False, 'cmake_clean_first': False, 'cmake_force_configure': False, 'cmake_target': None, 'cmake_target_skip_unavailable': False, 'install_base': '/home/rm/filter/install/zed_wrapper', 'merge_install': False, 'path': '/home/rm/filter/src/zed-ros2-wrapper/zed_wrapper', 'symlink_install': False, 'test_result_base': None}[0m
[1.102s] [34mcolcon.colcon_core.verb[0m [1;30mLevel 5[0m set package 'zed_ros2' build argument 'cmake_args' from command line to 'None'
[1.102s] [34mcolcon.colcon_core.verb[0m [1;30mLevel 5[0m set package 'zed_ros2' build argument 'cmake_target' from command line to 'None'
[1.103s] [34mcolcon.colcon_core.verb[0m [1;30mLevel 5[0m set package 'zed_ros2' build argument 'cmake_target_skip_unavailable' from command line to 'False'
[1.103s] [34mcolcon.colcon_core.verb[0m [1;30mLevel 5[0m set package 'zed_ros2' build argument 'cmake_clean_cache' from command line to 'False'
[1.103s] [34mcolcon.colcon_core.verb[0m [1;30mLevel 5[0m set package 'zed_ros2' build argument 'cmake_clean_first' from command line to 'False'
[1.103s] [34mcolcon.colcon_core.verb[0m [1;30mLevel 5[0m set package 'zed_ros2' build argument 'cmake_force_configure' from command line to 'False'
[1.104s] [34mcolcon.colcon_core.verb[0m [1;30mLevel 5[0m set package 'zed_ros2' build argument 'ament_cmake_args' from command line to 'None'
[1.104s] [34mcolcon.colcon_core.verb[0m [1;30mLevel 5[0m set package 'zed_ros2' build argument 'catkin_cmake_args' from command line to 'None'
[1.104s] [34mcolcon.colcon_core.verb[0m [1;30mLevel 5[0m set package 'zed_ros2' build argument 'catkin_skip_building_tests' from command line to 'False'
[1.104s] [34mcolcon.colcon_core.verb[0m [1;30mDEBUG[0m [32mBuilding package 'zed_ros2' with the following arguments: {'ament_cmake_args': None, 'build_base': '/home/rm/filter/build/zed_ros2', 'catkin_cmake_args': None, 'catkin_skip_building_tests': False, 'cmake_args': None, 'cmake_clean_cache': False, 'cmake_clean_first': False, 'cmake_force_configure': False, 'cmake_target': None, 'cmake_target_skip_unavailable': False, 'install_base': '/home/rm/filter/install/zed_ros2', 'merge_install': False, 'path': '/home/rm/filter/src/zed-ros2-wrapper/zed_ros2', 'symlink_install': False, 'test_result_base': None}[0m
[1.105s] [34mcolcon.colcon_core.executor[0m [1;30mINFO[0m Executing jobs using 'parallel' executor
[1.110s] [34mcolcon.colcon_parallel_executor.executor.parallel[0m [1;30mDEBUG[0m [32mrun_until_complete[0m
[1.114s] [34mcolcon.colcon_ros.task.ament_cmake.build[0m [1;30mINFO[0m Building ROS package in '/home/rm/filter/src/zed-ros2-wrapper/zed_components' with build type 'ament_cmake'
[1.115s] [34mcolcon.colcon_cmake.task.cmake.build[0m [1;30mINFO[0m Building CMake package in '/home/rm/filter/src/zed-ros2-wrapper/zed_components'
[1.121s] [34mcolcon.colcon_core.plugin_system[0m [1;30mINFO[0m Skipping extension 'colcon_core.shell.bat': Not used on non-Windows systems
[1.122s] [34mcolcon.colcon_core.shell[0m [1;30mINFO[0m Skip shell extension 'powershell' for command environment: Not usable outside of PowerShell
[1.122s] [34mcolcon.colcon_core.shell[0m [1;30mDEBUG[0m [32mSkip shell extension 'dsv' for command environment[0m
[1.143s] [34mcolcon.colcon_ros.task.ament_python.build[0m [1;30mINFO[0m Building ROS package in '/home/rm/filter/src/object_filter_package' with build type 'ament_python'
[1.144s] [34mcolcon.colcon_core.shell[0m [1;30mLevel 1[0m create_environment_hook('object_filter_package', 'ament_prefix_path')
[1.147s] [34mcolcon.colcon_core.shell[0m [1;30mINFO[0m Creating environment hook '/home/rm/filter/install/object_filter_package/share/object_filter_package/hook/ament_prefix_path.ps1'
[1.149s] [34mcolcon.colcon_core.shell[0m [1;30mINFO[0m Creating environment descriptor '/home/rm/filter/install/object_filter_package/share/object_filter_package/hook/ament_prefix_path.dsv'
[1.151s] [34mcolcon.colcon_core.shell[0m [1;30mINFO[0m Creating environment hook '/home/rm/filter/install/object_filter_package/share/object_filter_package/hook/ament_prefix_path.sh'
[1.153s] [34mcolcon.colcon_core.shell[0m [1;30mINFO[0m Skip shell extension 'powershell' for command environment: Not usable outside of PowerShell
[1.153s] [34mcolcon.colcon_core.shell[0m [1;30mDEBUG[0m [32mSkip shell extension 'dsv' for command environment[0m
[1.183s] [34mcolcon.colcon_core.event_handler.log_command[0m [1;30mDEBUG[0m [32mInvoking command in '/home/rm/filter/build/zed_components': CMAKE_PREFIX_PATH=${CMAKE_PREFIX_PATH}:/home/rm/filter/install/object_filter_package:/home/rm/ws_moveit2_2/install/moveit_configs_utils:/home/rm/ws_moveit2_2/install/launch_param_builder:/opt/ros/humble /usr/bin/cmake --build /home/rm/filter/build/zed_components -- -j4 -l4[0m
[1.911s] [34mcolcon.colcon_core.task.python.build[0m [1;30mINFO[0m Building Python package in '/home/rm/filter/src/object_filter_package'
[1.912s] [34mcolcon.colcon_core.shell[0m [1;30mINFO[0m Skip shell extension 'powershell' for command environment: Not usable outside of PowerShell
[1.912s] [34mcolcon.colcon_core.shell[0m [1;30mDEBUG[0m [32mSkip shell extension 'dsv' for command environment[0m
[1.954s] [34mcolcon.colcon_core.event_handler.log_command[0m [1;30mDEBUG[0m [32mInvoked command in '/home/rm/filter/build/zed_components' returned '0': CMAKE_PREFIX_PATH=${CMAKE_PREFIX_PATH}:/home/rm/filter/install/object_filter_package:/home/rm/ws_moveit2_2/install/moveit_configs_utils:/home/rm/ws_moveit2_2/install/launch_param_builder:/opt/ros/humble /usr/bin/cmake --build /home/rm/filter/build/zed_components -- -j4 -l4[0m
[1.988s] [34mcolcon.colcon_core.event_handler.log_command[0m [1;30mDEBUG[0m [32mInvoking command in '/home/rm/filter/build/zed_components': CMAKE_PREFIX_PATH=${CMAKE_PREFIX_PATH}:/home/rm/filter/install/object_filter_package:/home/rm/ws_moveit2_2/install/moveit_configs_utils:/home/rm/ws_moveit2_2/install/launch_param_builder:/opt/ros/humble /usr/bin/cmake --install /home/rm/filter/build/zed_components[0m
[2.022s] [34mcolcon.colcon_core.environment[0m [1;30mLevel 1[0m create_environment_scripts_only(zed_components)
[2.024s] [34mcolcon.colcon_core.event_handler.log_command[0m [1;30mDEBUG[0m [32mInvoked command in '/home/rm/filter/build/zed_components' returned '0': CMAKE_PREFIX_PATH=${CMAKE_PREFIX_PATH}:/home/rm/filter/install/object_filter_package:/home/rm/ws_moveit2_2/install/moveit_configs_utils:/home/rm/ws_moveit2_2/install/launch_param_builder:/opt/ros/humble /usr/bin/cmake --install /home/rm/filter/build/zed_components[0m
[2.031s] [34mcolcon.colcon_core.environment[0m [1;30mLevel 1[0m checking '/home/rm/filter/install/zed_components' for CMake module files
[2.032s] [34mcolcon.colcon_core.environment[0m [1;30mLevel 1[0m checking '/home/rm/filter/install/zed_components' for CMake config files
[2.033s] [34mcolcon.colcon_core.shell[0m [1;30mLevel 1[0m create_environment_hook('zed_components', 'cmake_prefix_path')
[2.034s] [34mcolcon.colcon_core.shell[0m [1;30mINFO[0m Creating environment hook '/home/rm/filter/install/zed_components/share/zed_components/hook/cmake_prefix_path.ps1'
[2.036s] [34mcolcon.colcon_core.shell[0m [1;30mINFO[0m Creating environment descriptor '/home/rm/filter/install/zed_components/share/zed_components/hook/cmake_prefix_path.dsv'
[2.037s] [34mcolcon.colcon_core.shell[0m [1;30mINFO[0m Creating environment hook '/home/rm/filter/install/zed_components/share/zed_components/hook/cmake_prefix_path.sh'
[2.039s] [34mcolcon.colcon_core.environment[0m [1;30mLevel 1[0m checking '/home/rm/filter/install/zed_components/lib'
[2.040s] [34mcolcon.colcon_core.shell[0m [1;30mLevel 1[0m create_environment_hook('zed_components', 'ld_library_path_lib')
[2.040s] [34mcolcon.colcon_core.shell[0m [1;30mINFO[0m Creating environment hook '/home/rm/filter/install/zed_components/share/zed_components/hook/ld_library_path_lib.ps1'
[2.041s] [34mcolcon.colcon_core.shell[0m [1;30mINFO[0m Creating environment descriptor '/home/rm/filter/install/zed_components/share/zed_components/hook/ld_library_path_lib.dsv'
[2.042s] [34mcolcon.colcon_core.shell[0m [1;30mINFO[0m Creating environment hook '/home/rm/filter/install/zed_components/share/zed_components/hook/ld_library_path_lib.sh'
[2.043s] [34mcolcon.colcon_core.environment[0m [1;30mLevel 1[0m checking '/home/rm/filter/install/zed_components/bin'
[2.044s] [34mcolcon.colcon_core.environment[0m [1;30mLevel 1[0m checking '/home/rm/filter/install/zed_components/lib/pkgconfig/zed_components.pc'
[2.044s] [34mcolcon.colcon_core.environment[0m [1;30mLevel 1[0m checking '/home/rm/filter/install/zed_components/lib/python3.10/site-packages'
[2.045s] [34mcolcon.colcon_core.environment[0m [1;30mLevel 1[0m checking '/home/rm/filter/install/zed_components/bin'
[2.046s] [34mcolcon.colcon_core.shell[0m [1;30mINFO[0m Creating package script '/home/rm/filter/install/zed_components/share/zed_components/package.ps1'
[2.049s] [34mcolcon.colcon_core.shell[0m [1;30mINFO[0m Creating package descriptor '/home/rm/filter/install/zed_components/share/zed_components/package.dsv'
[2.051s] [34mcolcon.colcon_core.shell[0m [1;30mINFO[0m Creating package script '/home/rm/filter/install/zed_components/share/zed_components/package.sh'
[2.052s] [34mcolcon.colcon_core.shell[0m [1;30mINFO[0m Creating package script '/home/rm/filter/install/zed_components/share/zed_components/package.bash'
[2.055s] [34mcolcon.colcon_core.shell[0m [1;30mINFO[0m Creating package script '/home/rm/filter/install/zed_components/share/zed_components/package.zsh'
[2.057s] [34mcolcon.colcon_core.environment[0m [1;30mLevel 1[0m create_file_with_runtime_dependencies(/home/rm/filter/install/zed_components/share/colcon-core/packages/zed_components)
[2.058s] [34mcolcon.colcon_core.environment[0m [1;30mLevel 1[0m create_environment_scripts_only(zed_components)
[2.059s] [34mcolcon.colcon_core.environment[0m [1;30mLevel 1[0m checking '/home/rm/filter/install/zed_components' for CMake module files
[2.062s] [34mcolcon.colcon_core.environment[0m [1;30mLevel 1[0m checking '/home/rm/filter/install/zed_components' for CMake config files
[2.062s] [34mcolcon.colcon_core.shell[0m [1;30mLevel 1[0m create_environment_hook('zed_components', 'cmake_prefix_path')
[2.063s] [34mcolcon.colcon_core.shell[0m [1;30mINFO[0m Creating environment hook '/home/rm/filter/install/zed_components/share/zed_components/hook/cmake_prefix_path.ps1'
[2.065s] [34mcolcon.colcon_core.shell[0m [1;30mINFO[0m Creating environment descriptor '/home/rm/filter/install/zed_components/share/zed_components/hook/cmake_prefix_path.dsv'
[2.066s] [34mcolcon.colcon_core.shell[0m [1;30mINFO[0m Creating environment hook '/home/rm/filter/install/zed_components/share/zed_components/hook/cmake_prefix_path.sh'
[2.067s] [34mcolcon.colcon_core.environment[0m [1;30mLevel 1[0m checking '/home/rm/filter/install/zed_components/lib'
[2.068s] [34mcolcon.colcon_core.shell[0m [1;30mLevel 1[0m create_environment_hook('zed_components', 'ld_library_path_lib')
[2.068s] [34mcolcon.colcon_core.shell[0m [1;30mINFO[0m Creating environment hook '/home/rm/filter/install/zed_components/share/zed_components/hook/ld_library_path_lib.ps1'
[2.070s] [34mcolcon.colcon_core.shell[0m [1;30mINFO[0m Creating environment descriptor '/home/rm/filter/install/zed_components/share/zed_components/hook/ld_library_path_lib.dsv'
[2.070s] [34mcolcon.colcon_core.shell[0m [1;30mINFO[0m Creating environment hook '/home/rm/filter/install/zed_components/share/zed_components/hook/ld_library_path_lib.sh'
[2.071s] [34mcolcon.colcon_core.environment[0m [1;30mLevel 1[0m checking '/home/rm/filter/install/zed_components/bin'
[2.072s] [34mcolcon.colcon_core.environment[0m [1;30mLevel 1[0m checking '/home/rm/filter/install/zed_components/lib/pkgconfig/zed_components.pc'
[2.072s] [34mcolcon.colcon_core.environment[0m [1;30mLevel 1[0m checking '/home/rm/filter/install/zed_components/lib/python3.10/site-packages'
[2.073s] [34mcolcon.colcon_core.environment[0m [1;30mLevel 1[0m checking '/home/rm/filter/install/zed_components/bin'
[2.073s] [34mcolcon.colcon_core.shell[0m [1;30mINFO[0m Creating package script '/home/rm/filter/install/zed_components/share/zed_components/package.ps1'
[2.075s] [34mcolcon.colcon_core.shell[0m [1;30mINFO[0m Creating package descriptor '/home/rm/filter/install/zed_components/share/zed_components/package.dsv'
[2.076s] [34mcolcon.colcon_core.shell[0m [1;30mINFO[0m Creating package script '/home/rm/filter/install/zed_components/share/zed_components/package.sh'
[2.077s] [34mcolcon.colcon_core.shell[0m [1;30mINFO[0m Creating package script '/home/rm/filter/install/zed_components/share/zed_components/package.bash'
[2.078s] [34mcolcon.colcon_core.shell[0m [1;30mINFO[0m Creating package script '/home/rm/filter/install/zed_components/share/zed_components/package.zsh'
[2.079s] [34mcolcon.colcon_core.environment[0m [1;30mLevel 1[0m create_file_with_runtime_dependencies(/home/rm/filter/install/zed_components/share/colcon-core/packages/zed_components)
[2.082s] [34mcolcon.colcon_ros.task.ament_cmake.build[0m [1;30mINFO[0m Building ROS package in '/home/rm/filter/src/zed-ros2-wrapper/zed_wrapper' with build type 'ament_cmake'
[2.082s] [34mcolcon.colcon_cmake.task.cmake.build[0m [1;30mINFO[0m Building CMake package in '/home/rm/filter/src/zed-ros2-wrapper/zed_wrapper'
[2.083s] [34mcolcon.colcon_core.shell[0m [1;30mINFO[0m Skip shell extension 'powershell' for command environment: Not usable outside of PowerShell
[2.083s] [34mcolcon.colcon_core.shell[0m [1;30mDEBUG[0m [32mSkip shell extension 'dsv' for command environment[0m
[2.131s] [34mcolcon.colcon_core.event_handler.log_command[0m [1;30mDEBUG[0m [32mInvoking command in '/home/rm/filter/build/zed_wrapper': CMAKE_PREFIX_PATH=/home/rm/filter/install/zed_components:/home/rm/filter/install/zed_ros2:/home/rm/filter/install/zed_wrapper:/home/rm/ws_moveit2_2/install/pick_and_place:/home/rm/ws_moveit2_2/install/robo_moveit_config:/home/rm/ws_moveit2_2/install/pilz_industrial_motion_planner_testutils:/home/rm/ws_moveit2_2/install/moveit_runtime:/home/rm/ws_moveit2_2/install/moveit2_tutorials:/home/rm/ws_moveit2_2/install/moveit:/home/rm/ws_moveit2_2/install/moveit_planners:/home/rm/ws_moveit2_2/install/pilz_industrial_motion_planner:/home/rm/ws_moveit2_2/install/moveit_visual_tools:/home/rm/ws_moveit2_2/install/moveit_task_constructor_visualization:/home/rm/ws_moveit2_2/install/moveit_task_constructor_demo:/home/rm/ws_moveit2_2/install/moveit_task_constructor_capabilities:/home/rm/ws_moveit2_2/install/moveit_task_constructor_core:/home/rm/ws_moveit2_2/install/moveit_ros_control_interface:/home/rm/ws_moveit2_2/install/moveit_plugins:/home/rm/ws_moveit2_2/install/moveit_simple_controller_manager:/home/rm/ws_moveit2_2/install/moveit_setup_assistant:/home/rm/ws_moveit2_2/install/moveit_setup_srdf_plugins:/home/rm/ws_moveit2_2/install/moveit_setup_core_plugins:/home/rm/ws_moveit2_2/install/moveit_setup_controllers:/home/rm/ws_moveit2_2/install/moveit_setup_app_plugins:/home/rm/ws_moveit2_2/install/moveit_setup_framework:/home/rm/ws_moveit2_2/install/moveit_servo:/home/rm/ws_moveit2_2/install/moveit_ros:/home/rm/ws_moveit2_2/install/moveit_ros_visualization:/home/rm/ws_moveit2_2/install/moveit_hybrid_planning:/home/rm/ws_moveit2_2/install/moveit_ros_planning_interface:/home/rm/ws_moveit2_2/install/moveit_ros_benchmarks:/home/rm/ws_moveit2_2/install/moveit_ros_warehouse:/home/rm/ws_moveit2_2/install/moveit_ros_robot_interaction:/home/rm/ws_moveit2_2/install/moveit_ros_perception:/home/rm/ws_moveit2_2/install/moveit_resources_prbt_pg70_support:/home/rm/ws_moveit2_2/install/moveit_resources_prbt_moveit_config:/home/rm/ws_moveit2_2/install/moveit_ros_move_group:/home/rm/ws_moveit2_2/install/moveit_planners_ompl:/home/rm/ws_moveit2_2/install/moveit_ros_planning:/home/rm/ws_moveit2_2/install/moveit_ros_occupancy_map_monitor:/home/rm/ws_moveit2_2/install/moveit_resources_prbt_ikfast_manipulator_plugin:/home/rm/ws_moveit2_2/install/moveit_planners_chomp:/home/rm/ws_moveit2_2/install/moveit_kinematics:/home/rm/ws_moveit2_2/install/moveit_chomp_optimizer_adapter:/home/rm/ws_moveit2_2/install/chomp_motion_planner:/home/rm/ws_moveit2_2/install/moveit_core:/home/rm/ws_moveit2_2/install/srdfdom:/home/rm/ws_moveit2_2/install/rviz_marker_tools:/home/rm/ws_moveit2_2/install/rosparam_shortcuts:/home/rm/ws_moveit2_2/install/moveit_task_constructor_msgs:/home/rm/ws_moveit2_2/install/moveit_resources_prbt_support:/home/rm/ws_moveit2_2/install/moveit_resources:/home/rm/ws_moveit2_2/install/moveit_resources_pr2_description:/home/rm/ws_moveit2_2/install/moveit_resources_panda_moveit_config:/home/rm/ws_moveit2_2/install/moveit_resources_panda_description:/home/rm/ws_moveit2_2/install/moveit_resources_fanuc_moveit_config:/home/rm/ws_moveit2_2/install/moveit_resources_fanuc_description:/home/rm/ws_moveit2_2/install/moveit_common:/home/rm/ws_moveit2_2/install/arm_urdf:/home/rm/zed_ws/install/zed_ros2:/home/rm/zed_ws/install/zed_wrapper:/home/rm/zed_ws/install/zed_components:/home/rm/filter/install/object_filter_package:/home/rm/ws_moveit2_2/install/moveit_configs_utils:/home/rm/ws_moveit2_2/install/launch_param_builder:/opt/ros/humble /usr/bin/cmake --build /home/rm/filter/build/zed_wrapper -- -j4 -l4[0m
[2.309s] [34mcolcon.colcon_core.event_handler.log_command[0m [1;30mDEBUG[0m [32mInvoked command in '/home/rm/filter/build/zed_wrapper' returned '0': CMAKE_PREFIX_PATH=/home/rm/filter/install/zed_components:/home/rm/filter/install/zed_ros2:/home/rm/filter/install/zed_wrapper:/home/rm/ws_moveit2_2/install/pick_and_place:/home/rm/ws_moveit2_2/install/robo_moveit_config:/home/rm/ws_moveit2_2/install/pilz_industrial_motion_planner_testutils:/home/rm/ws_moveit2_2/install/moveit_runtime:/home/rm/ws_moveit2_2/install/moveit2_tutorials:/home/rm/ws_moveit2_2/install/moveit:/home/rm/ws_moveit2_2/install/moveit_planners:/home/rm/ws_moveit2_2/install/pilz_industrial_motion_planner:/home/rm/ws_moveit2_2/install/moveit_visual_tools:/home/rm/ws_moveit2_2/install/moveit_task_constructor_visualization:/home/rm/ws_moveit2_2/install/moveit_task_constructor_demo:/home/rm/ws_moveit2_2/install/moveit_task_constructor_capabilities:/home/rm/ws_moveit2_2/install/moveit_task_constructor_core:/home/rm/ws_moveit2_2/install/moveit_ros_control_interface:/home/rm/ws_moveit2_2/install/moveit_plugins:/home/rm/ws_moveit2_2/install/moveit_simple_controller_manager:/home/rm/ws_moveit2_2/install/moveit_setup_assistant:/home/rm/ws_moveit2_2/install/moveit_setup_srdf_plugins:/home/rm/ws_moveit2_2/install/moveit_setup_core_plugins:/home/rm/ws_moveit2_2/install/moveit_setup_controllers:/home/rm/ws_moveit2_2/install/moveit_setup_app_plugins:/home/rm/ws_moveit2_2/install/moveit_setup_framework:/home/rm/ws_moveit2_2/install/moveit_servo:/home/rm/ws_moveit2_2/install/moveit_ros:/home/rm/ws_moveit2_2/install/moveit_ros_visualization:/home/rm/ws_moveit2_2/install/moveit_hybrid_planning:/home/rm/ws_moveit2_2/install/moveit_ros_planning_interface:/home/rm/ws_moveit2_2/install/moveit_ros_benchmarks:/home/rm/ws_moveit2_2/install/moveit_ros_warehouse:/home/rm/ws_moveit2_2/install/moveit_ros_robot_interaction:/home/rm/ws_moveit2_2/install/moveit_ros_perception:/home/rm/ws_moveit2_2/install/moveit_resources_prbt_pg70_support:/home/rm/ws_moveit2_2/install/moveit_resources_prbt_moveit_config:/home/rm/ws_moveit2_2/install/moveit_ros_move_group:/home/rm/ws_moveit2_2/install/moveit_planners_ompl:/home/rm/ws_moveit2_2/install/moveit_ros_planning:/home/rm/ws_moveit2_2/install/moveit_ros_occupancy_map_monitor:/home/rm/ws_moveit2_2/install/moveit_resources_prbt_ikfast_manipulator_plugin:/home/rm/ws_moveit2_2/install/moveit_planners_chomp:/home/rm/ws_moveit2_2/install/moveit_kinematics:/home/rm/ws_moveit2_2/install/moveit_chomp_optimizer_adapter:/home/rm/ws_moveit2_2/install/chomp_motion_planner:/home/rm/ws_moveit2_2/install/moveit_core:/home/rm/ws_moveit2_2/install/srdfdom:/home/rm/ws_moveit2_2/install/rviz_marker_tools:/home/rm/ws_moveit2_2/install/rosparam_shortcuts:/home/rm/ws_moveit2_2/install/moveit_task_constructor_msgs:/home/rm/ws_moveit2_2/install/moveit_resources_prbt_support:/home/rm/ws_moveit2_2/install/moveit_resources:/home/rm/ws_moveit2_2/install/moveit_resources_pr2_description:/home/rm/ws_moveit2_2/install/moveit_resources_panda_moveit_config:/home/rm/ws_moveit2_2/install/moveit_resources_panda_description:/home/rm/ws_moveit2_2/install/moveit_resources_fanuc_moveit_config:/home/rm/ws_moveit2_2/install/moveit_resources_fanuc_description:/home/rm/ws_moveit2_2/install/moveit_common:/home/rm/ws_moveit2_2/install/arm_urdf:/home/rm/zed_ws/install/zed_ros2:/home/rm/zed_ws/install/zed_wrapper:/home/rm/zed_ws/install/zed_components:/home/rm/filter/install/object_filter_package:/home/rm/ws_moveit2_2/install/moveit_configs_utils:/home/rm/ws_moveit2_2/install/launch_param_builder:/opt/ros/humble /usr/bin/cmake --build /home/rm/filter/build/zed_wrapper -- -j4 -l4[0m
[2.313s] [34mcolcon.colcon_core.event_handler.log_command[0m [1;30mDEBUG[0m [32mInvoking command in '/home/rm/filter/build/zed_wrapper': CMAKE_PREFIX_PATH=/home/rm/filter/install/zed_components:/home/rm/filter/install/zed_ros2:/home/rm/filter/install/zed_wrapper:/home/rm/ws_moveit2_2/install/pick_and_place:/home/rm/ws_moveit2_2/install/robo_moveit_config:/home/rm/ws_moveit2_2/install/pilz_industrial_motion_planner_testutils:/home/rm/ws_moveit2_2/install/moveit_runtime:/home/rm/ws_moveit2_2/install/moveit2_tutorials:/home/rm/ws_moveit2_2/install/moveit:/home/rm/ws_moveit2_2/install/moveit_planners:/home/rm/ws_moveit2_2/install/pilz_industrial_motion_planner:/home/rm/ws_moveit2_2/install/moveit_visual_tools:/home/rm/ws_moveit2_2/install/moveit_task_constructor_visualization:/home/rm/ws_moveit2_2/install/moveit_task_constructor_demo:/home/rm/ws_moveit2_2/install/moveit_task_constructor_capabilities:/home/rm/ws_moveit2_2/install/moveit_task_constructor_core:/home/rm/ws_moveit2_2/install/moveit_ros_control_interface:/home/rm/ws_moveit2_2/install/moveit_plugins:/home/rm/ws_moveit2_2/install/moveit_simple_controller_manager:/home/rm/ws_moveit2_2/install/moveit_setup_assistant:/home/rm/ws_moveit2_2/install/moveit_setup_srdf_plugins:/home/rm/ws_moveit2_2/install/moveit_setup_core_plugins:/home/rm/ws_moveit2_2/install/moveit_setup_controllers:/home/rm/ws_moveit2_2/install/moveit_setup_app_plugins:/home/rm/ws_moveit2_2/install/moveit_setup_framework:/home/rm/ws_moveit2_2/install/moveit_servo:/home/rm/ws_moveit2_2/install/moveit_ros:/home/rm/ws_moveit2_2/install/moveit_ros_visualization:/home/rm/ws_moveit2_2/install/moveit_hybrid_planning:/home/rm/ws_moveit2_2/install/moveit_ros_planning_interface:/home/rm/ws_moveit2_2/install/moveit_ros_benchmarks:/home/rm/ws_moveit2_2/install/moveit_ros_warehouse:/home/rm/ws_moveit2_2/install/moveit_ros_robot_interaction:/home/rm/ws_moveit2_2/install/moveit_ros_perception:/home/rm/ws_moveit2_2/install/moveit_resources_prbt_pg70_support:/home/rm/ws_moveit2_2/install/moveit_resources_prbt_moveit_config:/home/rm/ws_moveit2_2/install/moveit_ros_move_group:/home/rm/ws_moveit2_2/install/moveit_planners_ompl:/home/rm/ws_moveit2_2/install/moveit_ros_planning:/home/rm/ws_moveit2_2/install/moveit_ros_occupancy_map_monitor:/home/rm/ws_moveit2_2/install/moveit_resources_prbt_ikfast_manipulator_plugin:/home/rm/ws_moveit2_2/install/moveit_planners_chomp:/home/rm/ws_moveit2_2/install/moveit_kinematics:/home/rm/ws_moveit2_2/install/moveit_chomp_optimizer_adapter:/home/rm/ws_moveit2_2/install/chomp_motion_planner:/home/rm/ws_moveit2_2/install/moveit_core:/home/rm/ws_moveit2_2/install/srdfdom:/home/rm/ws_moveit2_2/install/rviz_marker_tools:/home/rm/ws_moveit2_2/install/rosparam_shortcuts:/home/rm/ws_moveit2_2/install/moveit_task_constructor_msgs:/home/rm/ws_moveit2_2/install/moveit_resources_prbt_support:/home/rm/ws_moveit2_2/install/moveit_resources:/home/rm/ws_moveit2_2/install/moveit_resources_pr2_description:/home/rm/ws_moveit2_2/install/moveit_resources_panda_moveit_config:/home/rm/ws_moveit2_2/install/moveit_resources_panda_description:/home/rm/ws_moveit2_2/install/moveit_resources_fanuc_moveit_config:/home/rm/ws_moveit2_2/install/moveit_resources_fanuc_description:/home/rm/ws_moveit2_2/install/moveit_common:/home/rm/ws_moveit2_2/install/arm_urdf:/home/rm/zed_ws/install/zed_ros2:/home/rm/zed_ws/install/zed_wrapper:/home/rm/zed_ws/install/zed_components:/home/rm/filter/install/object_filter_package:/home/rm/ws_moveit2_2/install/moveit_configs_utils:/home/rm/ws_moveit2_2/install/launch_param_builder:/opt/ros/humble /usr/bin/cmake --install /home/rm/filter/build/zed_wrapper[0m
[2.352s] [34mcolcon.colcon_core.environment[0m [1;30mLevel 1[0m create_environment_scripts_only(zed_wrapper)
[2.352s] [34mcolcon.colcon_core.environment[0m [1;30mLevel 1[0m checking '/home/rm/filter/install/zed_wrapper' for CMake module files
[2.354s] [34mcolcon.colcon_core.environment[0m [1;30mLevel 1[0m checking '/home/rm/filter/install/zed_wrapper' for CMake config files
[2.354s] [34mcolcon.colcon_core.shell[0m [1;30mLevel 1[0m create_environment_hook('zed_wrapper', 'cmake_prefix_path')
[2.355s] [34mcolcon.colcon_core.shell[0m [1;30mINFO[0m Creating environment hook '/home/rm/filter/install/zed_wrapper/share/zed_wrapper/hook/cmake_prefix_path.ps1'
[2.358s] [34mcolcon.colcon_core.shell[0m [1;30mINFO[0m Creating environment descriptor '/home/rm/filter/install/zed_wrapper/share/zed_wrapper/hook/cmake_prefix_path.dsv'
[2.359s] [34mcolcon.colcon_core.shell[0m [1;30mINFO[0m Creating environment hook '/home/rm/filter/install/zed_wrapper/share/zed_wrapper/hook/cmake_prefix_path.sh'
[2.362s] [34mcolcon.colcon_core.event_handler.log_command[0m [1;30mDEBUG[0m [32mInvoked command in '/home/rm/filter/build/zed_wrapper' returned '0': CMAKE_PREFIX_PATH=/home/rm/filter/install/zed_components:/home/rm/filter/install/zed_ros2:/home/rm/filter/install/zed_wrapper:/home/rm/ws_moveit2_2/install/pick_and_place:/home/rm/ws_moveit2_2/install/robo_moveit_config:/home/rm/ws_moveit2_2/install/pilz_industrial_motion_planner_testutils:/home/rm/ws_moveit2_2/install/moveit_runtime:/home/rm/ws_moveit2_2/install/moveit2_tutorials:/home/rm/ws_moveit2_2/install/moveit:/home/rm/ws_moveit2_2/install/moveit_planners:/home/rm/ws_moveit2_2/install/pilz_industrial_motion_planner:/home/rm/ws_moveit2_2/install/moveit_visual_tools:/home/rm/ws_moveit2_2/install/moveit_task_constructor_visualization:/home/rm/ws_moveit2_2/install/moveit_task_constructor_demo:/home/rm/ws_moveit2_2/install/moveit_task_constructor_capabilities:/home/rm/ws_moveit2_2/install/moveit_task_constructor_core:/home/rm/ws_moveit2_2/install/moveit_ros_control_interface:/home/rm/ws_moveit2_2/install/moveit_plugins:/home/rm/ws_moveit2_2/install/moveit_simple_controller_manager:/home/rm/ws_moveit2_2/install/moveit_setup_assistant:/home/rm/ws_moveit2_2/install/moveit_setup_srdf_plugins:/home/rm/ws_moveit2_2/install/moveit_setup_core_plugins:/home/rm/ws_moveit2_2/install/moveit_setup_controllers:/home/rm/ws_moveit2_2/install/moveit_setup_app_plugins:/home/rm/ws_moveit2_2/install/moveit_setup_framework:/home/rm/ws_moveit2_2/install/moveit_servo:/home/rm/ws_moveit2_2/install/moveit_ros:/home/rm/ws_moveit2_2/install/moveit_ros_visualization:/home/rm/ws_moveit2_2/install/moveit_hybrid_planning:/home/rm/ws_moveit2_2/install/moveit_ros_planning_interface:/home/rm/ws_moveit2_2/install/moveit_ros_benchmarks:/home/rm/ws_moveit2_2/install/moveit_ros_warehouse:/home/rm/ws_moveit2_2/install/moveit_ros_robot_interaction:/home/rm/ws_moveit2_2/install/moveit_ros_perception:/home/rm/ws_moveit2_2/install/moveit_resources_prbt_pg70_support:/home/rm/ws_moveit2_2/install/moveit_resources_prbt_moveit_config:/home/rm/ws_moveit2_2/install/moveit_ros_move_group:/home/rm/ws_moveit2_2/install/moveit_planners_ompl:/home/rm/ws_moveit2_2/install/moveit_ros_planning:/home/rm/ws_moveit2_2/install/moveit_ros_occupancy_map_monitor:/home/rm/ws_moveit2_2/install/moveit_resources_prbt_ikfast_manipulator_plugin:/home/rm/ws_moveit2_2/install/moveit_planners_chomp:/home/rm/ws_moveit2_2/install/moveit_kinematics:/home/rm/ws_moveit2_2/install/moveit_chomp_optimizer_adapter:/home/rm/ws_moveit2_2/install/chomp_motion_planner:/home/rm/ws_moveit2_2/install/moveit_core:/home/rm/ws_moveit2_2/install/srdfdom:/home/rm/ws_moveit2_2/install/rviz_marker_tools:/home/rm/ws_moveit2_2/install/rosparam_shortcuts:/home/rm/ws_moveit2_2/install/moveit_task_constructor_msgs:/home/rm/ws_moveit2_2/install/moveit_resources_prbt_support:/home/rm/ws_moveit2_2/install/moveit_resources:/home/rm/ws_moveit2_2/install/moveit_resources_pr2_description:/home/rm/ws_moveit2_2/install/moveit_resources_panda_moveit_config:/home/rm/ws_moveit2_2/install/moveit_resources_panda_description:/home/rm/ws_moveit2_2/install/moveit_resources_fanuc_moveit_config:/home/rm/ws_moveit2_2/install/moveit_resources_fanuc_description:/home/rm/ws_moveit2_2/install/moveit_common:/home/rm/ws_moveit2_2/install/arm_urdf:/home/rm/zed_ws/install/zed_ros2:/home/rm/zed_ws/install/zed_wrapper:/home/rm/zed_ws/install/zed_components:/home/rm/filter/install/object_filter_package:/home/rm/ws_moveit2_2/install/moveit_configs_utils:/home/rm/ws_moveit2_2/install/launch_param_builder:/opt/ros/humble /usr/bin/cmake --install /home/rm/filter/build/zed_wrapper[0m
[2.362s] [34mcolcon.colcon_core.environment[0m [1;30mLevel 1[0m checking '/home/rm/filter/install/zed_wrapper/bin'
[2.363s] [34mcolcon.colcon_core.environment[0m [1;30mLevel 1[0m checking '/home/rm/filter/install/zed_wrapper/lib/pkgconfig/zed_wrapper.pc'
[2.363s] [34mcolcon.colcon_core.environment[0m [1;30mLevel 1[0m checking '/home/rm/filter/install/zed_wrapper/lib/python3.10/site-packages'
[2.364s] [34mcolcon.colcon_core.environment[0m [1;30mLevel 1[0m checking '/home/rm/filter/install/zed_wrapper/bin'
[2.364s] [34mcolcon.colcon_core.shell[0m [1;30mINFO[0m Creating package script '/home/rm/filter/install/zed_wrapper/share/zed_wrapper/package.ps1'
[2.366s] [34mcolcon.colcon_core.shell[0m [1;30mINFO[0m Creating package descriptor '/home/rm/filter/install/zed_wrapper/share/zed_wrapper/package.dsv'
[2.367s] [34mcolcon.colcon_core.shell[0m [1;30mINFO[0m Creating package script '/home/rm/filter/install/zed_wrapper/share/zed_wrapper/package.sh'
[2.368s] [34mcolcon.colcon_core.shell[0m [1;30mINFO[0m Creating package script '/home/rm/filter/install/zed_wrapper/share/zed_wrapper/package.bash'
[2.369s] [34mcolcon.colcon_core.shell[0m [1;30mINFO[0m Creating package script '/home/rm/filter/install/zed_wrapper/share/zed_wrapper/package.zsh'
[2.370s] [34mcolcon.colcon_core.environment[0m [1;30mLevel 1[0m create_file_with_runtime_dependencies(/home/rm/filter/install/zed_wrapper/share/colcon-core/packages/zed_wrapper)
[2.371s] [34mcolcon.colcon_core.environment[0m [1;30mLevel 1[0m create_environment_scripts_only(zed_wrapper)
[2.372s] [34mcolcon.colcon_core.environment[0m [1;30mLevel 1[0m checking '/home/rm/filter/install/zed_wrapper' for CMake module files
[2.373s] [34mcolcon.colcon_core.environment[0m [1;30mLevel 1[0m checking '/home/rm/filter/install/zed_wrapper' for CMake config files
[2.373s] [34mcolcon.colcon_core.shell[0m [1;30mLevel 1[0m create_environment_hook('zed_wrapper', 'cmake_prefix_path')
[2.374s] [34mcolcon.colcon_core.shell[0m [1;30mINFO[0m Creating environment hook '/home/rm/filter/install/zed_wrapper/share/zed_wrapper/hook/cmake_prefix_path.ps1'
[2.375s] [34mcolcon.colcon_core.shell[0m [1;30mINFO[0m Creating environment descriptor '/home/rm/filter/install/zed_wrapper/share/zed_wrapper/hook/cmake_prefix_path.dsv'
[2.376s] [34mcolcon.colcon_core.shell[0m [1;30mINFO[0m Creating environment hook '/home/rm/filter/install/zed_wrapper/share/zed_wrapper/hook/cmake_prefix_path.sh'
[2.378s] [34mcolcon.colcon_core.environment[0m [1;30mLevel 1[0m checking '/home/rm/filter/install/zed_wrapper/bin'
[2.378s] [34mcolcon.colcon_core.environment[0m [1;30mLevel 1[0m checking '/home/rm/filter/install/zed_wrapper/lib/pkgconfig/zed_wrapper.pc'
[2.378s] [34mcolcon.colcon_core.environment[0m [1;30mLevel 1[0m checking '/home/rm/filter/install/zed_wrapper/lib/python3.10/site-packages'
[2.379s] [34mcolcon.colcon_core.environment[0m [1;30mLevel 1[0m checking '/home/rm/filter/install/zed_wrapper/bin'
[2.380s] [34mcolcon.colcon_core.shell[0m [1;30mINFO[0m Creating package script '/home/rm/filter/install/zed_wrapper/share/zed_wrapper/package.ps1'
[2.381s] [34mcolcon.colcon_core.shell[0m [1;30mINFO[0m Creating package descriptor '/home/rm/filter/install/zed_wrapper/share/zed_wrapper/package.dsv'
[2.384s] [34mcolcon.colcon_core.shell[0m [1;30mINFO[0m Creating package script '/home/rm/filter/install/zed_wrapper/share/zed_wrapper/package.sh'
[2.386s] [34mcolcon.colcon_core.shell[0m [1;30mINFO[0m Creating package script '/home/rm/filter/install/zed_wrapper/share/zed_wrapper/package.bash'
[2.387s] [34mcolcon.colcon_core.shell[0m [1;30mINFO[0m Creating package script '/home/rm/filter/install/zed_wrapper/share/zed_wrapper/package.zsh'
[2.388s] [34mcolcon.colcon_core.environment[0m [1;30mLevel 1[0m create_file_with_runtime_dependencies(/home/rm/filter/install/zed_wrapper/share/colcon-core/packages/zed_wrapper)
[2.390s] [34mcolcon.colcon_ros.task.ament_cmake.build[0m [1;30mINFO[0m Building ROS package in '/home/rm/filter/src/zed-ros2-wrapper/zed_ros2' with build type 'ament_cmake'
[2.390s] [34mcolcon.colcon_cmake.task.cmake.build[0m [1;30mINFO[0m Building CMake package in '/home/rm/filter/src/zed-ros2-wrapper/zed_ros2'
[2.391s] [34mcolcon.colcon_core.shell[0m [1;30mINFO[0m Skip shell extension 'powershell' for command environment: Not usable outside of PowerShell
[2.391s] [34mcolcon.colcon_core.shell[0m [1;30mDEBUG[0m [32mSkip shell extension 'dsv' for command environment[0m
[2.450s] [34mcolcon.colcon_core.event_handler.log_command[0m [1;30mDEBUG[0m [32mInvoking command in '/home/rm/filter/build/zed_ros2': CMAKE_PREFIX_PATH=/home/rm/filter/install/zed_wrapper:/home/rm/filter/install/zed_components:/home/rm/filter/install/zed_ros2:/home/rm/ws_moveit2_2/install/pick_and_place:/home/rm/ws_moveit2_2/install/robo_moveit_config:/home/rm/ws_moveit2_2/install/pilz_industrial_motion_planner_testutils:/home/rm/ws_moveit2_2/install/moveit_runtime:/home/rm/ws_moveit2_2/install/moveit2_tutorials:/home/rm/ws_moveit2_2/install/moveit:/home/rm/ws_moveit2_2/install/moveit_planners:/home/rm/ws_moveit2_2/install/pilz_industrial_motion_planner:/home/rm/ws_moveit2_2/install/moveit_visual_tools:/home/rm/ws_moveit2_2/install/moveit_task_constructor_visualization:/home/rm/ws_moveit2_2/install/moveit_task_constructor_demo:/home/rm/ws_moveit2_2/install/moveit_task_constructor_capabilities:/home/rm/ws_moveit2_2/install/moveit_task_constructor_core:/home/rm/ws_moveit2_2/install/moveit_ros_control_interface:/home/rm/ws_moveit2_2/install/moveit_plugins:/home/rm/ws_moveit2_2/install/moveit_simple_controller_manager:/home/rm/ws_moveit2_2/install/moveit_setup_assistant:/home/rm/ws_moveit2_2/install/moveit_setup_srdf_plugins:/home/rm/ws_moveit2_2/install/moveit_setup_core_plugins:/home/rm/ws_moveit2_2/install/moveit_setup_controllers:/home/rm/ws_moveit2_2/install/moveit_setup_app_plugins:/home/rm/ws_moveit2_2/install/moveit_setup_framework:/home/rm/ws_moveit2_2/install/moveit_servo:/home/rm/ws_moveit2_2/install/moveit_ros:/home/rm/ws_moveit2_2/install/moveit_ros_visualization:/home/rm/ws_moveit2_2/install/moveit_hybrid_planning:/home/rm/ws_moveit2_2/install/moveit_ros_planning_interface:/home/rm/ws_moveit2_2/install/moveit_ros_benchmarks:/home/rm/ws_moveit2_2/install/moveit_ros_warehouse:/home/rm/ws_moveit2_2/install/moveit_ros_robot_interaction:/home/rm/ws_moveit2_2/install/moveit_ros_perception:/home/rm/ws_moveit2_2/install/moveit_resources_prbt_pg70_support:/home/rm/ws_moveit2_2/install/moveit_resources_prbt_moveit_config:/home/rm/ws_moveit2_2/install/moveit_ros_move_group:/home/rm/ws_moveit2_2/install/moveit_planners_ompl:/home/rm/ws_moveit2_2/install/moveit_ros_planning:/home/rm/ws_moveit2_2/install/moveit_ros_occupancy_map_monitor:/home/rm/ws_moveit2_2/install/moveit_resources_prbt_ikfast_manipulator_plugin:/home/rm/ws_moveit2_2/install/moveit_planners_chomp:/home/rm/ws_moveit2_2/install/moveit_kinematics:/home/rm/ws_moveit2_2/install/moveit_chomp_optimizer_adapter:/home/rm/ws_moveit2_2/install/chomp_motion_planner:/home/rm/ws_moveit2_2/install/moveit_core:/home/rm/ws_moveit2_2/install/srdfdom:/home/rm/ws_moveit2_2/install/rviz_marker_tools:/home/rm/ws_moveit2_2/install/rosparam_shortcuts:/home/rm/ws_moveit2_2/install/moveit_task_constructor_msgs:/home/rm/ws_moveit2_2/install/moveit_resources_prbt_support:/home/rm/ws_moveit2_2/install/moveit_resources:/home/rm/ws_moveit2_2/install/moveit_resources_pr2_description:/home/rm/ws_moveit2_2/install/moveit_resources_panda_moveit_config:/home/rm/ws_moveit2_2/install/moveit_resources_panda_description:/home/rm/ws_moveit2_2/install/moveit_resources_fanuc_moveit_config:/home/rm/ws_moveit2_2/install/moveit_resources_fanuc_description:/home/rm/ws_moveit2_2/install/moveit_common:/home/rm/ws_moveit2_2/install/arm_urdf:/home/rm/zed_ws/install/zed_ros2:/home/rm/zed_ws/install/zed_wrapper:/home/rm/zed_ws/install/zed_components:/home/rm/filter/install/object_filter_package:/home/rm/ws_moveit2_2/install/moveit_configs_utils:/home/rm/ws_moveit2_2/install/launch_param_builder:/opt/ros/humble /usr/bin/cmake --build /home/rm/filter/build/zed_ros2 -- -j4 -l4[0m
[2.602s] [34mcolcon.colcon_core.event_handler.log_command[0m [1;30mDEBUG[0m [32mInvoked command in '/home/rm/filter/build/zed_ros2' returned '0': CMAKE_PREFIX_PATH=/home/rm/filter/install/zed_wrapper:/home/rm/filter/install/zed_components:/home/rm/filter/install/zed_ros2:/home/rm/ws_moveit2_2/install/pick_and_place:/home/rm/ws_moveit2_2/install/robo_moveit_config:/home/rm/ws_moveit2_2/install/pilz_industrial_motion_planner_testutils:/home/rm/ws_moveit2_2/install/moveit_runtime:/home/rm/ws_moveit2_2/install/moveit2_tutorials:/home/rm/ws_moveit2_2/install/moveit:/home/rm/ws_moveit2_2/install/moveit_planners:/home/rm/ws_moveit2_2/install/pilz_industrial_motion_planner:/home/rm/ws_moveit2_2/install/moveit_visual_tools:/home/rm/ws_moveit2_2/install/moveit_task_constructor_visualization:/home/rm/ws_moveit2_2/install/moveit_task_constructor_demo:/home/rm/ws_moveit2_2/install/moveit_task_constructor_capabilities:/home/rm/ws_moveit2_2/install/moveit_task_constructor_core:/home/rm/ws_moveit2_2/install/moveit_ros_control_interface:/home/rm/ws_moveit2_2/install/moveit_plugins:/home/rm/ws_moveit2_2/install/moveit_simple_controller_manager:/home/rm/ws_moveit2_2/install/moveit_setup_assistant:/home/rm/ws_moveit2_2/install/moveit_setup_srdf_plugins:/home/rm/ws_moveit2_2/install/moveit_setup_core_plugins:/home/rm/ws_moveit2_2/install/moveit_setup_controllers:/home/rm/ws_moveit2_2/install/moveit_setup_app_plugins:/home/rm/ws_moveit2_2/install/moveit_setup_framework:/home/rm/ws_moveit2_2/install/moveit_servo:/home/rm/ws_moveit2_2/install/moveit_ros:/home/rm/ws_moveit2_2/install/moveit_ros_visualization:/home/rm/ws_moveit2_2/install/moveit_hybrid_planning:/home/rm/ws_moveit2_2/install/moveit_ros_planning_interface:/home/rm/ws_moveit2_2/install/moveit_ros_benchmarks:/home/rm/ws_moveit2_2/install/moveit_ros_warehouse:/home/rm/ws_moveit2_2/install/moveit_ros_robot_interaction:/home/rm/ws_moveit2_2/install/moveit_ros_perception:/home/rm/ws_moveit2_2/install/moveit_resources_prbt_pg70_support:/home/rm/ws_moveit2_2/install/moveit_resources_prbt_moveit_config:/home/rm/ws_moveit2_2/install/moveit_ros_move_group:/home/rm/ws_moveit2_2/install/moveit_planners_ompl:/home/rm/ws_moveit2_2/install/moveit_ros_planning:/home/rm/ws_moveit2_2/install/moveit_ros_occupancy_map_monitor:/home/rm/ws_moveit2_2/install/moveit_resources_prbt_ikfast_manipulator_plugin:/home/rm/ws_moveit2_2/install/moveit_planners_chomp:/home/rm/ws_moveit2_2/install/moveit_kinematics:/home/rm/ws_moveit2_2/install/moveit_chomp_optimizer_adapter:/home/rm/ws_moveit2_2/install/chomp_motion_planner:/home/rm/ws_moveit2_2/install/moveit_core:/home/rm/ws_moveit2_2/install/srdfdom:/home/rm/ws_moveit2_2/install/rviz_marker_tools:/home/rm/ws_moveit2_2/install/rosparam_shortcuts:/home/rm/ws_moveit2_2/install/moveit_task_constructor_msgs:/home/rm/ws_moveit2_2/install/moveit_resources_prbt_support:/home/rm/ws_moveit2_2/install/moveit_resources:/home/rm/ws_moveit2_2/install/moveit_resources_pr2_description:/home/rm/ws_moveit2_2/install/moveit_resources_panda_moveit_config:/home/rm/ws_moveit2_2/install/moveit_resources_panda_description:/home/rm/ws_moveit2_2/install/moveit_resources_fanuc_moveit_config:/home/rm/ws_moveit2_2/install/moveit_resources_fanuc_description:/home/rm/ws_moveit2_2/install/moveit_common:/home/rm/ws_moveit2_2/install/arm_urdf:/home/rm/zed_ws/install/zed_ros2:/home/rm/zed_ws/install/zed_wrapper:/home/rm/zed_ws/install/zed_components:/home/rm/filter/install/object_filter_package:/home/rm/ws_moveit2_2/install/moveit_configs_utils:/home/rm/ws_moveit2_2/install/launch_param_builder:/opt/ros/humble /usr/bin/cmake --build /home/rm/filter/build/zed_ros2 -- -j4 -l4[0m
[2.607s] [34mcolcon.colcon_core.event_handler.log_command[0m [1;30mDEBUG[0m [32mInvoking command in '/home/rm/filter/build/zed_ros2': CMAKE_PREFIX_PATH=/home/rm/filter/install/zed_wrapper:/home/rm/filter/install/zed_components:/home/rm/filter/install/zed_ros2:/home/rm/ws_moveit2_2/install/pick_and_place:/home/rm/ws_moveit2_2/install/robo_moveit_config:/home/rm/ws_moveit2_2/install/pilz_industrial_motion_planner_testutils:/home/rm/ws_moveit2_2/install/moveit_runtime:/home/rm/ws_moveit2_2/install/moveit2_tutorials:/home/rm/ws_moveit2_2/install/moveit:/home/rm/ws_moveit2_2/install/moveit_planners:/home/rm/ws_moveit2_2/install/pilz_industrial_motion_planner:/home/rm/ws_moveit2_2/install/moveit_visual_tools:/home/rm/ws_moveit2_2/install/moveit_task_constructor_visualization:/home/rm/ws_moveit2_2/install/moveit_task_constructor_demo:/home/rm/ws_moveit2_2/install/moveit_task_constructor_capabilities:/home/rm/ws_moveit2_2/install/moveit_task_constructor_core:/home/rm/ws_moveit2_2/install/moveit_ros_control_interface:/home/rm/ws_moveit2_2/install/moveit_plugins:/home/rm/ws_moveit2_2/install/moveit_simple_controller_manager:/home/rm/ws_moveit2_2/install/moveit_setup_assistant:/home/rm/ws_moveit2_2/install/moveit_setup_srdf_plugins:/home/rm/ws_moveit2_2/install/moveit_setup_core_plugins:/home/rm/ws_moveit2_2/install/moveit_setup_controllers:/home/rm/ws_moveit2_2/install/moveit_setup_app_plugins:/home/rm/ws_moveit2_2/install/moveit_setup_framework:/home/rm/ws_moveit2_2/install/moveit_servo:/home/rm/ws_moveit2_2/install/moveit_ros:/home/rm/ws_moveit2_2/install/moveit_ros_visualization:/home/rm/ws_moveit2_2/install/moveit_hybrid_planning:/home/rm/ws_moveit2_2/install/moveit_ros_planning_interface:/home/rm/ws_moveit2_2/install/moveit_ros_benchmarks:/home/rm/ws_moveit2_2/install/moveit_ros_warehouse:/home/rm/ws_moveit2_2/install/moveit_ros_robot_interaction:/home/rm/ws_moveit2_2/install/moveit_ros_perception:/home/rm/ws_moveit2_2/install/moveit_resources_prbt_pg70_support:/home/rm/ws_moveit2_2/install/moveit_resources_prbt_moveit_config:/home/rm/ws_moveit2_2/install/moveit_ros_move_group:/home/rm/ws_moveit2_2/install/moveit_planners_ompl:/home/rm/ws_moveit2_2/install/moveit_ros_planning:/home/rm/ws_moveit2_2/install/moveit_ros_occupancy_map_monitor:/home/rm/ws_moveit2_2/install/moveit_resources_prbt_ikfast_manipulator_plugin:/home/rm/ws_moveit2_2/install/moveit_planners_chomp:/home/rm/ws_moveit2_2/install/moveit_kinematics:/home/rm/ws_moveit2_2/install/moveit_chomp_optimizer_adapter:/home/rm/ws_moveit2_2/install/chomp_motion_planner:/home/rm/ws_moveit2_2/install/moveit_core:/home/rm/ws_moveit2_2/install/srdfdom:/home/rm/ws_moveit2_2/install/rviz_marker_tools:/home/rm/ws_moveit2_2/install/rosparam_shortcuts:/home/rm/ws_moveit2_2/install/moveit_task_constructor_msgs:/home/rm/ws_moveit2_2/install/moveit_resources_prbt_support:/home/rm/ws_moveit2_2/install/moveit_resources:/home/rm/ws_moveit2_2/install/moveit_resources_pr2_description:/home/rm/ws_moveit2_2/install/moveit_resources_panda_moveit_config:/home/rm/ws_moveit2_2/install/moveit_resources_panda_description:/home/rm/ws_moveit2_2/install/moveit_resources_fanuc_moveit_config:/home/rm/ws_moveit2_2/install/moveit_resources_fanuc_description:/home/rm/ws_moveit2_2/install/moveit_common:/home/rm/ws_moveit2_2/install/arm_urdf:/home/rm/zed_ws/install/zed_ros2:/home/rm/zed_ws/install/zed_wrapper:/home/rm/zed_ws/install/zed_components:/home/rm/filter/install/object_filter_package:/home/rm/ws_moveit2_2/install/moveit_configs_utils:/home/rm/ws_moveit2_2/install/launch_param_builder:/opt/ros/humble /usr/bin/cmake --install /home/rm/filter/build/zed_ros2[0m
[2.639s] [34mcolcon.colcon_core.environment[0m [1;30mLevel 1[0m create_environment_scripts_only(zed_ros2)
[2.639s] [34mcolcon.colcon_core.environment[0m [1;30mLevel 1[0m checking '/home/rm/filter/install/zed_ros2' for CMake module files
[2.641s] [34mcolcon.colcon_core.environment[0m [1;30mLevel 1[0m checking '/home/rm/filter/install/zed_ros2' for CMake config files
[2.641s] [34mcolcon.colcon_core.shell[0m [1;30mLevel 1[0m create_environment_hook('zed_ros2', 'cmake_prefix_path')
[2.642s] [34mcolcon.colcon_core.shell[0m [1;30mINFO[0m Creating environment hook '/home/rm/filter/install/zed_ros2/share/zed_ros2/hook/cmake_prefix_path.ps1'
[2.645s] [34mcolcon.colcon_core.event_handler.log_command[0m [1;30mDEBUG[0m [32mInvoked command in '/home/rm/filter/build/zed_ros2' returned '0': CMAKE_PREFIX_PATH=/home/rm/filter/install/zed_wrapper:/home/rm/filter/install/zed_components:/home/rm/filter/install/zed_ros2:/home/rm/ws_moveit2_2/install/pick_and_place:/home/rm/ws_moveit2_2/install/robo_moveit_config:/home/rm/ws_moveit2_2/install/pilz_industrial_motion_planner_testutils:/home/rm/ws_moveit2_2/install/moveit_runtime:/home/rm/ws_moveit2_2/install/moveit2_tutorials:/home/rm/ws_moveit2_2/install/moveit:/home/rm/ws_moveit2_2/install/moveit_planners:/home/rm/ws_moveit2_2/install/pilz_industrial_motion_planner:/home/rm/ws_moveit2_2/install/moveit_visual_tools:/home/rm/ws_moveit2_2/install/moveit_task_constructor_visualization:/home/rm/ws_moveit2_2/install/moveit_task_constructor_demo:/home/rm/ws_moveit2_2/install/moveit_task_constructor_capabilities:/home/rm/ws_moveit2_2/install/moveit_task_constructor_core:/home/rm/ws_moveit2_2/install/moveit_ros_control_interface:/home/rm/ws_moveit2_2/install/moveit_plugins:/home/rm/ws_moveit2_2/install/moveit_simple_controller_manager:/home/rm/ws_moveit2_2/install/moveit_setup_assistant:/home/rm/ws_moveit2_2/install/moveit_setup_srdf_plugins:/home/rm/ws_moveit2_2/install/moveit_setup_core_plugins:/home/rm/ws_moveit2_2/install/moveit_setup_controllers:/home/rm/ws_moveit2_2/install/moveit_setup_app_plugins:/home/rm/ws_moveit2_2/install/moveit_setup_framework:/home/rm/ws_moveit2_2/install/moveit_servo:/home/rm/ws_moveit2_2/install/moveit_ros:/home/rm/ws_moveit2_2/install/moveit_ros_visualization:/home/rm/ws_moveit2_2/install/moveit_hybrid_planning:/home/rm/ws_moveit2_2/install/moveit_ros_planning_interface:/home/rm/ws_moveit2_2/install/moveit_ros_benchmarks:/home/rm/ws_moveit2_2/install/moveit_ros_warehouse:/home/rm/ws_moveit2_2/install/moveit_ros_robot_interaction:/home/rm/ws_moveit2_2/install/moveit_ros_perception:/home/rm/ws_moveit2_2/install/moveit_resources_prbt_pg70_support:/home/rm/ws_moveit2_2/install/moveit_resources_prbt_moveit_config:/home/rm/ws_moveit2_2/install/moveit_ros_move_group:/home/rm/ws_moveit2_2/install/moveit_planners_ompl:/home/rm/ws_moveit2_2/install/moveit_ros_planning:/home/rm/ws_moveit2_2/install/moveit_ros_occupancy_map_monitor:/home/rm/ws_moveit2_2/install/moveit_resources_prbt_ikfast_manipulator_plugin:/home/rm/ws_moveit2_2/install/moveit_planners_chomp:/home/rm/ws_moveit2_2/install/moveit_kinematics:/home/rm/ws_moveit2_2/install/moveit_chomp_optimizer_adapter:/home/rm/ws_moveit2_2/install/chomp_motion_planner:/home/rm/ws_moveit2_2/install/moveit_core:/home/rm/ws_moveit2_2/install/srdfdom:/home/rm/ws_moveit2_2/install/rviz_marker_tools:/home/rm/ws_moveit2_2/install/rosparam_shortcuts:/home/rm/ws_moveit2_2/install/moveit_task_constructor_msgs:/home/rm/ws_moveit2_2/install/moveit_resources_prbt_support:/home/rm/ws_moveit2_2/install/moveit_resources:/home/rm/ws_moveit2_2/install/moveit_resources_pr2_description:/home/rm/ws_moveit2_2/install/moveit_resources_panda_moveit_config:/home/rm/ws_moveit2_2/install/moveit_resources_panda_description:/home/rm/ws_moveit2_2/install/moveit_resources_fanuc_moveit_config:/home/rm/ws_moveit2_2/install/moveit_resources_fanuc_description:/home/rm/ws_moveit2_2/install/moveit_common:/home/rm/ws_moveit2_2/install/arm_urdf:/home/rm/zed_ws/install/zed_ros2:/home/rm/zed_ws/install/zed_wrapper:/home/rm/zed_ws/install/zed_components:/home/rm/filter/install/object_filter_package:/home/rm/ws_moveit2_2/install/moveit_configs_utils:/home/rm/ws_moveit2_2/install/launch_param_builder:/opt/ros/humble /usr/bin/cmake --install /home/rm/filter/build/zed_ros2[0m
[2.651s] [34mcolcon.colcon_core.shell[0m [1;30mINFO[0m Creating environment descriptor '/home/rm/filter/install/zed_ros2/share/zed_ros2/hook/cmake_prefix_path.dsv'
[2.653s] [34mcolcon.colcon_core.shell[0m [1;30mINFO[0m Creating environment hook '/home/rm/filter/install/zed_ros2/share/zed_ros2/hook/cmake_prefix_path.sh'
[2.655s] [34mcolcon.colcon_core.environment[0m [1;30mLevel 1[0m checking '/home/rm/filter/install/zed_ros2/bin'
[2.655s] [34mcolcon.colcon_core.environment[0m [1;30mLevel 1[0m checking '/home/rm/filter/install/zed_ros2/lib/pkgconfig/zed_ros2.pc'
[2.655s] [34mcolcon.colcon_core.environment[0m [1;30mLevel 1[0m checking '/home/rm/filter/install/zed_ros2/lib/python3.10/site-packages'
[2.656s] [34mcolcon.colcon_core.environment[0m [1;30mLevel 1[0m checking '/home/rm/filter/install/zed_ros2/bin'
[2.657s] [34mcolcon.colcon_core.shell[0m [1;30mINFO[0m Creating package script '/home/rm/filter/install/zed_ros2/share/zed_ros2/package.ps1'
[2.658s] [34mcolcon.colcon_core.shell[0m [1;30mINFO[0m Creating package descriptor '/home/rm/filter/install/zed_ros2/share/zed_ros2/package.dsv'
[2.659s] [34mcolcon.colcon_core.shell[0m [1;30mINFO[0m Creating package script '/home/rm/filter/install/zed_ros2/share/zed_ros2/package.sh'
[2.660s] [34mcolcon.colcon_core.shell[0m [1;30mINFO[0m Creating package script '/home/rm/filter/install/zed_ros2/share/zed_ros2/package.bash'
[2.661s] [34mcolcon.colcon_core.shell[0m [1;30mINFO[0m Creating package script '/home/rm/filter/install/zed_ros2/share/zed_ros2/package.zsh'
[2.662s] [34mcolcon.colcon_core.environment[0m [1;30mLevel 1[0m create_file_with_runtime_dependencies(/home/rm/filter/install/zed_ros2/share/colcon-core/packages/zed_ros2)
[2.664s] [34mcolcon.colcon_core.environment[0m [1;30mLevel 1[0m create_environment_scripts_only(zed_ros2)
[2.664s] [34mcolcon.colcon_core.environment[0m [1;30mLevel 1[0m checking '/home/rm/filter/install/zed_ros2' for CMake module files
[2.665s] [34mcolcon.colcon_core.environment[0m [1;30mLevel 1[0m checking '/home/rm/filter/install/zed_ros2' for CMake config files
[2.667s] [34mcolcon.colcon_core.shell[0m [1;30mLevel 1[0m create_environment_hook('zed_ros2', 'cmake_prefix_path')
[2.668s] [34mcolcon.colcon_core.shell[0m [1;30mINFO[0m Creating environment hook '/home/rm/filter/install/zed_ros2/share/zed_ros2/hook/cmake_prefix_path.ps1'
[2.669s] [34mcolcon.colcon_core.shell[0m [1;30mINFO[0m Creating environment descriptor '/home/rm/filter/install/zed_ros2/share/zed_ros2/hook/cmake_prefix_path.dsv'
[2.670s] [34mcolcon.colcon_core.shell[0m [1;30mINFO[0m Creating environment hook '/home/rm/filter/install/zed_ros2/share/zed_ros2/hook/cmake_prefix_path.sh'
[2.671s] [34mcolcon.colcon_core.environment[0m [1;30mLevel 1[0m checking '/home/rm/filter/install/zed_ros2/bin'
[2.671s] [34mcolcon.colcon_core.environment[0m [1;30mLevel 1[0m checking '/home/rm/filter/install/zed_ros2/lib/pkgconfig/zed_ros2.pc'
[2.672s] [34mcolcon.colcon_core.environment[0m [1;30mLevel 1[0m checking '/home/rm/filter/install/zed_ros2/lib/python3.10/site-packages'
[2.672s] [34mcolcon.colcon_core.environment[0m [1;30mLevel 1[0m checking '/home/rm/filter/install/zed_ros2/bin'
[2.673s] [34mcolcon.colcon_core.shell[0m [1;30mINFO[0m Creating package script '/home/rm/filter/install/zed_ros2/share/zed_ros2/package.ps1'
[2.674s] [34mcolcon.colcon_core.shell[0m [1;30mINFO[0m Creating package descriptor '/home/rm/filter/install/zed_ros2/share/zed_ros2/package.dsv'
[2.675s] [34mcolcon.colcon_core.shell[0m [1;30mINFO[0m Creating package script '/home/rm/filter/install/zed_ros2/share/zed_ros2/package.sh'
[2.676s] [34mcolcon.colcon_core.shell[0m [1;30mINFO[0m Creating package script '/home/rm/filter/install/zed_ros2/share/zed_ros2/package.bash'
[2.677s] [34mcolcon.colcon_core.shell[0m [1;30mINFO[0m Creating package script '/home/rm/filter/install/zed_ros2/share/zed_ros2/package.zsh'
[2.678s] [34mcolcon.colcon_core.environment[0m [1;30mLevel 1[0m create_file_with_runtime_dependencies(/home/rm/filter/install/zed_ros2/share/colcon-core/packages/zed_ros2)
[3.211s] [34mcolcon.colcon_core.event_handler.log_command[0m [1;30mDEBUG[0m [32mInvoking command in '/home/rm/filter/src/object_filter_package': PYTHONPATH=/home/rm/filter/build/object_filter_package/prefix_override:/usr/lib/python3/dist-packages/colcon_core/task/python/colcon_distutils_commands:/home/rm/filter/install/object_filter_package/lib/python3.10/site-packages:${PYTHONPATH} /usr/bin/python3 -W ignore:setup.py install is deprecated -W ignore:easy_install command is deprecated setup.py egg_info --egg-base ../../build/object_filter_package build --build-base /home/rm/filter/build/object_filter_package/build install --record /home/rm/filter/build/object_filter_package/install.log --single-version-externally-managed install_data[0m
[3.971s] [34mcolcon.colcon_core.environment[0m [1;30mLevel 1[0m checking '/home/rm/filter/install/object_filter_package' for CMake module files
[3.972s] [34mcolcon.colcon_core.event_handler.log_command[0m [1;30mDEBUG[0m [32mInvoked command in '/home/rm/filter/src/object_filter_package' returned '0': PYTHONPATH=/home/rm/filter/build/object_filter_package/prefix_override:/usr/lib/python3/dist-packages/colcon_core/task/python/colcon_distutils_commands:/home/rm/filter/install/object_filter_package/lib/python3.10/site-packages:${PYTHONPATH} /usr/bin/python3 -W ignore:setup.py install is deprecated -W ignore:easy_install command is deprecated setup.py egg_info --egg-base ../../build/object_filter_package build --build-base /home/rm/filter/build/object_filter_package/build install --record /home/rm/filter/build/object_filter_package/install.log --single-version-externally-managed install_data[0m
[3.974s] [34mcolcon.colcon_core.environment[0m [1;30mLevel 1[0m checking '/home/rm/filter/install/object_filter_package' for CMake config files
[3.976s] [34mcolcon.colcon_core.environment[0m [1;30mLevel 1[0m checking '/home/rm/filter/install/object_filter_package/lib'
[3.977s] [34mcolcon.colcon_core.environment[0m [1;30mLevel 1[0m checking '/home/rm/filter/install/object_filter_package/bin'
[3.977s] [34mcolcon.colcon_core.environment[0m [1;30mLevel 1[0m checking '/home/rm/filter/install/object_filter_package/lib/pkgconfig/object_filter_package.pc'
[3.978s] [34mcolcon.colcon_core.environment[0m [1;30mLevel 1[0m checking '/home/rm/filter/install/object_filter_package/lib/python3.10/site-packages'
[3.978s] [34mcolcon.colcon_core.shell[0m [1;30mLevel 1[0m create_environment_hook('object_filter_package', 'pythonpath')
[3.979s] [34mcolcon.colcon_core.shell[0m [1;30mINFO[0m Creating environment hook '/home/rm/filter/install/object_filter_package/share/object_filter_package/hook/pythonpath.ps1'
[3.981s] [34mcolcon.colcon_core.shell[0m [1;30mINFO[0m Creating environment descriptor '/home/rm/filter/install/object_filter_package/share/object_filter_package/hook/pythonpath.dsv'
[3.983s] [34mcolcon.colcon_core.shell[0m [1;30mINFO[0m Creating environment hook '/home/rm/filter/install/object_filter_package/share/object_filter_package/hook/pythonpath.sh'
[3.986s] [34mcolcon.colcon_core.environment[0m [1;30mLevel 1[0m checking '/home/rm/filter/install/object_filter_package/bin'
[3.986s] [34mcolcon.colcon_core.environment[0m [1;30mLevel 1[0m create_environment_scripts_only(object_filter_package)
[3.987s] [34mcolcon.colcon_core.shell[0m [1;30mINFO[0m Creating package script '/home/rm/filter/install/object_filter_package/share/object_filter_package/package.ps1'
[3.989s] [34mcolcon.colcon_core.shell[0m [1;30mINFO[0m Creating package descriptor '/home/rm/filter/install/object_filter_package/share/object_filter_package/package.dsv'
[3.991s] [34mcolcon.colcon_core.shell[0m [1;30mINFO[0m Creating package script '/home/rm/filter/install/object_filter_package/share/object_filter_package/package.sh'
[3.993s] [34mcolcon.colcon_core.shell[0m [1;30mINFO[0m Creating package script '/home/rm/filter/install/object_filter_package/share/object_filter_package/package.bash'
[3.995s] [34mcolcon.colcon_core.shell[0m [1;30mINFO[0m Creating package script '/home/rm/filter/install/object_filter_package/share/object_filter_package/package.zsh'
[3.996s] [34mcolcon.colcon_core.environment[0m [1;30mLevel 1[0m create_file_with_runtime_dependencies(/home/rm/filter/install/object_filter_package/share/colcon-core/packages/object_filter_package)
[3.997s] [34mcolcon.colcon_parallel_executor.executor.parallel[0m [1;30mDEBUG[0m [32mclosing loop[0m
[3.999s] [34mcolcon.colcon_parallel_executor.executor.parallel[0m [1;30mDEBUG[0m [32mloop closed[0m
[4.000s] [34mcolcon.colcon_parallel_executor.executor.parallel[0m [1;30mDEBUG[0m [32mrun_until_complete finished with '0'[0m
[4.001s] [34mcolcon.colcon_core.event_reactor[0m [1;30mDEBUG[0m [32mjoining thread[0m
[4.025s] [34mcolcon.colcon_core.plugin_system[0m [1;30mINFO[0m Skipping extension 'colcon_notification.desktop_notification.terminal_notifier': Not used on non-Darwin systems
[4.025s] [34mcolcon.colcon_core.plugin_system[0m [1;30mINFO[0m Skipping extension 'colcon_notification.desktop_notification.win32': Not used on non-Windows systems
[4.026s] [34mcolcon.colcon_notification.desktop_notification[0m [1;30mINFO[0m Sending desktop notification using 'notify2'
[4.077s] [34mcolcon.colcon_core.event_reactor[0m [1;30mDEBUG[0m [32mjoined thread[0m
[4.078s] [34mcolcon.colcon_core.shell[0m [1;30mINFO[0m Creating prefix script '/home/rm/filter/install/local_setup.ps1'
[4.081s] [34mcolcon.colcon_core.shell[0m [1;30mINFO[0m Creating prefix util module '/home/rm/filter/install/_local_setup_util_ps1.py'
[4.085s] [34mcolcon.colcon_core.shell[0m [1;30mINFO[0m Creating prefix chain script '/home/rm/filter/install/setup.ps1'
[4.095s] [34mcolcon.colcon_core.shell[0m [1;30mINFO[0m Creating prefix script '/home/rm/filter/install/local_setup.sh'
[4.098s] [34mcolcon.colcon_core.shell[0m [1;30mINFO[0m Creating prefix util module '/home/rm/filter/install/_local_setup_util_sh.py'
[4.099s] [34mcolcon.colcon_core.shell[0m [1;30mINFO[0m Creating prefix chain script '/home/rm/filter/install/setup.sh'
[4.109s] [34mcolcon.colcon_core.shell[0m [1;30mINFO[0m Creating prefix script '/home/rm/filter/install/local_setup.bash'
[4.111s] [34mcolcon.colcon_core.shell[0m [1;30mINFO[0m Creating prefix chain script '/home/rm/filter/install/setup.bash'
[4.120s] [34mcolcon.colcon_core.shell[0m [1;30mINFO[0m Creating prefix script '/home/rm/filter/install/local_setup.zsh'
[4.121s] [34mcolcon.colcon_core.shell[0m [1;30mINFO[0m Creating prefix chain script '/home/rm/filter/install/setup.zsh'
