[0.403s] [34mcolcon[0m [1;30mDEBUG[0m [32mCommand line arguments: ['/usr/bin/colcon', 'build'][0m
[0.404s] [34mcolcon[0m [1;30mDEBUG[0m [32mParsed command line arguments: Namespace(log_base=None, log_level=None, verb_name='build', build_base='build', install_base='install', merge_install=False, symlink_install=False, test_result_base=None, continue_on_error=False, executor='parallel', parallel_workers=4, event_handlers=None, ignore_user_meta=False, metas=['./colcon.meta'], base_paths=['.'], packages_ignore=None, packages_ignore_regex=None, paths=None, packages_up_to=None, packages_up_to_regex=None, packages_above=None, packages_above_and_dependencies=None, packages_above_depth=None, packages_select_by_dep=None, packages_skip_by_dep=None, packages_skip_up_to=None, packages_select_build_failed=False, packages_skip_build_finished=False, packages_select_test_failures=False, packages_skip_test_passed=False, packages_select=None, packages_skip=None, packages_select_regex=None, packages_skip_regex=None, packages_start=None, packages_end=None, allow_overriding=[], cmake_args=None, cmake_target=None, cmake_target_skip_unavailable=False, cmake_clean_cache=False, cmake_clean_first=False, cmake_force_configure=False, ament_cmake_args=None, catkin_cmake_args=None, catkin_skip_building_tests=False, mixin_files=None, mixin=None, verb_parser=<colcon_mixin.mixin.mixin_argument.MixinArgumentDecorator object at 0xffffa277dde0>, verb_extension=<colcon_core.verb.build.BuildVerb object at 0xffffa2936ce0>, main=<bound method BuildVerb.main of <colcon_core.verb.build.BuildVerb object at 0xffffa2936ce0>>, mixin_verb=('build',))[0m
[1.287s] [34mcolcon.colcon_core.package_discovery[0m [1;30mLevel 1[0m discover_packages(colcon_meta) check parameters
[1.288s] [34mcolcon.colcon_core.package_discovery[0m [1;30mLevel 1[0m discover_packages(recursive) check parameters
[1.289s] [34mcolcon.colcon_core.package_discovery[0m [1;30mLevel 1[0m discover_packages(ignore) check parameters
[1.289s] [34mcolcon.colcon_core.package_discovery[0m [1;30mLevel 1[0m discover_packages(path) check parameters
[1.289s] [34mcolcon.colcon_core.package_discovery[0m [1;30mLevel 1[0m discover_packages(colcon_meta) discover
[1.289s] [34mcolcon.colcon_core.package_discovery[0m [1;30mLevel 1[0m discover_packages(recursive) discover
[1.290s] [34mcolcon.colcon_core.package_discovery[0m [1;30mINFO[0m Crawling recursively for packages in '/home/rm/filter'
[1.290s] [34mcolcon.colcon_core.package_identification[0m [1;30mLevel 1[0m _identify(.) by extensions ['ignore', 'ignore_ament_install']
[1.291s] [34mcolcon.colcon_core.package_identification[0m [1;30mLevel 1[0m _identify(.) by extension 'ignore'
[1.291s] [34mcolcon.colcon_core.package_identification[0m [1;30mLevel 1[0m _identify(.) by extension 'ignore_ament_install'
[1.291s] [34mcolcon.colcon_core.package_identification[0m [1;30mLevel 1[0m _identify(.) by extensions ['colcon_pkg']
[1.292s] [34mcolcon.colcon_core.package_identification[0m [1;30mLevel 1[0m _identify(.) by extension 'colcon_pkg'
[1.292s] [34mcolcon.colcon_core.package_identification[0m [1;30mLevel 1[0m _identify(.) by extensions ['colcon_meta']
[1.292s] [34mcolcon.colcon_core.package_identification[0m [1;30mLevel 1[0m _identify(.) by extension 'colcon_meta'
[1.292s] [34mcolcon.colcon_core.package_identification[0m [1;30mLevel 1[0m _identify(.) by extensions ['ros']
[1.292s] [34mcolcon.colcon_core.package_identification[0m [1;30mLevel 1[0m _identify(.) by extension 'ros'
[1.347s] [34mcolcon.colcon_core.package_identification[0m [1;30mLevel 1[0m _identify(.) by extensions ['cmake', 'python']
[1.347s] [34mcolcon.colcon_core.package_identification[0m [1;30mLevel 1[0m _identify(.) by extension 'cmake'
[1.347s] [34mcolcon.colcon_core.package_identification[0m [1;30mLevel 1[0m _identify(.) by extension 'python'
[1.348s] [34mcolcon.colcon_core.package_identification[0m [1;30mLevel 1[0m _identify(.) by extensions ['python_setup_py']
[1.348s] [34mcolcon.colcon_core.package_identification[0m [1;30mLevel 1[0m _identify(.) by extension 'python_setup_py'
[1.348s] [34mcolcon.colcon_core.package_identification[0m [1;30mLevel 1[0m _identify(build) by extensions ['ignore', 'ignore_ament_install']
[1.349s] [34mcolcon.colcon_core.package_identification[0m [1;30mLevel 1[0m _identify(build) by extension 'ignore'
[1.350s] [34mcolcon.colcon_core.package_identification[0m [1;30mLevel 1[0m _identify(build) ignored
[1.351s] [34mcolcon.colcon_core.package_identification[0m [1;30mLevel 1[0m _identify(install) by extensions ['ignore', 'ignore_ament_install']
[1.351s] [34mcolcon.colcon_core.package_identification[0m [1;30mLevel 1[0m _identify(install) by extension 'ignore'
[1.351s] [34mcolcon.colcon_core.package_identification[0m [1;30mLevel 1[0m _identify(install) ignored
[1.352s] [34mcolcon.colcon_core.package_identification[0m [1;30mLevel 1[0m _identify(log) by extensions ['ignore', 'ignore_ament_install']
[1.353s] [34mcolcon.colcon_core.package_identification[0m [1;30mLevel 1[0m _identify(log) by extension 'ignore'
[1.353s] [34mcolcon.colcon_core.package_identification[0m [1;30mLevel 1[0m _identify(log) ignored
[1.353s] [34mcolcon.colcon_core.package_identification[0m [1;30mLevel 1[0m _identify(src) by extensions ['ignore', 'ignore_ament_install']
[1.354s] [34mcolcon.colcon_core.package_identification[0m [1;30mLevel 1[0m _identify(src) by extension 'ignore'
[1.355s] [34mcolcon.colcon_core.package_identification[0m [1;30mLevel 1[0m _identify(src) by extension 'ignore_ament_install'
[1.356s] [34mcolcon.colcon_core.package_identification[0m [1;30mLevel 1[0m _identify(src) by extensions ['colcon_pkg']
[1.356s] [34mcolcon.colcon_core.package_identification[0m [1;30mLevel 1[0m _identify(src) by extension 'colcon_pkg'
[1.356s] [34mcolcon.colcon_core.package_identification[0m [1;30mLevel 1[0m _identify(src) by extensions ['colcon_meta']
[1.356s] [34mcolcon.colcon_core.package_identification[0m [1;30mLevel 1[0m _identify(src) by extension 'colcon_meta'
[1.356s] [34mcolcon.colcon_core.package_identification[0m [1;30mLevel 1[0m _identify(src) by extensions ['ros']
[1.356s] [34mcolcon.colcon_core.package_identification[0m [1;30mLevel 1[0m _identify(src) by extension 'ros'
[1.357s] [34mcolcon.colcon_core.package_identification[0m [1;30mLevel 1[0m _identify(src) by extensions ['cmake', 'python']
[1.357s] [34mcolcon.colcon_core.package_identification[0m [1;30mLevel 1[0m _identify(src) by extension 'cmake'
[1.358s] [34mcolcon.colcon_core.package_identification[0m [1;30mLevel 1[0m _identify(src) by extension 'python'
[1.358s] [34mcolcon.colcon_core.package_identification[0m [1;30mLevel 1[0m _identify(src) by extensions ['python_setup_py']
[1.358s] [34mcolcon.colcon_core.package_identification[0m [1;30mLevel 1[0m _identify(src) by extension 'python_setup_py'
[1.358s] [34mcolcon.colcon_core.package_identification[0m [1;30mLevel 1[0m _identify(src/object_filter_package) by extensions ['ignore', 'ignore_ament_install']
[1.359s] [34mcolcon.colcon_core.package_identification[0m [1;30mLevel 1[0m _identify(src/object_filter_package) by extension 'ignore'
[1.359s] [34mcolcon.colcon_core.package_identification[0m [1;30mLevel 1[0m _identify(src/object_filter_package) by extension 'ignore_ament_install'
[1.360s] [34mcolcon.colcon_core.package_identification[0m [1;30mLevel 1[0m _identify(src/object_filter_package) by extensions ['colcon_pkg']
[1.360s] [34mcolcon.colcon_core.package_identification[0m [1;30mLevel 1[0m _identify(src/object_filter_package) by extension 'colcon_pkg'
[1.360s] [34mcolcon.colcon_core.package_identification[0m [1;30mLevel 1[0m _identify(src/object_filter_package) by extensions ['colcon_meta']
[1.361s] [34mcolcon.colcon_core.package_identification[0m [1;30mLevel 1[0m _identify(src/object_filter_package) by extension 'colcon_meta'
[1.361s] [34mcolcon.colcon_core.package_identification[0m [1;30mLevel 1[0m _identify(src/object_filter_package) by extensions ['ros']
[1.361s] [34mcolcon.colcon_core.package_identification[0m [1;30mLevel 1[0m _identify(src/object_filter_package) by extension 'ros'
[1.433s] [34mcolcon.colcon_core.package_identification[0m [1;30mDEBUG[0m [32mPackage 'src/object_filter_package' with type 'ros.ament_python' and name 'object_filter_package'[0m
[1.435s] [34mcolcon.colcon_core.package_identification[0m [1;30mLevel 1[0m _identify(src/zed-ros2-wrapper) by extensions ['ignore', 'ignore_ament_install']
[1.435s] [34mcolcon.colcon_core.package_identification[0m [1;30mLevel 1[0m _identify(src/zed-ros2-wrapper) by extension 'ignore'
[1.436s] [34mcolcon.colcon_core.package_identification[0m [1;30mLevel 1[0m _identify(src/zed-ros2-wrapper) by extension 'ignore_ament_install'
[1.436s] [34mcolcon.colcon_core.package_identification[0m [1;30mLevel 1[0m _identify(src/zed-ros2-wrapper) by extensions ['colcon_pkg']
[1.436s] [34mcolcon.colcon_core.package_identification[0m [1;30mLevel 1[0m _identify(src/zed-ros2-wrapper) by extension 'colcon_pkg'
[1.437s] [34mcolcon.colcon_core.package_identification[0m [1;30mLevel 1[0m _identify(src/zed-ros2-wrapper) by extensions ['colcon_meta']
[1.437s] [34mcolcon.colcon_core.package_identification[0m [1;30mLevel 1[0m _identify(src/zed-ros2-wrapper) by extension 'colcon_meta'
[1.438s] [34mcolcon.colcon_core.package_identification[0m [1;30mLevel 1[0m _identify(src/zed-ros2-wrapper) by extensions ['ros']
[1.438s] [34mcolcon.colcon_core.package_identification[0m [1;30mLevel 1[0m _identify(src/zed-ros2-wrapper) by extension 'ros'
[1.438s] [34mcolcon.colcon_core.package_identification[0m [1;30mLevel 1[0m _identify(src/zed-ros2-wrapper) by extensions ['cmake', 'python']
[1.438s] [34mcolcon.colcon_core.package_identification[0m [1;30mLevel 1[0m _identify(src/zed-ros2-wrapper) by extension 'cmake'
[1.439s] [34mcolcon.colcon_core.package_identification[0m [1;30mLevel 1[0m _identify(src/zed-ros2-wrapper) by extension 'python'
[1.439s] [34mcolcon.colcon_core.package_identification[0m [1;30mLevel 1[0m _identify(src/zed-ros2-wrapper) by extensions ['python_setup_py']
[1.439s] [34mcolcon.colcon_core.package_identification[0m [1;30mLevel 1[0m _identify(src/zed-ros2-wrapper) by extension 'python_setup_py'
[1.440s] [34mcolcon.colcon_core.package_identification[0m [1;30mLevel 1[0m _identify(src/zed-ros2-wrapper/docker) by extensions ['ignore', 'ignore_ament_install']
[1.440s] [34mcolcon.colcon_core.package_identification[0m [1;30mLevel 1[0m _identify(src/zed-ros2-wrapper/docker) by extension 'ignore'
[1.441s] [34mcolcon.colcon_core.package_identification[0m [1;30mLevel 1[0m _identify(src/zed-ros2-wrapper/docker) by extension 'ignore_ament_install'
[1.441s] [34mcolcon.colcon_core.package_identification[0m [1;30mLevel 1[0m _identify(src/zed-ros2-wrapper/docker) by extensions ['colcon_pkg']
[1.441s] [34mcolcon.colcon_core.package_identification[0m [1;30mLevel 1[0m _identify(src/zed-ros2-wrapper/docker) by extension 'colcon_pkg'
[1.441s] [34mcolcon.colcon_core.package_identification[0m [1;30mLevel 1[0m _identify(src/zed-ros2-wrapper/docker) by extensions ['colcon_meta']
[1.442s] [34mcolcon.colcon_core.package_identification[0m [1;30mLevel 1[0m _identify(src/zed-ros2-wrapper/docker) by extension 'colcon_meta'
[1.442s] [34mcolcon.colcon_core.package_identification[0m [1;30mLevel 1[0m _identify(src/zed-ros2-wrapper/docker) by extensions ['ros']
[1.442s] [34mcolcon.colcon_core.package_identification[0m [1;30mLevel 1[0m _identify(src/zed-ros2-wrapper/docker) by extension 'ros'
[1.443s] [34mcolcon.colcon_core.package_identification[0m [1;30mLevel 1[0m _identify(src/zed-ros2-wrapper/docker) by extensions ['cmake', 'python']
[1.443s] [34mcolcon.colcon_core.package_identification[0m [1;30mLevel 1[0m _identify(src/zed-ros2-wrapper/docker) by extension 'cmake'
[1.444s] [34mcolcon.colcon_core.package_identification[0m [1;30mLevel 1[0m _identify(src/zed-ros2-wrapper/docker) by extension 'python'
[1.444s] [34mcolcon.colcon_core.package_identification[0m [1;30mLevel 1[0m _identify(src/zed-ros2-wrapper/docker) by extensions ['python_setup_py']
[1.444s] [34mcolcon.colcon_core.package_identification[0m [1;30mLevel 1[0m _identify(src/zed-ros2-wrapper/docker) by extension 'python_setup_py'
[1.445s] [34mcolcon.colcon_core.package_identification[0m [1;30mLevel 1[0m _identify(src/zed-ros2-wrapper/images) by extensions ['ignore', 'ignore_ament_install']
[1.445s] [34mcolcon.colcon_core.package_identification[0m [1;30mLevel 1[0m _identify(src/zed-ros2-wrapper/images) by extension 'ignore'
[1.445s] [34mcolcon.colcon_core.package_identification[0m [1;30mLevel 1[0m _identify(src/zed-ros2-wrapper/images) by extension 'ignore_ament_install'
[1.445s] [34mcolcon.colcon_core.package_identification[0m [1;30mLevel 1[0m _identify(src/zed-ros2-wrapper/images) by extensions ['colcon_pkg']
[1.445s] [34mcolcon.colcon_core.package_identification[0m [1;30mLevel 1[0m _identify(src/zed-ros2-wrapper/images) by extension 'colcon_pkg'
[1.446s] [34mcolcon.colcon_core.package_identification[0m [1;30mLevel 1[0m _identify(src/zed-ros2-wrapper/images) by extensions ['colcon_meta']
[1.446s] [34mcolcon.colcon_core.package_identification[0m [1;30mLevel 1[0m _identify(src/zed-ros2-wrapper/images) by extension 'colcon_meta'
[1.446s] [34mcolcon.colcon_core.package_identification[0m [1;30mLevel 1[0m _identify(src/zed-ros2-wrapper/images) by extensions ['ros']
[1.446s] [34mcolcon.colcon_core.package_identification[0m [1;30mLevel 1[0m _identify(src/zed-ros2-wrapper/images) by extension 'ros'
[1.446s] [34mcolcon.colcon_core.package_identification[0m [1;30mLevel 1[0m _identify(src/zed-ros2-wrapper/images) by extensions ['cmake', 'python']
[1.447s] [34mcolcon.colcon_core.package_identification[0m [1;30mLevel 1[0m _identify(src/zed-ros2-wrapper/images) by extension 'cmake'
[1.447s] [34mcolcon.colcon_core.package_identification[0m [1;30mLevel 1[0m _identify(src/zed-ros2-wrapper/images) by extension 'python'
[1.447s] [34mcolcon.colcon_core.package_identification[0m [1;30mLevel 1[0m _identify(src/zed-ros2-wrapper/images) by extensions ['python_setup_py']
[1.447s] [34mcolcon.colcon_core.package_identification[0m [1;30mLevel 1[0m _identify(src/zed-ros2-wrapper/images) by extension 'python_setup_py'
[1.448s] [34mcolcon.colcon_core.package_identification[0m [1;30mLevel 1[0m _identify(src/zed-ros2-wrapper/zed_components) by extensions ['ignore', 'ignore_ament_install']
[1.448s] [34mcolcon.colcon_core.package_identification[0m [1;30mLevel 1[0m _identify(src/zed-ros2-wrapper/zed_components) by extension 'ignore'
[1.449s] [34mcolcon.colcon_core.package_identification[0m [1;30mLevel 1[0m _identify(src/zed-ros2-wrapper/zed_components) by extension 'ignore_ament_install'
[1.449s] [34mcolcon.colcon_core.package_identification[0m [1;30mLevel 1[0m _identify(src/zed-ros2-wrapper/zed_components) by extensions ['colcon_pkg']
[1.449s] [34mcolcon.colcon_core.package_identification[0m [1;30mLevel 1[0m _identify(src/zed-ros2-wrapper/zed_components) by extension 'colcon_pkg'
[1.449s] [34mcolcon.colcon_core.package_identification[0m [1;30mLevel 1[0m _identify(src/zed-ros2-wrapper/zed_components) by extensions ['colcon_meta']
[1.449s] [34mcolcon.colcon_core.package_identification[0m [1;30mLevel 1[0m _identify(src/zed-ros2-wrapper/zed_components) by extension 'colcon_meta'
[1.450s] [34mcolcon.colcon_core.package_identification[0m [1;30mLevel 1[0m _identify(src/zed-ros2-wrapper/zed_components) by extensions ['ros']
[1.450s] [34mcolcon.colcon_core.package_identification[0m [1;30mLevel 1[0m _identify(src/zed-ros2-wrapper/zed_components) by extension 'ros'
[1.455s] [34mcolcon.colcon_core.package_identification[0m [1;30mDEBUG[0m [32mPackage 'src/zed-ros2-wrapper/zed_components' with type 'ros.ament_cmake' and name 'zed_components'[0m
[1.456s] [34mcolcon.colcon_core.package_identification[0m [1;30mLevel 1[0m _identify(src/zed-ros2-wrapper/zed_ros2) by extensions ['ignore', 'ignore_ament_install']
[1.456s] [34mcolcon.colcon_core.package_identification[0m [1;30mLevel 1[0m _identify(src/zed-ros2-wrapper/zed_ros2) by extension 'ignore'
[1.457s] [34mcolcon.colcon_core.package_identification[0m [1;30mLevel 1[0m _identify(src/zed-ros2-wrapper/zed_ros2) by extension 'ignore_ament_install'
[1.457s] [34mcolcon.colcon_core.package_identification[0m [1;30mLevel 1[0m _identify(src/zed-ros2-wrapper/zed_ros2) by extensions ['colcon_pkg']
[1.457s] [34mcolcon.colcon_core.package_identification[0m [1;30mLevel 1[0m _identify(src/zed-ros2-wrapper/zed_ros2) by extension 'colcon_pkg'
[1.457s] [34mcolcon.colcon_core.package_identification[0m [1;30mLevel 1[0m _identify(src/zed-ros2-wrapper/zed_ros2) by extensions ['colcon_meta']
[1.457s] [34mcolcon.colcon_core.package_identification[0m [1;30mLevel 1[0m _identify(src/zed-ros2-wrapper/zed_ros2) by extension 'colcon_meta'
[1.458s] [34mcolcon.colcon_core.package_identification[0m [1;30mLevel 1[0m _identify(src/zed-ros2-wrapper/zed_ros2) by extensions ['ros']
[1.458s] [34mcolcon.colcon_core.package_identification[0m [1;30mLevel 1[0m _identify(src/zed-ros2-wrapper/zed_ros2) by extension 'ros'
[1.462s] [34mcolcon.colcon_core.package_identification[0m [1;30mDEBUG[0m [32mPackage 'src/zed-ros2-wrapper/zed_ros2' with type 'ros.ament_cmake' and name 'zed_ros2'[0m
[1.463s] [34mcolcon.colcon_core.package_identification[0m [1;30mLevel 1[0m _identify(src/zed-ros2-wrapper/zed_wrapper) by extensions ['ignore', 'ignore_ament_install']
[1.463s] [34mcolcon.colcon_core.package_identification[0m [1;30mLevel 1[0m _identify(src/zed-ros2-wrapper/zed_wrapper) by extension 'ignore'
[1.463s] [34mcolcon.colcon_core.package_identification[0m [1;30mLevel 1[0m _identify(src/zed-ros2-wrapper/zed_wrapper) by extension 'ignore_ament_install'
[1.464s] [34mcolcon.colcon_core.package_identification[0m [1;30mLevel 1[0m _identify(src/zed-ros2-wrapper/zed_wrapper) by extensions ['colcon_pkg']
[1.464s] [34mcolcon.colcon_core.package_identification[0m [1;30mLevel 1[0m _identify(src/zed-ros2-wrapper/zed_wrapper) by extension 'colcon_pkg'
[1.464s] [34mcolcon.colcon_core.package_identification[0m [1;30mLevel 1[0m _identify(src/zed-ros2-wrapper/zed_wrapper) by extensions ['colcon_meta']
[1.464s] [34mcolcon.colcon_core.package_identification[0m [1;30mLevel 1[0m _identify(src/zed-ros2-wrapper/zed_wrapper) by extension 'colcon_meta'
[1.465s] [34mcolcon.colcon_core.package_identification[0m [1;30mLevel 1[0m _identify(src/zed-ros2-wrapper/zed_wrapper) by extensions ['ros']
[1.465s] [34mcolcon.colcon_core.package_identification[0m [1;30mLevel 1[0m _identify(src/zed-ros2-wrapper/zed_wrapper) by extension 'ros'
[1.468s] [34mcolcon.colcon_core.package_identification[0m [1;30mDEBUG[0m [32mPackage 'src/zed-ros2-wrapper/zed_wrapper' with type 'ros.ament_cmake' and name 'zed_wrapper'[0m
[1.469s] [34mcolcon.colcon_core.package_discovery[0m [1;30mLevel 1[0m discover_packages(recursive) using defaults
[1.469s] [34mcolcon.colcon_core.package_discovery[0m [1;30mLevel 1[0m discover_packages(ignore) discover
[1.469s] [34mcolcon.colcon_core.package_discovery[0m [1;30mLevel 1[0m discover_packages(ignore) using defaults
[1.469s] [34mcolcon.colcon_core.package_discovery[0m [1;30mLevel 1[0m discover_packages(path) discover
[1.469s] [34mcolcon.colcon_core.package_discovery[0m [1;30mLevel 1[0m discover_packages(path) using defaults
[1.547s] [34mcolcon.colcon_core.package_discovery[0m [1;30mLevel 1[0m discover_packages(prefix_path) check parameters
[1.547s] [34mcolcon.colcon_core.package_discovery[0m [1;30mLevel 1[0m discover_packages(prefix_path) discover
[1.569s] [34mcolcon.colcon_installed_package_information.package_discovery[0m [1;30mDEBUG[0m [32mFound 4 installed packages in /home/rm/filter/install[0m
[1.571s] [34mcolcon.colcon_installed_package_information.package_discovery[0m [1;30mDEBUG[0m [32mFound 3 installed packages in /home/rm/zed_ws/install[0m
[1.579s] [34mcolcon.colcon_installed_package_information.package_discovery[0m [1;30mDEBUG[0m [32mFound 58 installed packages in /home/rm/ws_moveit2_2/install[0m
[1.586s] [34mcolcon.colcon_installed_package_information.package_discovery[0m [1;30mDEBUG[0m [32mFound 372 installed packages in /opt/ros/humble[0m
[1.594s] [34mcolcon.colcon_core.package_discovery[0m [1;30mLevel 1[0m discover_packages(prefix_path) using defaults
[1.885s] [34mcolcon.colcon_core.verb[0m [1;30mLevel 5[0m set package 'object_filter_package' build argument 'cmake_args' from command line to 'None'
[1.886s] [34mcolcon.colcon_core.verb[0m [1;30mLevel 5[0m set package 'object_filter_package' build argument 'cmake_target' from command line to 'None'
[1.886s] [34mcolcon.colcon_core.verb[0m [1;30mLevel 5[0m set package 'object_filter_package' build argument 'cmake_target_skip_unavailable' from command line to 'False'
[1.886s] [34mcolcon.colcon_core.verb[0m [1;30mLevel 5[0m set package 'object_filter_package' build argument 'cmake_clean_cache' from command line to 'False'
[1.886s] [34mcolcon.colcon_core.verb[0m [1;30mLevel 5[0m set package 'object_filter_package' build argument 'cmake_clean_first' from command line to 'False'
[1.886s] [34mcolcon.colcon_core.verb[0m [1;30mLevel 5[0m set package 'object_filter_package' build argument 'cmake_force_configure' from command line to 'False'
[1.886s] [34mcolcon.colcon_core.verb[0m [1;30mLevel 5[0m set package 'object_filter_package' build argument 'ament_cmake_args' from command line to 'None'
[1.886s] [34mcolcon.colcon_core.verb[0m [1;30mLevel 5[0m set package 'object_filter_package' build argument 'catkin_cmake_args' from command line to 'None'
[1.886s] [34mcolcon.colcon_core.verb[0m [1;30mLevel 5[0m set package 'object_filter_package' build argument 'catkin_skip_building_tests' from command line to 'False'
[1.887s] [34mcolcon.colcon_core.verb[0m [1;30mDEBUG[0m [32mBuilding package 'object_filter_package' with the following arguments: {'ament_cmake_args': None, 'build_base': '/home/rm/filter/build/object_filter_package', 'catkin_cmake_args': None, 'catkin_skip_building_tests': False, 'cmake_args': None, 'cmake_clean_cache': False, 'cmake_clean_first': False, 'cmake_force_configure': False, 'cmake_target': None, 'cmake_target_skip_unavailable': False, 'install_base': '/home/rm/filter/install/object_filter_package', 'merge_install': False, 'path': '/home/rm/filter/src/object_filter_package', 'symlink_install': False, 'test_result_base': None}[0m
[1.888s] [34mcolcon.colcon_core.verb[0m [1;30mLevel 5[0m set package 'zed_components' build argument 'cmake_args' from command line to 'None'
[1.888s] [34mcolcon.colcon_core.verb[0m [1;30mLevel 5[0m set package 'zed_components' build argument 'cmake_target' from command line to 'None'
[1.888s] [34mcolcon.colcon_core.verb[0m [1;30mLevel 5[0m set package 'zed_components' build argument 'cmake_target_skip_unavailable' from command line to 'False'
[1.888s] [34mcolcon.colcon_core.verb[0m [1;30mLevel 5[0m set package 'zed_components' build argument 'cmake_clean_cache' from command line to 'False'
[1.888s] [34mcolcon.colcon_core.verb[0m [1;30mLevel 5[0m set package 'zed_components' build argument 'cmake_clean_first' from command line to 'False'
[1.888s] [34mcolcon.colcon_core.verb[0m [1;30mLevel 5[0m set package 'zed_components' build argument 'cmake_force_configure' from command line to 'False'
[1.888s] [34mcolcon.colcon_core.verb[0m [1;30mLevel 5[0m set package 'zed_components' build argument 'ament_cmake_args' from command line to 'None'
[1.888s] [34mcolcon.colcon_core.verb[0m [1;30mLevel 5[0m set package 'zed_components' build argument 'catkin_cmake_args' from command line to 'None'
[1.888s] [34mcolcon.colcon_core.verb[0m [1;30mLevel 5[0m set package 'zed_components' build argument 'catkin_skip_building_tests' from command line to 'False'
[1.888s] [34mcolcon.colcon_core.verb[0m [1;30mDEBUG[0m [32mBuilding package 'zed_components' with the following arguments: {'ament_cmake_args': None, 'build_base': '/home/rm/filter/build/zed_components', 'catkin_cmake_args': None, 'catkin_skip_building_tests': False, 'cmake_args': None, 'cmake_clean_cache': False, 'cmake_clean_first': False, 'cmake_force_configure': False, 'cmake_target': None, 'cmake_target_skip_unavailable': False, 'install_base': '/home/rm/filter/install/zed_components', 'merge_install': False, 'path': '/home/rm/filter/src/zed-ros2-wrapper/zed_components', 'symlink_install': False, 'test_result_base': None}[0m
[1.890s] [34mcolcon.colcon_core.verb[0m [1;30mLevel 5[0m set package 'zed_wrapper' build argument 'cmake_args' from command line to 'None'
[1.890s] [34mcolcon.colcon_core.verb[0m [1;30mLevel 5[0m set package 'zed_wrapper' build argument 'cmake_target' from command line to 'None'
[1.890s] [34mcolcon.colcon_core.verb[0m [1;30mLevel 5[0m set package 'zed_wrapper' build argument 'cmake_target_skip_unavailable' from command line to 'False'
[1.890s] [34mcolcon.colcon_core.verb[0m [1;30mLevel 5[0m set package 'zed_wrapper' build argument 'cmake_clean_cache' from command line to 'False'
[1.890s] [34mcolcon.colcon_core.verb[0m [1;30mLevel 5[0m set package 'zed_wrapper' build argument 'cmake_clean_first' from command line to 'False'
[1.890s] [34mcolcon.colcon_core.verb[0m [1;30mLevel 5[0m set package 'zed_wrapper' build argument 'cmake_force_configure' from command line to 'False'
[1.890s] [34mcolcon.colcon_core.verb[0m [1;30mLevel 5[0m set package 'zed_wrapper' build argument 'ament_cmake_args' from command line to 'None'
[1.890s] [34mcolcon.colcon_core.verb[0m [1;30mLevel 5[0m set package 'zed_wrapper' build argument 'catkin_cmake_args' from command line to 'None'
[1.890s] [34mcolcon.colcon_core.verb[0m [1;30mLevel 5[0m set package 'zed_wrapper' build argument 'catkin_skip_building_tests' from command line to 'False'
[1.890s] [34mcolcon.colcon_core.verb[0m [1;30mDEBUG[0m [32mBuilding package 'zed_wrapper' with the following arguments: {'ament_cmake_args': None, 'build_base': '/home/rm/filter/build/zed_wrapper', 'catkin_cmake_args': None, 'catkin_skip_building_tests': False, 'cmake_args': None, 'cmake_clean_cache': False, 'cmake_clean_first': False, 'cmake_force_configure': False, 'cmake_target': None, 'cmake_target_skip_unavailable': False, 'install_base': '/home/rm/filter/install/zed_wrapper', 'merge_install': False, 'path': '/home/rm/filter/src/zed-ros2-wrapper/zed_wrapper', 'symlink_install': False, 'test_result_base': None}[0m
[1.891s] [34mcolcon.colcon_core.verb[0m [1;30mLevel 5[0m set package 'zed_ros2' build argument 'cmake_args' from command line to 'None'
[1.891s] [34mcolcon.colcon_core.verb[0m [1;30mLevel 5[0m set package 'zed_ros2' build argument 'cmake_target' from command line to 'None'
[1.892s] [34mcolcon.colcon_core.verb[0m [1;30mLevel 5[0m set package 'zed_ros2' build argument 'cmake_target_skip_unavailable' from command line to 'False'
[1.892s] [34mcolcon.colcon_core.verb[0m [1;30mLevel 5[0m set package 'zed_ros2' build argument 'cmake_clean_cache' from command line to 'False'
[1.892s] [34mcolcon.colcon_core.verb[0m [1;30mLevel 5[0m set package 'zed_ros2' build argument 'cmake_clean_first' from command line to 'False'
[1.892s] [34mcolcon.colcon_core.verb[0m [1;30mLevel 5[0m set package 'zed_ros2' build argument 'cmake_force_configure' from command line to 'False'
[1.892s] [34mcolcon.colcon_core.verb[0m [1;30mLevel 5[0m set package 'zed_ros2' build argument 'ament_cmake_args' from command line to 'None'
[1.892s] [34mcolcon.colcon_core.verb[0m [1;30mLevel 5[0m set package 'zed_ros2' build argument 'catkin_cmake_args' from command line to 'None'
[1.892s] [34mcolcon.colcon_core.verb[0m [1;30mLevel 5[0m set package 'zed_ros2' build argument 'catkin_skip_building_tests' from command line to 'False'
[1.892s] [34mcolcon.colcon_core.verb[0m [1;30mDEBUG[0m [32mBuilding package 'zed_ros2' with the following arguments: {'ament_cmake_args': None, 'build_base': '/home/rm/filter/build/zed_ros2', 'catkin_cmake_args': None, 'catkin_skip_building_tests': False, 'cmake_args': None, 'cmake_clean_cache': False, 'cmake_clean_first': False, 'cmake_force_configure': False, 'cmake_target': None, 'cmake_target_skip_unavailable': False, 'install_base': '/home/rm/filter/install/zed_ros2', 'merge_install': False, 'path': '/home/rm/filter/src/zed-ros2-wrapper/zed_ros2', 'symlink_install': False, 'test_result_base': None}[0m
[1.893s] [34mcolcon.colcon_core.executor[0m [1;30mINFO[0m Executing jobs using 'parallel' executor
[1.924s] [34mcolcon.colcon_parallel_executor.executor.parallel[0m [1;30mDEBUG[0m [32mrun_until_complete[0m
[1.925s] [34mcolcon.colcon_ros.task.ament_cmake.build[0m [1;30mINFO[0m Building ROS package in '/home/rm/filter/src/zed-ros2-wrapper/zed_components' with build type 'ament_cmake'
[1.929s] [34mcolcon.colcon_cmake.task.cmake.build[0m [1;30mINFO[0m Building CMake package in '/home/rm/filter/src/zed-ros2-wrapper/zed_components'
[1.963s] [34mcolcon.colcon_core.plugin_system[0m [1;30mINFO[0m Skipping extension 'colcon_core.shell.bat': Not used on non-Windows systems
[1.964s] [34mcolcon.colcon_core.shell[0m [1;30mINFO[0m Skip shell extension 'powershell' for command environment: Not usable outside of PowerShell
[1.964s] [34mcolcon.colcon_core.shell[0m [1;30mDEBUG[0m [32mSkip shell extension 'dsv' for command environment[0m
[2.067s] [34mcolcon.colcon_ros.task.ament_python.build[0m [1;30mINFO[0m Building ROS package in '/home/rm/filter/src/object_filter_package' with build type 'ament_python'
[2.067s] [34mcolcon.colcon_core.shell[0m [1;30mLevel 1[0m create_environment_hook('object_filter_package', 'ament_prefix_path')
[2.068s] [34mcolcon.colcon_core.shell[0m [1;30mINFO[0m Creating environment hook '/home/rm/filter/install/object_filter_package/share/object_filter_package/hook/ament_prefix_path.ps1'
[2.072s] [34mcolcon.colcon_core.shell[0m [1;30mINFO[0m Creating environment descriptor '/home/rm/filter/install/object_filter_package/share/object_filter_package/hook/ament_prefix_path.dsv'
[2.073s] [34mcolcon.colcon_core.shell[0m [1;30mINFO[0m Creating environment hook '/home/rm/filter/install/object_filter_package/share/object_filter_package/hook/ament_prefix_path.sh'
[2.075s] [34mcolcon.colcon_core.shell[0m [1;30mINFO[0m Skip shell extension 'powershell' for command environment: Not usable outside of PowerShell
[2.076s] [34mcolcon.colcon_core.shell[0m [1;30mDEBUG[0m [32mSkip shell extension 'dsv' for command environment[0m
[2.188s] [34mcolcon.colcon_core.event_handler.log_command[0m [1;30mDEBUG[0m [32mInvoking command in '/home/rm/filter/build/zed_components': CMAKE_PREFIX_PATH=${CMAKE_PREFIX_PATH}:/home/rm/filter/install/object_filter_package:/home/rm/ws_moveit2_2/install/moveit_configs_utils:/home/rm/ws_moveit2_2/install/launch_param_builder:/opt/ros/humble /usr/bin/cmake --build /home/rm/filter/build/zed_components -- -j4 -l4[0m
[4.084s] [34mcolcon.colcon_core.task.python.build[0m [1;30mINFO[0m Building Python package in '/home/rm/filter/src/object_filter_package'
[4.086s] [34mcolcon.colcon_core.shell[0m [1;30mINFO[0m Skip shell extension 'powershell' for command environment: Not usable outside of PowerShell
[4.086s] [34mcolcon.colcon_core.shell[0m [1;30mDEBUG[0m [32mSkip shell extension 'dsv' for command environment[0m
[4.205s] [34mcolcon.colcon_core.event_handler.log_command[0m [1;30mDEBUG[0m [32mInvoked command in '/home/rm/filter/build/zed_components' returned '0': CMAKE_PREFIX_PATH=${CMAKE_PREFIX_PATH}:/home/rm/filter/install/object_filter_package:/home/rm/ws_moveit2_2/install/moveit_configs_utils:/home/rm/ws_moveit2_2/install/launch_param_builder:/opt/ros/humble /usr/bin/cmake --build /home/rm/filter/build/zed_components -- -j4 -l4[0m
[4.259s] [34mcolcon.colcon_core.event_handler.log_command[0m [1;30mDEBUG[0m [32mInvoking command in '/home/rm/filter/build/zed_components': CMAKE_PREFIX_PATH=${CMAKE_PREFIX_PATH}:/home/rm/filter/install/object_filter_package:/home/rm/ws_moveit2_2/install/moveit_configs_utils:/home/rm/ws_moveit2_2/install/launch_param_builder:/opt/ros/humble /usr/bin/cmake --install /home/rm/filter/build/zed_components[0m
[4.316s] [34mcolcon.colcon_core.environment[0m [1;30mLevel 1[0m create_environment_scripts_only(zed_components)
[4.348s] [34mcolcon.colcon_core.event_handler.log_command[0m [1;30mDEBUG[0m [32mInvoked command in '/home/rm/filter/build/zed_components' returned '0': CMAKE_PREFIX_PATH=${CMAKE_PREFIX_PATH}:/home/rm/filter/install/object_filter_package:/home/rm/ws_moveit2_2/install/moveit_configs_utils:/home/rm/ws_moveit2_2/install/launch_param_builder:/opt/ros/humble /usr/bin/cmake --install /home/rm/filter/build/zed_components[0m
[4.363s] [34mcolcon.colcon_core.environment[0m [1;30mLevel 1[0m checking '/home/rm/filter/install/zed_components' for CMake module files
[4.375s] [34mcolcon.colcon_core.environment[0m [1;30mLevel 1[0m checking '/home/rm/filter/install/zed_components' for CMake config files
[4.376s] [34mcolcon.colcon_core.shell[0m [1;30mLevel 1[0m create_environment_hook('zed_components', 'cmake_prefix_path')
[4.378s] [34mcolcon.colcon_core.shell[0m [1;30mINFO[0m Creating environment hook '/home/rm/filter/install/zed_components/share/zed_components/hook/cmake_prefix_path.ps1'
[4.381s] [34mcolcon.colcon_core.shell[0m [1;30mINFO[0m Creating environment descriptor '/home/rm/filter/install/zed_components/share/zed_components/hook/cmake_prefix_path.dsv'
[4.384s] [34mcolcon.colcon_core.shell[0m [1;30mINFO[0m Creating environment hook '/home/rm/filter/install/zed_components/share/zed_components/hook/cmake_prefix_path.sh'
[4.387s] [34mcolcon.colcon_core.environment[0m [1;30mLevel 1[0m checking '/home/rm/filter/install/zed_components/lib'
[4.388s] [34mcolcon.colcon_core.shell[0m [1;30mLevel 1[0m create_environment_hook('zed_components', 'ld_library_path_lib')
[4.389s] [34mcolcon.colcon_core.shell[0m [1;30mINFO[0m Creating environment hook '/home/rm/filter/install/zed_components/share/zed_components/hook/ld_library_path_lib.ps1'
[4.392s] [34mcolcon.colcon_core.shell[0m [1;30mINFO[0m Creating environment descriptor '/home/rm/filter/install/zed_components/share/zed_components/hook/ld_library_path_lib.dsv'
[4.395s] [34mcolcon.colcon_core.shell[0m [1;30mINFO[0m Creating environment hook '/home/rm/filter/install/zed_components/share/zed_components/hook/ld_library_path_lib.sh'
[4.400s] [34mcolcon.colcon_core.environment[0m [1;30mLevel 1[0m checking '/home/rm/filter/install/zed_components/bin'
[4.401s] [34mcolcon.colcon_core.environment[0m [1;30mLevel 1[0m checking '/home/rm/filter/install/zed_components/lib/pkgconfig/zed_components.pc'
[4.402s] [34mcolcon.colcon_core.environment[0m [1;30mLevel 1[0m checking '/home/rm/filter/install/zed_components/lib/python3.10/site-packages'
[4.403s] [34mcolcon.colcon_core.environment[0m [1;30mLevel 1[0m checking '/home/rm/filter/install/zed_components/bin'
[4.405s] [34mcolcon.colcon_core.shell[0m [1;30mINFO[0m Creating package script '/home/rm/filter/install/zed_components/share/zed_components/package.ps1'
[4.409s] [34mcolcon.colcon_core.shell[0m [1;30mINFO[0m Creating package descriptor '/home/rm/filter/install/zed_components/share/zed_components/package.dsv'
[4.418s] [34mcolcon.colcon_core.shell[0m [1;30mINFO[0m Creating package script '/home/rm/filter/install/zed_components/share/zed_components/package.sh'
[4.425s] [34mcolcon.colcon_core.shell[0m [1;30mINFO[0m Creating package script '/home/rm/filter/install/zed_components/share/zed_components/package.bash'
[4.431s] [34mcolcon.colcon_core.shell[0m [1;30mINFO[0m Creating package script '/home/rm/filter/install/zed_components/share/zed_components/package.zsh'
[4.437s] [34mcolcon.colcon_core.environment[0m [1;30mLevel 1[0m create_file_with_runtime_dependencies(/home/rm/filter/install/zed_components/share/colcon-core/packages/zed_components)
[4.445s] [34mcolcon.colcon_core.environment[0m [1;30mLevel 1[0m create_environment_scripts_only(zed_components)
[4.456s] [34mcolcon.colcon_core.environment[0m [1;30mLevel 1[0m checking '/home/rm/filter/install/zed_components' for CMake module files
[4.460s] [34mcolcon.colcon_core.environment[0m [1;30mLevel 1[0m checking '/home/rm/filter/install/zed_components' for CMake config files
[4.461s] [34mcolcon.colcon_core.shell[0m [1;30mLevel 1[0m create_environment_hook('zed_components', 'cmake_prefix_path')
[4.463s] [34mcolcon.colcon_core.shell[0m [1;30mINFO[0m Creating environment hook '/home/rm/filter/install/zed_components/share/zed_components/hook/cmake_prefix_path.ps1'
[4.467s] [34mcolcon.colcon_core.shell[0m [1;30mINFO[0m Creating environment descriptor '/home/rm/filter/install/zed_components/share/zed_components/hook/cmake_prefix_path.dsv'
[4.469s] [34mcolcon.colcon_core.shell[0m [1;30mINFO[0m Creating environment hook '/home/rm/filter/install/zed_components/share/zed_components/hook/cmake_prefix_path.sh'
[4.476s] [34mcolcon.colcon_core.environment[0m [1;30mLevel 1[0m checking '/home/rm/filter/install/zed_components/lib'
[4.479s] [34mcolcon.colcon_core.shell[0m [1;30mLevel 1[0m create_environment_hook('zed_components', 'ld_library_path_lib')
[4.482s] [34mcolcon.colcon_core.shell[0m [1;30mINFO[0m Creating environment hook '/home/rm/filter/install/zed_components/share/zed_components/hook/ld_library_path_lib.ps1'
[4.489s] [34mcolcon.colcon_core.shell[0m [1;30mINFO[0m Creating environment descriptor '/home/rm/filter/install/zed_components/share/zed_components/hook/ld_library_path_lib.dsv'
[4.496s] [34mcolcon.colcon_core.shell[0m [1;30mINFO[0m Creating environment hook '/home/rm/filter/install/zed_components/share/zed_components/hook/ld_library_path_lib.sh'
[4.505s] [34mcolcon.colcon_core.environment[0m [1;30mLevel 1[0m checking '/home/rm/filter/install/zed_components/bin'
[4.507s] [34mcolcon.colcon_core.environment[0m [1;30mLevel 1[0m checking '/home/rm/filter/install/zed_components/lib/pkgconfig/zed_components.pc'
[4.508s] [34mcolcon.colcon_core.environment[0m [1;30mLevel 1[0m checking '/home/rm/filter/install/zed_components/lib/python3.10/site-packages'
[4.515s] [34mcolcon.colcon_core.environment[0m [1;30mLevel 1[0m checking '/home/rm/filter/install/zed_components/bin'
[4.526s] [34mcolcon.colcon_core.shell[0m [1;30mINFO[0m Creating package script '/home/rm/filter/install/zed_components/share/zed_components/package.ps1'
[4.533s] [34mcolcon.colcon_core.shell[0m [1;30mINFO[0m Creating package descriptor '/home/rm/filter/install/zed_components/share/zed_components/package.dsv'
[4.538s] [34mcolcon.colcon_core.shell[0m [1;30mINFO[0m Creating package script '/home/rm/filter/install/zed_components/share/zed_components/package.sh'
[4.540s] [34mcolcon.colcon_core.shell[0m [1;30mINFO[0m Creating package script '/home/rm/filter/install/zed_components/share/zed_components/package.bash'
[4.541s] [34mcolcon.colcon_core.shell[0m [1;30mINFO[0m Creating package script '/home/rm/filter/install/zed_components/share/zed_components/package.zsh'
[4.542s] [34mcolcon.colcon_core.environment[0m [1;30mLevel 1[0m create_file_with_runtime_dependencies(/home/rm/filter/install/zed_components/share/colcon-core/packages/zed_components)
[4.555s] [34mcolcon.colcon_ros.task.ament_cmake.build[0m [1;30mINFO[0m Building ROS package in '/home/rm/filter/src/zed-ros2-wrapper/zed_wrapper' with build type 'ament_cmake'
[4.555s] [34mcolcon.colcon_cmake.task.cmake.build[0m [1;30mINFO[0m Building CMake package in '/home/rm/filter/src/zed-ros2-wrapper/zed_wrapper'
[4.556s] [34mcolcon.colcon_core.shell[0m [1;30mINFO[0m Skip shell extension 'powershell' for command environment: Not usable outside of PowerShell
[4.556s] [34mcolcon.colcon_core.shell[0m [1;30mDEBUG[0m [32mSkip shell extension 'dsv' for command environment[0m
[4.646s] [34mcolcon.colcon_core.event_handler.log_command[0m [1;30mDEBUG[0m [32mInvoking command in '/home/rm/filter/build/zed_wrapper': CMAKE_PREFIX_PATH=/home/rm/filter/install/zed_components:/home/rm/filter/install/zed_ros2:/home/rm/filter/install/zed_wrapper:/home/rm/ws_moveit2_2/install/pick_and_place:/home/rm/ws_moveit2_2/install/robo_moveit_config:/home/rm/ws_moveit2_2/install/pilz_industrial_motion_planner_testutils:/home/rm/ws_moveit2_2/install/moveit_runtime:/home/rm/ws_moveit2_2/install/moveit2_tutorials:/home/rm/ws_moveit2_2/install/moveit:/home/rm/ws_moveit2_2/install/moveit_planners:/home/rm/ws_moveit2_2/install/pilz_industrial_motion_planner:/home/rm/ws_moveit2_2/install/moveit_visual_tools:/home/rm/ws_moveit2_2/install/moveit_task_constructor_visualization:/home/rm/ws_moveit2_2/install/moveit_task_constructor_demo:/home/rm/ws_moveit2_2/install/moveit_task_constructor_capabilities:/home/rm/ws_moveit2_2/install/moveit_task_constructor_core:/home/rm/ws_moveit2_2/install/moveit_ros_control_interface:/home/rm/ws_moveit2_2/install/moveit_plugins:/home/rm/ws_moveit2_2/install/moveit_simple_controller_manager:/home/rm/ws_moveit2_2/install/moveit_setup_assistant:/home/rm/ws_moveit2_2/install/moveit_setup_srdf_plugins:/home/rm/ws_moveit2_2/install/moveit_setup_core_plugins:/home/rm/ws_moveit2_2/install/moveit_setup_controllers:/home/rm/ws_moveit2_2/install/moveit_setup_app_plugins:/home/rm/ws_moveit2_2/install/moveit_setup_framework:/home/rm/ws_moveit2_2/install/moveit_servo:/home/rm/ws_moveit2_2/install/moveit_ros:/home/rm/ws_moveit2_2/install/moveit_ros_visualization:/home/rm/ws_moveit2_2/install/moveit_hybrid_planning:/home/rm/ws_moveit2_2/install/moveit_ros_planning_interface:/home/rm/ws_moveit2_2/install/moveit_ros_benchmarks:/home/rm/ws_moveit2_2/install/moveit_ros_warehouse:/home/rm/ws_moveit2_2/install/moveit_ros_robot_interaction:/home/rm/ws_moveit2_2/install/moveit_ros_perception:/home/rm/ws_moveit2_2/install/moveit_resources_prbt_pg70_support:/home/rm/ws_moveit2_2/install/moveit_resources_prbt_moveit_config:/home/rm/ws_moveit2_2/install/moveit_ros_move_group:/home/rm/ws_moveit2_2/install/moveit_planners_ompl:/home/rm/ws_moveit2_2/install/moveit_ros_planning:/home/rm/ws_moveit2_2/install/moveit_ros_occupancy_map_monitor:/home/rm/ws_moveit2_2/install/moveit_resources_prbt_ikfast_manipulator_plugin:/home/rm/ws_moveit2_2/install/moveit_planners_chomp:/home/rm/ws_moveit2_2/install/moveit_kinematics:/home/rm/ws_moveit2_2/install/moveit_chomp_optimizer_adapter:/home/rm/ws_moveit2_2/install/chomp_motion_planner:/home/rm/ws_moveit2_2/install/moveit_core:/home/rm/ws_moveit2_2/install/srdfdom:/home/rm/ws_moveit2_2/install/rviz_marker_tools:/home/rm/ws_moveit2_2/install/rosparam_shortcuts:/home/rm/ws_moveit2_2/install/moveit_task_constructor_msgs:/home/rm/ws_moveit2_2/install/moveit_resources_prbt_support:/home/rm/ws_moveit2_2/install/moveit_resources:/home/rm/ws_moveit2_2/install/moveit_resources_pr2_description:/home/rm/ws_moveit2_2/install/moveit_resources_panda_moveit_config:/home/rm/ws_moveit2_2/install/moveit_resources_panda_description:/home/rm/ws_moveit2_2/install/moveit_resources_fanuc_moveit_config:/home/rm/ws_moveit2_2/install/moveit_resources_fanuc_description:/home/rm/ws_moveit2_2/install/moveit_common:/home/rm/ws_moveit2_2/install/arm_urdf:/home/rm/zed_ws/install/zed_ros2:/home/rm/zed_ws/install/zed_wrapper:/home/rm/zed_ws/install/zed_components:/home/rm/filter/install/object_filter_package:/home/rm/ws_moveit2_2/install/moveit_configs_utils:/home/rm/ws_moveit2_2/install/launch_param_builder:/opt/ros/humble /usr/bin/cmake --build /home/rm/filter/build/zed_wrapper -- -j4 -l4[0m
[5.060s] [34mcolcon.colcon_core.event_handler.log_command[0m [1;30mDEBUG[0m [32mInvoked command in '/home/rm/filter/build/zed_wrapper' returned '0': CMAKE_PREFIX_PATH=/home/rm/filter/install/zed_components:/home/rm/filter/install/zed_ros2:/home/rm/filter/install/zed_wrapper:/home/rm/ws_moveit2_2/install/pick_and_place:/home/rm/ws_moveit2_2/install/robo_moveit_config:/home/rm/ws_moveit2_2/install/pilz_industrial_motion_planner_testutils:/home/rm/ws_moveit2_2/install/moveit_runtime:/home/rm/ws_moveit2_2/install/moveit2_tutorials:/home/rm/ws_moveit2_2/install/moveit:/home/rm/ws_moveit2_2/install/moveit_planners:/home/rm/ws_moveit2_2/install/pilz_industrial_motion_planner:/home/rm/ws_moveit2_2/install/moveit_visual_tools:/home/rm/ws_moveit2_2/install/moveit_task_constructor_visualization:/home/rm/ws_moveit2_2/install/moveit_task_constructor_demo:/home/rm/ws_moveit2_2/install/moveit_task_constructor_capabilities:/home/rm/ws_moveit2_2/install/moveit_task_constructor_core:/home/rm/ws_moveit2_2/install/moveit_ros_control_interface:/home/rm/ws_moveit2_2/install/moveit_plugins:/home/rm/ws_moveit2_2/install/moveit_simple_controller_manager:/home/rm/ws_moveit2_2/install/moveit_setup_assistant:/home/rm/ws_moveit2_2/install/moveit_setup_srdf_plugins:/home/rm/ws_moveit2_2/install/moveit_setup_core_plugins:/home/rm/ws_moveit2_2/install/moveit_setup_controllers:/home/rm/ws_moveit2_2/install/moveit_setup_app_plugins:/home/rm/ws_moveit2_2/install/moveit_setup_framework:/home/rm/ws_moveit2_2/install/moveit_servo:/home/rm/ws_moveit2_2/install/moveit_ros:/home/rm/ws_moveit2_2/install/moveit_ros_visualization:/home/rm/ws_moveit2_2/install/moveit_hybrid_planning:/home/rm/ws_moveit2_2/install/moveit_ros_planning_interface:/home/rm/ws_moveit2_2/install/moveit_ros_benchmarks:/home/rm/ws_moveit2_2/install/moveit_ros_warehouse:/home/rm/ws_moveit2_2/install/moveit_ros_robot_interaction:/home/rm/ws_moveit2_2/install/moveit_ros_perception:/home/rm/ws_moveit2_2/install/moveit_resources_prbt_pg70_support:/home/rm/ws_moveit2_2/install/moveit_resources_prbt_moveit_config:/home/rm/ws_moveit2_2/install/moveit_ros_move_group:/home/rm/ws_moveit2_2/install/moveit_planners_ompl:/home/rm/ws_moveit2_2/install/moveit_ros_planning:/home/rm/ws_moveit2_2/install/moveit_ros_occupancy_map_monitor:/home/rm/ws_moveit2_2/install/moveit_resources_prbt_ikfast_manipulator_plugin:/home/rm/ws_moveit2_2/install/moveit_planners_chomp:/home/rm/ws_moveit2_2/install/moveit_kinematics:/home/rm/ws_moveit2_2/install/moveit_chomp_optimizer_adapter:/home/rm/ws_moveit2_2/install/chomp_motion_planner:/home/rm/ws_moveit2_2/install/moveit_core:/home/rm/ws_moveit2_2/install/srdfdom:/home/rm/ws_moveit2_2/install/rviz_marker_tools:/home/rm/ws_moveit2_2/install/rosparam_shortcuts:/home/rm/ws_moveit2_2/install/moveit_task_constructor_msgs:/home/rm/ws_moveit2_2/install/moveit_resources_prbt_support:/home/rm/ws_moveit2_2/install/moveit_resources:/home/rm/ws_moveit2_2/install/moveit_resources_pr2_description:/home/rm/ws_moveit2_2/install/moveit_resources_panda_moveit_config:/home/rm/ws_moveit2_2/install/moveit_resources_panda_description:/home/rm/ws_moveit2_2/install/moveit_resources_fanuc_moveit_config:/home/rm/ws_moveit2_2/install/moveit_resources_fanuc_description:/home/rm/ws_moveit2_2/install/moveit_common:/home/rm/ws_moveit2_2/install/arm_urdf:/home/rm/zed_ws/install/zed_ros2:/home/rm/zed_ws/install/zed_wrapper:/home/rm/zed_ws/install/zed_components:/home/rm/filter/install/object_filter_package:/home/rm/ws_moveit2_2/install/moveit_configs_utils:/home/rm/ws_moveit2_2/install/launch_param_builder:/opt/ros/humble /usr/bin/cmake --build /home/rm/filter/build/zed_wrapper -- -j4 -l4[0m
[5.071s] [34mcolcon.colcon_core.event_handler.log_command[0m [1;30mDEBUG[0m [32mInvoking command in '/home/rm/filter/build/zed_wrapper': CMAKE_PREFIX_PATH=/home/rm/filter/install/zed_components:/home/rm/filter/install/zed_ros2:/home/rm/filter/install/zed_wrapper:/home/rm/ws_moveit2_2/install/pick_and_place:/home/rm/ws_moveit2_2/install/robo_moveit_config:/home/rm/ws_moveit2_2/install/pilz_industrial_motion_planner_testutils:/home/rm/ws_moveit2_2/install/moveit_runtime:/home/rm/ws_moveit2_2/install/moveit2_tutorials:/home/rm/ws_moveit2_2/install/moveit:/home/rm/ws_moveit2_2/install/moveit_planners:/home/rm/ws_moveit2_2/install/pilz_industrial_motion_planner:/home/rm/ws_moveit2_2/install/moveit_visual_tools:/home/rm/ws_moveit2_2/install/moveit_task_constructor_visualization:/home/rm/ws_moveit2_2/install/moveit_task_constructor_demo:/home/rm/ws_moveit2_2/install/moveit_task_constructor_capabilities:/home/rm/ws_moveit2_2/install/moveit_task_constructor_core:/home/rm/ws_moveit2_2/install/moveit_ros_control_interface:/home/rm/ws_moveit2_2/install/moveit_plugins:/home/rm/ws_moveit2_2/install/moveit_simple_controller_manager:/home/rm/ws_moveit2_2/install/moveit_setup_assistant:/home/rm/ws_moveit2_2/install/moveit_setup_srdf_plugins:/home/rm/ws_moveit2_2/install/moveit_setup_core_plugins:/home/rm/ws_moveit2_2/install/moveit_setup_controllers:/home/rm/ws_moveit2_2/install/moveit_setup_app_plugins:/home/rm/ws_moveit2_2/install/moveit_setup_framework:/home/rm/ws_moveit2_2/install/moveit_servo:/home/rm/ws_moveit2_2/install/moveit_ros:/home/rm/ws_moveit2_2/install/moveit_ros_visualization:/home/rm/ws_moveit2_2/install/moveit_hybrid_planning:/home/rm/ws_moveit2_2/install/moveit_ros_planning_interface:/home/rm/ws_moveit2_2/install/moveit_ros_benchmarks:/home/rm/ws_moveit2_2/install/moveit_ros_warehouse:/home/rm/ws_moveit2_2/install/moveit_ros_robot_interaction:/home/rm/ws_moveit2_2/install/moveit_ros_perception:/home/rm/ws_moveit2_2/install/moveit_resources_prbt_pg70_support:/home/rm/ws_moveit2_2/install/moveit_resources_prbt_moveit_config:/home/rm/ws_moveit2_2/install/moveit_ros_move_group:/home/rm/ws_moveit2_2/install/moveit_planners_ompl:/home/rm/ws_moveit2_2/install/moveit_ros_planning:/home/rm/ws_moveit2_2/install/moveit_ros_occupancy_map_monitor:/home/rm/ws_moveit2_2/install/moveit_resources_prbt_ikfast_manipulator_plugin:/home/rm/ws_moveit2_2/install/moveit_planners_chomp:/home/rm/ws_moveit2_2/install/moveit_kinematics:/home/rm/ws_moveit2_2/install/moveit_chomp_optimizer_adapter:/home/rm/ws_moveit2_2/install/chomp_motion_planner:/home/rm/ws_moveit2_2/install/moveit_core:/home/rm/ws_moveit2_2/install/srdfdom:/home/rm/ws_moveit2_2/install/rviz_marker_tools:/home/rm/ws_moveit2_2/install/rosparam_shortcuts:/home/rm/ws_moveit2_2/install/moveit_task_constructor_msgs:/home/rm/ws_moveit2_2/install/moveit_resources_prbt_support:/home/rm/ws_moveit2_2/install/moveit_resources:/home/rm/ws_moveit2_2/install/moveit_resources_pr2_description:/home/rm/ws_moveit2_2/install/moveit_resources_panda_moveit_config:/home/rm/ws_moveit2_2/install/moveit_resources_panda_description:/home/rm/ws_moveit2_2/install/moveit_resources_fanuc_moveit_config:/home/rm/ws_moveit2_2/install/moveit_resources_fanuc_description:/home/rm/ws_moveit2_2/install/moveit_common:/home/rm/ws_moveit2_2/install/arm_urdf:/home/rm/zed_ws/install/zed_ros2:/home/rm/zed_ws/install/zed_wrapper:/home/rm/zed_ws/install/zed_components:/home/rm/filter/install/object_filter_package:/home/rm/ws_moveit2_2/install/moveit_configs_utils:/home/rm/ws_moveit2_2/install/launch_param_builder:/opt/ros/humble /usr/bin/cmake --install /home/rm/filter/build/zed_wrapper[0m
[5.164s] [34mcolcon.colcon_core.environment[0m [1;30mLevel 1[0m create_environment_scripts_only(zed_wrapper)
[5.165s] [34mcolcon.colcon_core.environment[0m [1;30mLevel 1[0m checking '/home/rm/filter/install/zed_wrapper' for CMake module files
[5.168s] [34mcolcon.colcon_core.environment[0m [1;30mLevel 1[0m checking '/home/rm/filter/install/zed_wrapper' for CMake config files
[5.175s] [34mcolcon.colcon_core.shell[0m [1;30mLevel 1[0m create_environment_hook('zed_wrapper', 'cmake_prefix_path')
[5.176s] [34mcolcon.colcon_core.shell[0m [1;30mINFO[0m Creating environment hook '/home/rm/filter/install/zed_wrapper/share/zed_wrapper/hook/cmake_prefix_path.ps1'
[5.177s] [34mcolcon.colcon_core.shell[0m [1;30mINFO[0m Creating environment descriptor '/home/rm/filter/install/zed_wrapper/share/zed_wrapper/hook/cmake_prefix_path.dsv'
[5.183s] [34mcolcon.colcon_core.shell[0m [1;30mINFO[0m Creating environment hook '/home/rm/filter/install/zed_wrapper/share/zed_wrapper/hook/cmake_prefix_path.sh'
[5.189s] [34mcolcon.colcon_core.environment[0m [1;30mLevel 1[0m checking '/home/rm/filter/install/zed_wrapper/bin'
[5.190s] [34mcolcon.colcon_core.environment[0m [1;30mLevel 1[0m checking '/home/rm/filter/install/zed_wrapper/lib/pkgconfig/zed_wrapper.pc'
[5.191s] [34mcolcon.colcon_core.environment[0m [1;30mLevel 1[0m checking '/home/rm/filter/install/zed_wrapper/lib/python3.10/site-packages'
[5.192s] [34mcolcon.colcon_core.environment[0m [1;30mLevel 1[0m checking '/home/rm/filter/install/zed_wrapper/bin'
[5.193s] [34mcolcon.colcon_core.shell[0m [1;30mINFO[0m Creating package script '/home/rm/filter/install/zed_wrapper/share/zed_wrapper/package.ps1'
[5.194s] [34mcolcon.colcon_core.shell[0m [1;30mINFO[0m Creating package descriptor '/home/rm/filter/install/zed_wrapper/share/zed_wrapper/package.dsv'
[5.195s] [34mcolcon.colcon_core.shell[0m [1;30mINFO[0m Creating package script '/home/rm/filter/install/zed_wrapper/share/zed_wrapper/package.sh'
[5.196s] [34mcolcon.colcon_core.shell[0m [1;30mINFO[0m Creating package script '/home/rm/filter/install/zed_wrapper/share/zed_wrapper/package.bash'
[5.197s] [34mcolcon.colcon_core.shell[0m [1;30mINFO[0m Creating package script '/home/rm/filter/install/zed_wrapper/share/zed_wrapper/package.zsh'
[5.198s] [34mcolcon.colcon_core.environment[0m [1;30mLevel 1[0m create_file_with_runtime_dependencies(/home/rm/filter/install/zed_wrapper/share/colcon-core/packages/zed_wrapper)
[5.201s] [34mcolcon.colcon_core.event_handler.log_command[0m [1;30mDEBUG[0m [32mInvoked command in '/home/rm/filter/build/zed_wrapper' returned '0': CMAKE_PREFIX_PATH=/home/rm/filter/install/zed_components:/home/rm/filter/install/zed_ros2:/home/rm/filter/install/zed_wrapper:/home/rm/ws_moveit2_2/install/pick_and_place:/home/rm/ws_moveit2_2/install/robo_moveit_config:/home/rm/ws_moveit2_2/install/pilz_industrial_motion_planner_testutils:/home/rm/ws_moveit2_2/install/moveit_runtime:/home/rm/ws_moveit2_2/install/moveit2_tutorials:/home/rm/ws_moveit2_2/install/moveit:/home/rm/ws_moveit2_2/install/moveit_planners:/home/rm/ws_moveit2_2/install/pilz_industrial_motion_planner:/home/rm/ws_moveit2_2/install/moveit_visual_tools:/home/rm/ws_moveit2_2/install/moveit_task_constructor_visualization:/home/rm/ws_moveit2_2/install/moveit_task_constructor_demo:/home/rm/ws_moveit2_2/install/moveit_task_constructor_capabilities:/home/rm/ws_moveit2_2/install/moveit_task_constructor_core:/home/rm/ws_moveit2_2/install/moveit_ros_control_interface:/home/rm/ws_moveit2_2/install/moveit_plugins:/home/rm/ws_moveit2_2/install/moveit_simple_controller_manager:/home/rm/ws_moveit2_2/install/moveit_setup_assistant:/home/rm/ws_moveit2_2/install/moveit_setup_srdf_plugins:/home/rm/ws_moveit2_2/install/moveit_setup_core_plugins:/home/rm/ws_moveit2_2/install/moveit_setup_controllers:/home/rm/ws_moveit2_2/install/moveit_setup_app_plugins:/home/rm/ws_moveit2_2/install/moveit_setup_framework:/home/rm/ws_moveit2_2/install/moveit_servo:/home/rm/ws_moveit2_2/install/moveit_ros:/home/rm/ws_moveit2_2/install/moveit_ros_visualization:/home/rm/ws_moveit2_2/install/moveit_hybrid_planning:/home/rm/ws_moveit2_2/install/moveit_ros_planning_interface:/home/rm/ws_moveit2_2/install/moveit_ros_benchmarks:/home/rm/ws_moveit2_2/install/moveit_ros_warehouse:/home/rm/ws_moveit2_2/install/moveit_ros_robot_interaction:/home/rm/ws_moveit2_2/install/moveit_ros_perception:/home/rm/ws_moveit2_2/install/moveit_resources_prbt_pg70_support:/home/rm/ws_moveit2_2/install/moveit_resources_prbt_moveit_config:/home/rm/ws_moveit2_2/install/moveit_ros_move_group:/home/rm/ws_moveit2_2/install/moveit_planners_ompl:/home/rm/ws_moveit2_2/install/moveit_ros_planning:/home/rm/ws_moveit2_2/install/moveit_ros_occupancy_map_monitor:/home/rm/ws_moveit2_2/install/moveit_resources_prbt_ikfast_manipulator_plugin:/home/rm/ws_moveit2_2/install/moveit_planners_chomp:/home/rm/ws_moveit2_2/install/moveit_kinematics:/home/rm/ws_moveit2_2/install/moveit_chomp_optimizer_adapter:/home/rm/ws_moveit2_2/install/chomp_motion_planner:/home/rm/ws_moveit2_2/install/moveit_core:/home/rm/ws_moveit2_2/install/srdfdom:/home/rm/ws_moveit2_2/install/rviz_marker_tools:/home/rm/ws_moveit2_2/install/rosparam_shortcuts:/home/rm/ws_moveit2_2/install/moveit_task_constructor_msgs:/home/rm/ws_moveit2_2/install/moveit_resources_prbt_support:/home/rm/ws_moveit2_2/install/moveit_resources:/home/rm/ws_moveit2_2/install/moveit_resources_pr2_description:/home/rm/ws_moveit2_2/install/moveit_resources_panda_moveit_config:/home/rm/ws_moveit2_2/install/moveit_resources_panda_description:/home/rm/ws_moveit2_2/install/moveit_resources_fanuc_moveit_config:/home/rm/ws_moveit2_2/install/moveit_resources_fanuc_description:/home/rm/ws_moveit2_2/install/moveit_common:/home/rm/ws_moveit2_2/install/arm_urdf:/home/rm/zed_ws/install/zed_ros2:/home/rm/zed_ws/install/zed_wrapper:/home/rm/zed_ws/install/zed_components:/home/rm/filter/install/object_filter_package:/home/rm/ws_moveit2_2/install/moveit_configs_utils:/home/rm/ws_moveit2_2/install/launch_param_builder:/opt/ros/humble /usr/bin/cmake --install /home/rm/filter/build/zed_wrapper[0m
[5.208s] [34mcolcon.colcon_core.environment[0m [1;30mLevel 1[0m create_environment_scripts_only(zed_wrapper)
[5.208s] [34mcolcon.colcon_core.environment[0m [1;30mLevel 1[0m checking '/home/rm/filter/install/zed_wrapper' for CMake module files
[5.209s] [34mcolcon.colcon_core.environment[0m [1;30mLevel 1[0m checking '/home/rm/filter/install/zed_wrapper' for CMake config files
[5.210s] [34mcolcon.colcon_core.shell[0m [1;30mLevel 1[0m create_environment_hook('zed_wrapper', 'cmake_prefix_path')
[5.213s] [34mcolcon.colcon_core.shell[0m [1;30mINFO[0m Creating environment hook '/home/rm/filter/install/zed_wrapper/share/zed_wrapper/hook/cmake_prefix_path.ps1'
[5.214s] [34mcolcon.colcon_core.shell[0m [1;30mINFO[0m Creating environment descriptor '/home/rm/filter/install/zed_wrapper/share/zed_wrapper/hook/cmake_prefix_path.dsv'
[5.215s] [34mcolcon.colcon_core.shell[0m [1;30mINFO[0m Creating environment hook '/home/rm/filter/install/zed_wrapper/share/zed_wrapper/hook/cmake_prefix_path.sh'
[5.224s] [34mcolcon.colcon_core.environment[0m [1;30mLevel 1[0m checking '/home/rm/filter/install/zed_wrapper/bin'
[5.225s] [34mcolcon.colcon_core.environment[0m [1;30mLevel 1[0m checking '/home/rm/filter/install/zed_wrapper/lib/pkgconfig/zed_wrapper.pc'
[5.225s] [34mcolcon.colcon_core.environment[0m [1;30mLevel 1[0m checking '/home/rm/filter/install/zed_wrapper/lib/python3.10/site-packages'
[5.227s] [34mcolcon.colcon_core.environment[0m [1;30mLevel 1[0m checking '/home/rm/filter/install/zed_wrapper/bin'
[5.228s] [34mcolcon.colcon_core.shell[0m [1;30mINFO[0m Creating package script '/home/rm/filter/install/zed_wrapper/share/zed_wrapper/package.ps1'
[5.231s] [34mcolcon.colcon_core.shell[0m [1;30mINFO[0m Creating package descriptor '/home/rm/filter/install/zed_wrapper/share/zed_wrapper/package.dsv'
[5.233s] [34mcolcon.colcon_core.shell[0m [1;30mINFO[0m Creating package script '/home/rm/filter/install/zed_wrapper/share/zed_wrapper/package.sh'
[5.235s] [34mcolcon.colcon_core.shell[0m [1;30mINFO[0m Creating package script '/home/rm/filter/install/zed_wrapper/share/zed_wrapper/package.bash'
[5.239s] [34mcolcon.colcon_core.shell[0m [1;30mINFO[0m Creating package script '/home/rm/filter/install/zed_wrapper/share/zed_wrapper/package.zsh'
[5.241s] [34mcolcon.colcon_core.environment[0m [1;30mLevel 1[0m create_file_with_runtime_dependencies(/home/rm/filter/install/zed_wrapper/share/colcon-core/packages/zed_wrapper)
[5.245s] [34mcolcon.colcon_ros.task.ament_cmake.build[0m [1;30mINFO[0m Building ROS package in '/home/rm/filter/src/zed-ros2-wrapper/zed_ros2' with build type 'ament_cmake'
[5.246s] [34mcolcon.colcon_cmake.task.cmake.build[0m [1;30mINFO[0m Building CMake package in '/home/rm/filter/src/zed-ros2-wrapper/zed_ros2'
[5.250s] [34mcolcon.colcon_core.shell[0m [1;30mINFO[0m Skip shell extension 'powershell' for command environment: Not usable outside of PowerShell
[5.251s] [34mcolcon.colcon_core.shell[0m [1;30mDEBUG[0m [32mSkip shell extension 'dsv' for command environment[0m
[5.374s] [34mcolcon.colcon_core.event_handler.log_command[0m [1;30mDEBUG[0m [32mInvoking command in '/home/rm/filter/build/zed_ros2': CMAKE_PREFIX_PATH=/home/rm/filter/install/zed_wrapper:/home/rm/filter/install/zed_components:/home/rm/filter/install/zed_ros2:/home/rm/ws_moveit2_2/install/pick_and_place:/home/rm/ws_moveit2_2/install/robo_moveit_config:/home/rm/ws_moveit2_2/install/pilz_industrial_motion_planner_testutils:/home/rm/ws_moveit2_2/install/moveit_runtime:/home/rm/ws_moveit2_2/install/moveit2_tutorials:/home/rm/ws_moveit2_2/install/moveit:/home/rm/ws_moveit2_2/install/moveit_planners:/home/rm/ws_moveit2_2/install/pilz_industrial_motion_planner:/home/rm/ws_moveit2_2/install/moveit_visual_tools:/home/rm/ws_moveit2_2/install/moveit_task_constructor_visualization:/home/rm/ws_moveit2_2/install/moveit_task_constructor_demo:/home/rm/ws_moveit2_2/install/moveit_task_constructor_capabilities:/home/rm/ws_moveit2_2/install/moveit_task_constructor_core:/home/rm/ws_moveit2_2/install/moveit_ros_control_interface:/home/rm/ws_moveit2_2/install/moveit_plugins:/home/rm/ws_moveit2_2/install/moveit_simple_controller_manager:/home/rm/ws_moveit2_2/install/moveit_setup_assistant:/home/rm/ws_moveit2_2/install/moveit_setup_srdf_plugins:/home/rm/ws_moveit2_2/install/moveit_setup_core_plugins:/home/rm/ws_moveit2_2/install/moveit_setup_controllers:/home/rm/ws_moveit2_2/install/moveit_setup_app_plugins:/home/rm/ws_moveit2_2/install/moveit_setup_framework:/home/rm/ws_moveit2_2/install/moveit_servo:/home/rm/ws_moveit2_2/install/moveit_ros:/home/rm/ws_moveit2_2/install/moveit_ros_visualization:/home/rm/ws_moveit2_2/install/moveit_hybrid_planning:/home/rm/ws_moveit2_2/install/moveit_ros_planning_interface:/home/rm/ws_moveit2_2/install/moveit_ros_benchmarks:/home/rm/ws_moveit2_2/install/moveit_ros_warehouse:/home/rm/ws_moveit2_2/install/moveit_ros_robot_interaction:/home/rm/ws_moveit2_2/install/moveit_ros_perception:/home/rm/ws_moveit2_2/install/moveit_resources_prbt_pg70_support:/home/rm/ws_moveit2_2/install/moveit_resources_prbt_moveit_config:/home/rm/ws_moveit2_2/install/moveit_ros_move_group:/home/rm/ws_moveit2_2/install/moveit_planners_ompl:/home/rm/ws_moveit2_2/install/moveit_ros_planning:/home/rm/ws_moveit2_2/install/moveit_ros_occupancy_map_monitor:/home/rm/ws_moveit2_2/install/moveit_resources_prbt_ikfast_manipulator_plugin:/home/rm/ws_moveit2_2/install/moveit_planners_chomp:/home/rm/ws_moveit2_2/install/moveit_kinematics:/home/rm/ws_moveit2_2/install/moveit_chomp_optimizer_adapter:/home/rm/ws_moveit2_2/install/chomp_motion_planner:/home/rm/ws_moveit2_2/install/moveit_core:/home/rm/ws_moveit2_2/install/srdfdom:/home/rm/ws_moveit2_2/install/rviz_marker_tools:/home/rm/ws_moveit2_2/install/rosparam_shortcuts:/home/rm/ws_moveit2_2/install/moveit_task_constructor_msgs:/home/rm/ws_moveit2_2/install/moveit_resources_prbt_support:/home/rm/ws_moveit2_2/install/moveit_resources:/home/rm/ws_moveit2_2/install/moveit_resources_pr2_description:/home/rm/ws_moveit2_2/install/moveit_resources_panda_moveit_config:/home/rm/ws_moveit2_2/install/moveit_resources_panda_description:/home/rm/ws_moveit2_2/install/moveit_resources_fanuc_moveit_config:/home/rm/ws_moveit2_2/install/moveit_resources_fanuc_description:/home/rm/ws_moveit2_2/install/moveit_common:/home/rm/ws_moveit2_2/install/arm_urdf:/home/rm/zed_ws/install/zed_ros2:/home/rm/zed_ws/install/zed_wrapper:/home/rm/zed_ws/install/zed_components:/home/rm/filter/install/object_filter_package:/home/rm/ws_moveit2_2/install/moveit_configs_utils:/home/rm/ws_moveit2_2/install/launch_param_builder:/opt/ros/humble /usr/bin/cmake --build /home/rm/filter/build/zed_ros2 -- -j4 -l4[0m
[5.932s] [34mcolcon.colcon_core.event_handler.log_command[0m [1;30mDEBUG[0m [32mInvoked command in '/home/rm/filter/build/zed_ros2' returned '0': CMAKE_PREFIX_PATH=/home/rm/filter/install/zed_wrapper:/home/rm/filter/install/zed_components:/home/rm/filter/install/zed_ros2:/home/rm/ws_moveit2_2/install/pick_and_place:/home/rm/ws_moveit2_2/install/robo_moveit_config:/home/rm/ws_moveit2_2/install/pilz_industrial_motion_planner_testutils:/home/rm/ws_moveit2_2/install/moveit_runtime:/home/rm/ws_moveit2_2/install/moveit2_tutorials:/home/rm/ws_moveit2_2/install/moveit:/home/rm/ws_moveit2_2/install/moveit_planners:/home/rm/ws_moveit2_2/install/pilz_industrial_motion_planner:/home/rm/ws_moveit2_2/install/moveit_visual_tools:/home/rm/ws_moveit2_2/install/moveit_task_constructor_visualization:/home/rm/ws_moveit2_2/install/moveit_task_constructor_demo:/home/rm/ws_moveit2_2/install/moveit_task_constructor_capabilities:/home/rm/ws_moveit2_2/install/moveit_task_constructor_core:/home/rm/ws_moveit2_2/install/moveit_ros_control_interface:/home/rm/ws_moveit2_2/install/moveit_plugins:/home/rm/ws_moveit2_2/install/moveit_simple_controller_manager:/home/rm/ws_moveit2_2/install/moveit_setup_assistant:/home/rm/ws_moveit2_2/install/moveit_setup_srdf_plugins:/home/rm/ws_moveit2_2/install/moveit_setup_core_plugins:/home/rm/ws_moveit2_2/install/moveit_setup_controllers:/home/rm/ws_moveit2_2/install/moveit_setup_app_plugins:/home/rm/ws_moveit2_2/install/moveit_setup_framework:/home/rm/ws_moveit2_2/install/moveit_servo:/home/rm/ws_moveit2_2/install/moveit_ros:/home/rm/ws_moveit2_2/install/moveit_ros_visualization:/home/rm/ws_moveit2_2/install/moveit_hybrid_planning:/home/rm/ws_moveit2_2/install/moveit_ros_planning_interface:/home/rm/ws_moveit2_2/install/moveit_ros_benchmarks:/home/rm/ws_moveit2_2/install/moveit_ros_warehouse:/home/rm/ws_moveit2_2/install/moveit_ros_robot_interaction:/home/rm/ws_moveit2_2/install/moveit_ros_perception:/home/rm/ws_moveit2_2/install/moveit_resources_prbt_pg70_support:/home/rm/ws_moveit2_2/install/moveit_resources_prbt_moveit_config:/home/rm/ws_moveit2_2/install/moveit_ros_move_group:/home/rm/ws_moveit2_2/install/moveit_planners_ompl:/home/rm/ws_moveit2_2/install/moveit_ros_planning:/home/rm/ws_moveit2_2/install/moveit_ros_occupancy_map_monitor:/home/rm/ws_moveit2_2/install/moveit_resources_prbt_ikfast_manipulator_plugin:/home/rm/ws_moveit2_2/install/moveit_planners_chomp:/home/rm/ws_moveit2_2/install/moveit_kinematics:/home/rm/ws_moveit2_2/install/moveit_chomp_optimizer_adapter:/home/rm/ws_moveit2_2/install/chomp_motion_planner:/home/rm/ws_moveit2_2/install/moveit_core:/home/rm/ws_moveit2_2/install/srdfdom:/home/rm/ws_moveit2_2/install/rviz_marker_tools:/home/rm/ws_moveit2_2/install/rosparam_shortcuts:/home/rm/ws_moveit2_2/install/moveit_task_constructor_msgs:/home/rm/ws_moveit2_2/install/moveit_resources_prbt_support:/home/rm/ws_moveit2_2/install/moveit_resources:/home/rm/ws_moveit2_2/install/moveit_resources_pr2_description:/home/rm/ws_moveit2_2/install/moveit_resources_panda_moveit_config:/home/rm/ws_moveit2_2/install/moveit_resources_panda_description:/home/rm/ws_moveit2_2/install/moveit_resources_fanuc_moveit_config:/home/rm/ws_moveit2_2/install/moveit_resources_fanuc_description:/home/rm/ws_moveit2_2/install/moveit_common:/home/rm/ws_moveit2_2/install/arm_urdf:/home/rm/zed_ws/install/zed_ros2:/home/rm/zed_ws/install/zed_wrapper:/home/rm/zed_ws/install/zed_components:/home/rm/filter/install/object_filter_package:/home/rm/ws_moveit2_2/install/moveit_configs_utils:/home/rm/ws_moveit2_2/install/launch_param_builder:/opt/ros/humble /usr/bin/cmake --build /home/rm/filter/build/zed_ros2 -- -j4 -l4[0m
[5.933s] [34mcolcon.colcon_core.event_handler.log_command[0m [1;30mDEBUG[0m [32mInvoking command in '/home/rm/filter/build/zed_ros2': CMAKE_PREFIX_PATH=/home/rm/filter/install/zed_wrapper:/home/rm/filter/install/zed_components:/home/rm/filter/install/zed_ros2:/home/rm/ws_moveit2_2/install/pick_and_place:/home/rm/ws_moveit2_2/install/robo_moveit_config:/home/rm/ws_moveit2_2/install/pilz_industrial_motion_planner_testutils:/home/rm/ws_moveit2_2/install/moveit_runtime:/home/rm/ws_moveit2_2/install/moveit2_tutorials:/home/rm/ws_moveit2_2/install/moveit:/home/rm/ws_moveit2_2/install/moveit_planners:/home/rm/ws_moveit2_2/install/pilz_industrial_motion_planner:/home/rm/ws_moveit2_2/install/moveit_visual_tools:/home/rm/ws_moveit2_2/install/moveit_task_constructor_visualization:/home/rm/ws_moveit2_2/install/moveit_task_constructor_demo:/home/rm/ws_moveit2_2/install/moveit_task_constructor_capabilities:/home/rm/ws_moveit2_2/install/moveit_task_constructor_core:/home/rm/ws_moveit2_2/install/moveit_ros_control_interface:/home/rm/ws_moveit2_2/install/moveit_plugins:/home/rm/ws_moveit2_2/install/moveit_simple_controller_manager:/home/rm/ws_moveit2_2/install/moveit_setup_assistant:/home/rm/ws_moveit2_2/install/moveit_setup_srdf_plugins:/home/rm/ws_moveit2_2/install/moveit_setup_core_plugins:/home/rm/ws_moveit2_2/install/moveit_setup_controllers:/home/rm/ws_moveit2_2/install/moveit_setup_app_plugins:/home/rm/ws_moveit2_2/install/moveit_setup_framework:/home/rm/ws_moveit2_2/install/moveit_servo:/home/rm/ws_moveit2_2/install/moveit_ros:/home/rm/ws_moveit2_2/install/moveit_ros_visualization:/home/rm/ws_moveit2_2/install/moveit_hybrid_planning:/home/rm/ws_moveit2_2/install/moveit_ros_planning_interface:/home/rm/ws_moveit2_2/install/moveit_ros_benchmarks:/home/rm/ws_moveit2_2/install/moveit_ros_warehouse:/home/rm/ws_moveit2_2/install/moveit_ros_robot_interaction:/home/rm/ws_moveit2_2/install/moveit_ros_perception:/home/rm/ws_moveit2_2/install/moveit_resources_prbt_pg70_support:/home/rm/ws_moveit2_2/install/moveit_resources_prbt_moveit_config:/home/rm/ws_moveit2_2/install/moveit_ros_move_group:/home/rm/ws_moveit2_2/install/moveit_planners_ompl:/home/rm/ws_moveit2_2/install/moveit_ros_planning:/home/rm/ws_moveit2_2/install/moveit_ros_occupancy_map_monitor:/home/rm/ws_moveit2_2/install/moveit_resources_prbt_ikfast_manipulator_plugin:/home/rm/ws_moveit2_2/install/moveit_planners_chomp:/home/rm/ws_moveit2_2/install/moveit_kinematics:/home/rm/ws_moveit2_2/install/moveit_chomp_optimizer_adapter:/home/rm/ws_moveit2_2/install/chomp_motion_planner:/home/rm/ws_moveit2_2/install/moveit_core:/home/rm/ws_moveit2_2/install/srdfdom:/home/rm/ws_moveit2_2/install/rviz_marker_tools:/home/rm/ws_moveit2_2/install/rosparam_shortcuts:/home/rm/ws_moveit2_2/install/moveit_task_constructor_msgs:/home/rm/ws_moveit2_2/install/moveit_resources_prbt_support:/home/rm/ws_moveit2_2/install/moveit_resources:/home/rm/ws_moveit2_2/install/moveit_resources_pr2_description:/home/rm/ws_moveit2_2/install/moveit_resources_panda_moveit_config:/home/rm/ws_moveit2_2/install/moveit_resources_panda_description:/home/rm/ws_moveit2_2/install/moveit_resources_fanuc_moveit_config:/home/rm/ws_moveit2_2/install/moveit_resources_fanuc_description:/home/rm/ws_moveit2_2/install/moveit_common:/home/rm/ws_moveit2_2/install/arm_urdf:/home/rm/zed_ws/install/zed_ros2:/home/rm/zed_ws/install/zed_wrapper:/home/rm/zed_ws/install/zed_components:/home/rm/filter/install/object_filter_package:/home/rm/ws_moveit2_2/install/moveit_configs_utils:/home/rm/ws_moveit2_2/install/launch_param_builder:/opt/ros/humble /usr/bin/cmake --install /home/rm/filter/build/zed_ros2[0m
[5.996s] [34mcolcon.colcon_core.environment[0m [1;30mLevel 1[0m create_environment_scripts_only(zed_ros2)
[5.997s] [34mcolcon.colcon_core.environment[0m [1;30mLevel 1[0m checking '/home/rm/filter/install/zed_ros2' for CMake module files
[5.998s] [34mcolcon.colcon_core.environment[0m [1;30mLevel 1[0m checking '/home/rm/filter/install/zed_ros2' for CMake config files
[5.999s] [34mcolcon.colcon_core.shell[0m [1;30mLevel 1[0m create_environment_hook('zed_ros2', 'cmake_prefix_path')
[6.017s] [34mcolcon.colcon_core.shell[0m [1;30mINFO[0m Creating environment hook '/home/rm/filter/install/zed_ros2/share/zed_ros2/hook/cmake_prefix_path.ps1'
[6.019s] [34mcolcon.colcon_core.event_handler.log_command[0m [1;30mDEBUG[0m [32mInvoked command in '/home/rm/filter/build/zed_ros2' returned '0': CMAKE_PREFIX_PATH=/home/rm/filter/install/zed_wrapper:/home/rm/filter/install/zed_components:/home/rm/filter/install/zed_ros2:/home/rm/ws_moveit2_2/install/pick_and_place:/home/rm/ws_moveit2_2/install/robo_moveit_config:/home/rm/ws_moveit2_2/install/pilz_industrial_motion_planner_testutils:/home/rm/ws_moveit2_2/install/moveit_runtime:/home/rm/ws_moveit2_2/install/moveit2_tutorials:/home/rm/ws_moveit2_2/install/moveit:/home/rm/ws_moveit2_2/install/moveit_planners:/home/rm/ws_moveit2_2/install/pilz_industrial_motion_planner:/home/rm/ws_moveit2_2/install/moveit_visual_tools:/home/rm/ws_moveit2_2/install/moveit_task_constructor_visualization:/home/rm/ws_moveit2_2/install/moveit_task_constructor_demo:/home/rm/ws_moveit2_2/install/moveit_task_constructor_capabilities:/home/rm/ws_moveit2_2/install/moveit_task_constructor_core:/home/rm/ws_moveit2_2/install/moveit_ros_control_interface:/home/rm/ws_moveit2_2/install/moveit_plugins:/home/rm/ws_moveit2_2/install/moveit_simple_controller_manager:/home/rm/ws_moveit2_2/install/moveit_setup_assistant:/home/rm/ws_moveit2_2/install/moveit_setup_srdf_plugins:/home/rm/ws_moveit2_2/install/moveit_setup_core_plugins:/home/rm/ws_moveit2_2/install/moveit_setup_controllers:/home/rm/ws_moveit2_2/install/moveit_setup_app_plugins:/home/rm/ws_moveit2_2/install/moveit_setup_framework:/home/rm/ws_moveit2_2/install/moveit_servo:/home/rm/ws_moveit2_2/install/moveit_ros:/home/rm/ws_moveit2_2/install/moveit_ros_visualization:/home/rm/ws_moveit2_2/install/moveit_hybrid_planning:/home/rm/ws_moveit2_2/install/moveit_ros_planning_interface:/home/rm/ws_moveit2_2/install/moveit_ros_benchmarks:/home/rm/ws_moveit2_2/install/moveit_ros_warehouse:/home/rm/ws_moveit2_2/install/moveit_ros_robot_interaction:/home/rm/ws_moveit2_2/install/moveit_ros_perception:/home/rm/ws_moveit2_2/install/moveit_resources_prbt_pg70_support:/home/rm/ws_moveit2_2/install/moveit_resources_prbt_moveit_config:/home/rm/ws_moveit2_2/install/moveit_ros_move_group:/home/rm/ws_moveit2_2/install/moveit_planners_ompl:/home/rm/ws_moveit2_2/install/moveit_ros_planning:/home/rm/ws_moveit2_2/install/moveit_ros_occupancy_map_monitor:/home/rm/ws_moveit2_2/install/moveit_resources_prbt_ikfast_manipulator_plugin:/home/rm/ws_moveit2_2/install/moveit_planners_chomp:/home/rm/ws_moveit2_2/install/moveit_kinematics:/home/rm/ws_moveit2_2/install/moveit_chomp_optimizer_adapter:/home/rm/ws_moveit2_2/install/chomp_motion_planner:/home/rm/ws_moveit2_2/install/moveit_core:/home/rm/ws_moveit2_2/install/srdfdom:/home/rm/ws_moveit2_2/install/rviz_marker_tools:/home/rm/ws_moveit2_2/install/rosparam_shortcuts:/home/rm/ws_moveit2_2/install/moveit_task_constructor_msgs:/home/rm/ws_moveit2_2/install/moveit_resources_prbt_support:/home/rm/ws_moveit2_2/install/moveit_resources:/home/rm/ws_moveit2_2/install/moveit_resources_pr2_description:/home/rm/ws_moveit2_2/install/moveit_resources_panda_moveit_config:/home/rm/ws_moveit2_2/install/moveit_resources_panda_description:/home/rm/ws_moveit2_2/install/moveit_resources_fanuc_moveit_config:/home/rm/ws_moveit2_2/install/moveit_resources_fanuc_description:/home/rm/ws_moveit2_2/install/moveit_common:/home/rm/ws_moveit2_2/install/arm_urdf:/home/rm/zed_ws/install/zed_ros2:/home/rm/zed_ws/install/zed_wrapper:/home/rm/zed_ws/install/zed_components:/home/rm/filter/install/object_filter_package:/home/rm/ws_moveit2_2/install/moveit_configs_utils:/home/rm/ws_moveit2_2/install/launch_param_builder:/opt/ros/humble /usr/bin/cmake --install /home/rm/filter/build/zed_ros2[0m
[6.021s] [34mcolcon.colcon_core.shell[0m [1;30mINFO[0m Creating environment descriptor '/home/rm/filter/install/zed_ros2/share/zed_ros2/hook/cmake_prefix_path.dsv'
[6.023s] [34mcolcon.colcon_core.shell[0m [1;30mINFO[0m Creating environment hook '/home/rm/filter/install/zed_ros2/share/zed_ros2/hook/cmake_prefix_path.sh'
[6.025s] [34mcolcon.colcon_core.environment[0m [1;30mLevel 1[0m checking '/home/rm/filter/install/zed_ros2/bin'
[6.026s] [34mcolcon.colcon_core.environment[0m [1;30mLevel 1[0m checking '/home/rm/filter/install/zed_ros2/lib/pkgconfig/zed_ros2.pc'
[6.027s] [34mcolcon.colcon_core.environment[0m [1;30mLevel 1[0m checking '/home/rm/filter/install/zed_ros2/lib/python3.10/site-packages'
[6.027s] [34mcolcon.colcon_core.environment[0m [1;30mLevel 1[0m checking '/home/rm/filter/install/zed_ros2/bin'
[6.029s] [34mcolcon.colcon_core.shell[0m [1;30mINFO[0m Creating package script '/home/rm/filter/install/zed_ros2/share/zed_ros2/package.ps1'
[6.031s] [34mcolcon.colcon_core.shell[0m [1;30mINFO[0m Creating package descriptor '/home/rm/filter/install/zed_ros2/share/zed_ros2/package.dsv'
[6.032s] [34mcolcon.colcon_core.shell[0m [1;30mINFO[0m Creating package script '/home/rm/filter/install/zed_ros2/share/zed_ros2/package.sh'
[6.034s] [34mcolcon.colcon_core.shell[0m [1;30mINFO[0m Creating package script '/home/rm/filter/install/zed_ros2/share/zed_ros2/package.bash'
[6.036s] [34mcolcon.colcon_core.shell[0m [1;30mINFO[0m Creating package script '/home/rm/filter/install/zed_ros2/share/zed_ros2/package.zsh'
[6.048s] [34mcolcon.colcon_core.environment[0m [1;30mLevel 1[0m create_file_with_runtime_dependencies(/home/rm/filter/install/zed_ros2/share/colcon-core/packages/zed_ros2)
[6.050s] [34mcolcon.colcon_core.environment[0m [1;30mLevel 1[0m create_environment_scripts_only(zed_ros2)
[6.051s] [34mcolcon.colcon_core.environment[0m [1;30mLevel 1[0m checking '/home/rm/filter/install/zed_ros2' for CMake module files
[6.053s] [34mcolcon.colcon_core.environment[0m [1;30mLevel 1[0m checking '/home/rm/filter/install/zed_ros2' for CMake config files
[6.054s] [34mcolcon.colcon_core.shell[0m [1;30mLevel 1[0m create_environment_hook('zed_ros2', 'cmake_prefix_path')
[6.055s] [34mcolcon.colcon_core.shell[0m [1;30mINFO[0m Creating environment hook '/home/rm/filter/install/zed_ros2/share/zed_ros2/hook/cmake_prefix_path.ps1'
[6.057s] [34mcolcon.colcon_core.shell[0m [1;30mINFO[0m Creating environment descriptor '/home/rm/filter/install/zed_ros2/share/zed_ros2/hook/cmake_prefix_path.dsv'
[6.058s] [34mcolcon.colcon_core.shell[0m [1;30mINFO[0m Creating environment hook '/home/rm/filter/install/zed_ros2/share/zed_ros2/hook/cmake_prefix_path.sh'
[6.060s] [34mcolcon.colcon_core.environment[0m [1;30mLevel 1[0m checking '/home/rm/filter/install/zed_ros2/bin'
[6.061s] [34mcolcon.colcon_core.environment[0m [1;30mLevel 1[0m checking '/home/rm/filter/install/zed_ros2/lib/pkgconfig/zed_ros2.pc'
[6.062s] [34mcolcon.colcon_core.environment[0m [1;30mLevel 1[0m checking '/home/rm/filter/install/zed_ros2/lib/python3.10/site-packages'
[6.062s] [34mcolcon.colcon_core.environment[0m [1;30mLevel 1[0m checking '/home/rm/filter/install/zed_ros2/bin'
[6.066s] [34mcolcon.colcon_core.shell[0m [1;30mINFO[0m Creating package script '/home/rm/filter/install/zed_ros2/share/zed_ros2/package.ps1'
[6.070s] [34mcolcon.colcon_core.shell[0m [1;30mINFO[0m Creating package descriptor '/home/rm/filter/install/zed_ros2/share/zed_ros2/package.dsv'
[6.077s] [34mcolcon.colcon_core.shell[0m [1;30mINFO[0m Creating package script '/home/rm/filter/install/zed_ros2/share/zed_ros2/package.sh'
[6.080s] [34mcolcon.colcon_core.shell[0m [1;30mINFO[0m Creating package script '/home/rm/filter/install/zed_ros2/share/zed_ros2/package.bash'
[6.082s] [34mcolcon.colcon_core.shell[0m [1;30mINFO[0m Creating package script '/home/rm/filter/install/zed_ros2/share/zed_ros2/package.zsh'
[6.084s] [34mcolcon.colcon_core.environment[0m [1;30mLevel 1[0m create_file_with_runtime_dependencies(/home/rm/filter/install/zed_ros2/share/colcon-core/packages/zed_ros2)
[6.908s] [34mcolcon.colcon_core.event_handler.log_command[0m [1;30mDEBUG[0m [32mInvoking command in '/home/rm/filter/src/object_filter_package': PYTHONPATH=/home/rm/filter/build/object_filter_package/prefix_override:/usr/lib/python3/dist-packages/colcon_core/task/python/colcon_distutils_commands:/home/rm/filter/install/object_filter_package/lib/python3.10/site-packages:${PYTHONPATH} /usr/bin/python3 -W ignore:setup.py install is deprecated -W ignore:easy_install command is deprecated setup.py egg_info --egg-base ../../build/object_filter_package build --build-base /home/rm/filter/build/object_filter_package/build install --record /home/rm/filter/build/object_filter_package/install.log --single-version-externally-managed install_data[0m
[8.076s] [34mcolcon.colcon_core.environment[0m [1;30mLevel 1[0m checking '/home/rm/filter/install/object_filter_package' for CMake module files
[8.077s] [34mcolcon.colcon_core.event_handler.log_command[0m [1;30mDEBUG[0m [32mInvoked command in '/home/rm/filter/src/object_filter_package' returned '0': PYTHONPATH=/home/rm/filter/build/object_filter_package/prefix_override:/usr/lib/python3/dist-packages/colcon_core/task/python/colcon_distutils_commands:/home/rm/filter/install/object_filter_package/lib/python3.10/site-packages:${PYTHONPATH} /usr/bin/python3 -W ignore:setup.py install is deprecated -W ignore:easy_install command is deprecated setup.py egg_info --egg-base ../../build/object_filter_package build --build-base /home/rm/filter/build/object_filter_package/build install --record /home/rm/filter/build/object_filter_package/install.log --single-version-externally-managed install_data[0m
[8.078s] [34mcolcon.colcon_core.environment[0m [1;30mLevel 1[0m checking '/home/rm/filter/install/object_filter_package' for CMake config files
[8.079s] [34mcolcon.colcon_core.environment[0m [1;30mLevel 1[0m checking '/home/rm/filter/install/object_filter_package/lib'
[8.080s] [34mcolcon.colcon_core.environment[0m [1;30mLevel 1[0m checking '/home/rm/filter/install/object_filter_package/bin'
[8.080s] [34mcolcon.colcon_core.environment[0m [1;30mLevel 1[0m checking '/home/rm/filter/install/object_filter_package/lib/pkgconfig/object_filter_package.pc'
[8.080s] [34mcolcon.colcon_core.environment[0m [1;30mLevel 1[0m checking '/home/rm/filter/install/object_filter_package/lib/python3.10/site-packages'
[8.081s] [34mcolcon.colcon_core.shell[0m [1;30mLevel 1[0m create_environment_hook('object_filter_package', 'pythonpath')
[8.081s] [34mcolcon.colcon_core.shell[0m [1;30mINFO[0m Creating environment hook '/home/rm/filter/install/object_filter_package/share/object_filter_package/hook/pythonpath.ps1'
[8.083s] [34mcolcon.colcon_core.shell[0m [1;30mINFO[0m Creating environment descriptor '/home/rm/filter/install/object_filter_package/share/object_filter_package/hook/pythonpath.dsv'
[8.084s] [34mcolcon.colcon_core.shell[0m [1;30mINFO[0m Creating environment hook '/home/rm/filter/install/object_filter_package/share/object_filter_package/hook/pythonpath.sh'
[8.086s] [34mcolcon.colcon_core.environment[0m [1;30mLevel 1[0m checking '/home/rm/filter/install/object_filter_package/bin'
[8.086s] [34mcolcon.colcon_core.environment[0m [1;30mLevel 1[0m create_environment_scripts_only(object_filter_package)
[8.087s] [34mcolcon.colcon_core.shell[0m [1;30mINFO[0m Creating package script '/home/rm/filter/install/object_filter_package/share/object_filter_package/package.ps1'
[8.094s] [34mcolcon.colcon_core.shell[0m [1;30mINFO[0m Creating package descriptor '/home/rm/filter/install/object_filter_package/share/object_filter_package/package.dsv'
[8.096s] [34mcolcon.colcon_core.shell[0m [1;30mINFO[0m Creating package script '/home/rm/filter/install/object_filter_package/share/object_filter_package/package.sh'
[8.103s] [34mcolcon.colcon_core.shell[0m [1;30mINFO[0m Creating package script '/home/rm/filter/install/object_filter_package/share/object_filter_package/package.bash'
[8.105s] [34mcolcon.colcon_core.shell[0m [1;30mINFO[0m Creating package script '/home/rm/filter/install/object_filter_package/share/object_filter_package/package.zsh'
[8.110s] [34mcolcon.colcon_core.environment[0m [1;30mLevel 1[0m create_file_with_runtime_dependencies(/home/rm/filter/install/object_filter_package/share/colcon-core/packages/object_filter_package)
[8.111s] [34mcolcon.colcon_parallel_executor.executor.parallel[0m [1;30mDEBUG[0m [32mclosing loop[0m
[8.115s] [34mcolcon.colcon_parallel_executor.executor.parallel[0m [1;30mDEBUG[0m [32mloop closed[0m
[8.115s] [34mcolcon.colcon_parallel_executor.executor.parallel[0m [1;30mDEBUG[0m [32mrun_until_complete finished with '0'[0m
[8.116s] [34mcolcon.colcon_core.event_reactor[0m [1;30mDEBUG[0m [32mjoining thread[0m
[8.157s] [34mcolcon.colcon_core.plugin_system[0m [1;30mINFO[0m Skipping extension 'colcon_notification.desktop_notification.terminal_notifier': Not used on non-Darwin systems
[8.159s] [34mcolcon.colcon_core.plugin_system[0m [1;30mINFO[0m Skipping extension 'colcon_notification.desktop_notification.win32': Not used on non-Windows systems
[8.164s] [34mcolcon.colcon_notification.desktop_notification[0m [1;30mINFO[0m Sending desktop notification using 'notify2'
[8.212s] [34mcolcon.colcon_core.event_reactor[0m [1;30mDEBUG[0m [32mjoined thread[0m
[8.213s] [34mcolcon.colcon_core.shell[0m [1;30mINFO[0m Creating prefix script '/home/rm/filter/install/local_setup.ps1'
[8.217s] [34mcolcon.colcon_core.shell[0m [1;30mINFO[0m Creating prefix util module '/home/rm/filter/install/_local_setup_util_ps1.py'
[8.224s] [34mcolcon.colcon_core.shell[0m [1;30mINFO[0m Creating prefix chain script '/home/rm/filter/install/setup.ps1'
[8.242s] [34mcolcon.colcon_core.shell[0m [1;30mINFO[0m Creating prefix script '/home/rm/filter/install/local_setup.sh'
[8.247s] [34mcolcon.colcon_core.shell[0m [1;30mINFO[0m Creating prefix util module '/home/rm/filter/install/_local_setup_util_sh.py'
[8.252s] [34mcolcon.colcon_core.shell[0m [1;30mINFO[0m Creating prefix chain script '/home/rm/filter/install/setup.sh'
[8.273s] [34mcolcon.colcon_core.shell[0m [1;30mINFO[0m Creating prefix script '/home/rm/filter/install/local_setup.bash'
[8.278s] [34mcolcon.colcon_core.shell[0m [1;30mINFO[0m Creating prefix chain script '/home/rm/filter/install/setup.bash'
[8.289s] [34mcolcon.colcon_core.shell[0m [1;30mINFO[0m Creating prefix script '/home/rm/filter/install/local_setup.zsh'
[8.290s] [34mcolcon.colcon_core.shell[0m [1;30mINFO[0m Creating prefix chain script '/home/rm/filter/install/setup.zsh'
