[2.400s] Invoking command in '/home/rm/filter/src/object_filter_package': PYTHONPATH=/home/rm/filter/build/object_filter_package/prefix_override:/usr/lib/python3/dist-packages/colcon_core/task/python/colcon_distutils_commands:/home/rm/filter/install/object_filter_package/lib/python3.10/site-packages:${PYTHONPATH} /usr/bin/python3 -W ignore:setup.py install is deprecated -W ignore:easy_install command is deprecated setup.py egg_info --egg-base ../../build/object_filter_package build --build-base /home/rm/filter/build/object_filter_package/build install --record /home/rm/filter/build/object_filter_package/install.log --single-version-externally-managed install_data
[2.995s] running egg_info
[2.997s] writing ../../build/object_filter_package/object_filter_package.egg-info/PKG-INFO
[2.997s] writing dependency_links to ../../build/object_filter_package/object_filter_package.egg-info/dependency_links.txt
[2.998s] writing entry points to ../../build/object_filter_package/object_filter_package.egg-info/entry_points.txt
[2.998s] writing requirements to ../../build/object_filter_package/object_filter_package.egg-info/requires.txt
[2.998s] writing top-level names to ../../build/object_filter_package/object_filter_package.egg-info/top_level.txt
[3.003s] reading manifest file '../../build/object_filter_package/object_filter_package.egg-info/SOURCES.txt'
[3.005s] writing manifest file '../../build/object_filter_package/object_filter_package.egg-info/SOURCES.txt'
[3.005s] running build
[3.005s] running build_py
[3.005s] copying object_filter_package/onnxrun.py -> /home/rm/filter/build/object_filter_package/build/lib/object_filter_package
[3.006s] running install
[3.007s] running install_lib
[3.009s] copying /home/rm/filter/build/object_filter_package/build/lib/object_filter_package/onnxrun.py -> /home/rm/filter/install/object_filter_package/lib/python3.10/site-packages/object_filter_package
[3.011s] byte-compiling /home/rm/filter/install/object_filter_package/lib/python3.10/site-packages/object_filter_package/onnxrun.py to onnxrun.cpython-310.pyc
[3.013s] running install_data
[3.013s] running install_egg_info
[3.020s] removing '/home/rm/filter/install/object_filter_package/lib/python3.10/site-packages/object_filter_package-0.0.0-py3.10.egg-info' (and everything under it)
[3.021s] Copying ../../build/object_filter_package/object_filter_package.egg-info to /home/rm/filter/install/object_filter_package/lib/python3.10/site-packages/object_filter_package-0.0.0-py3.10.egg-info
[3.022s] running install_scripts
[3.070s] Installing object_filter_node script to /home/rm/filter/install/object_filter_package/lib/object_filter_package
[3.071s] Installing onnxrun script to /home/rm/filter/install/object_filter_package/lib/object_filter_package
[3.072s] writing list of installed files to '/home/rm/filter/build/object_filter_package/install.log'
[3.155s] Invoked command in '/home/rm/filter/src/object_filter_package' returned '0': PYTHONPATH=/home/rm/filter/build/object_filter_package/prefix_override:/usr/lib/python3/dist-packages/colcon_core/task/python/colcon_distutils_commands:/home/rm/filter/install/object_filter_package/lib/python3.10/site-packages:${PYTHONPATH} /usr/bin/python3 -W ignore:setup.py install is deprecated -W ignore:easy_install command is deprecated setup.py egg_info --egg-base ../../build/object_filter_package build --build-base /home/rm/filter/build/object_filter_package/build install --record /home/rm/filter/build/object_filter_package/install.log --single-version-externally-managed install_data
