/home/rm/filter/install/object_filter_package/lib/python3.10/site-packages/object_filter_package/__init__.py
/home/rm/filter/install/object_filter_package/lib/python3.10/site-packages/object_filter_package/test.py
/home/rm/filter/install/object_filter_package/lib/python3.10/site-packages/object_filter_package/onnxrun.py
/home/rm/filter/install/object_filter_package/lib/python3.10/site-packages/object_filter_package/object_filter_node.py
/home/rm/filter/install/object_filter_package/lib/python3.10/site-packages/object_filter_package/__pycache__/__init__.cpython-310.pyc
/home/rm/filter/install/object_filter_package/lib/python3.10/site-packages/object_filter_package/__pycache__/test.cpython-310.pyc
/home/rm/filter/install/object_filter_package/lib/python3.10/site-packages/object_filter_package/__pycache__/onnxrun.cpython-310.pyc
/home/rm/filter/install/object_filter_package/lib/python3.10/site-packages/object_filter_package/__pycache__/object_filter_node.cpython-310.pyc
/home/rm/filter/install/object_filter_package/share/ament_index/resource_index/packages/object_filter_package
/home/rm/filter/install/object_filter_package/share/object_filter_package/package.xml
/home/rm/filter/install/object_filter_package/share/object_filter_package/msg/YoloObject.msg
/home/rm/filter/install/object_filter_package/lib/python3.10/site-packages/object_filter_package-0.0.0-py3.10.egg-info/zip-safe
/home/rm/filter/install/object_filter_package/lib/python3.10/site-packages/object_filter_package-0.0.0-py3.10.egg-info/requires.txt
/home/rm/filter/install/object_filter_package/lib/python3.10/site-packages/object_filter_package-0.0.0-py3.10.egg-info/entry_points.txt
/home/rm/filter/install/object_filter_package/lib/python3.10/site-packages/object_filter_package-0.0.0-py3.10.egg-info/SOURCES.txt
/home/rm/filter/install/object_filter_package/lib/python3.10/site-packages/object_filter_package-0.0.0-py3.10.egg-info/PKG-INFO
/home/rm/filter/install/object_filter_package/lib/python3.10/site-packages/object_filter_package-0.0.0-py3.10.egg-info/top_level.txt
/home/rm/filter/install/object_filter_package/lib/python3.10/site-packages/object_filter_package-0.0.0-py3.10.egg-info/dependency_links.txt
/home/rm/filter/install/object_filter_package/lib/object_filter_package/object_filter_node
/home/rm/filter/install/object_filter_package/lib/object_filter_package/onnxrun
/home/rm/filter/install/object_filter_package/lib/object_filter_package/test
