[1.941s] Invoking command in '/home/rm/filter/src/object_filter_package': PYTHONPATH=/home/rm/filter/build/object_filter_package/prefix_override:/usr/lib/python3/dist-packages/colcon_core/task/python/colcon_distutils_commands:/home/rm/filter/install/object_filter_package/lib/python3.10/site-packages:${PYTHONPATH} /usr/bin/python3 -W ignore:setup.py install is deprecated -W ignore:easy_install command is deprecated setup.py egg_info --egg-base ../../build/object_filter_package build --build-base /home/rm/filter/build/object_filter_package/build install --record /home/rm/filter/build/object_filter_package/install.log --single-version-externally-managed install_data
[2.540s] running egg_info
[2.541s] writing ../../build/object_filter_package/object_filter_package.egg-info/PKG-INFO
[2.542s] writing dependency_links to ../../build/object_filter_package/object_filter_package.egg-info/dependency_links.txt
[2.543s] writing entry points to ../../build/object_filter_package/object_filter_package.egg-info/entry_points.txt
[2.543s] writing requirements to ../../build/object_filter_package/object_filter_package.egg-info/requires.txt
[2.543s] writing top-level names to ../../build/object_filter_package/object_filter_package.egg-info/top_level.txt
[2.548s] reading manifest file '../../build/object_filter_package/object_filter_package.egg-info/SOURCES.txt'
[2.549s] writing manifest file '../../build/object_filter_package/object_filter_package.egg-info/SOURCES.txt'
[2.550s] running build
[2.550s] running build_py
[2.550s] copying object_filter_package/onnxrun.py -> /home/rm/filter/build/object_filter_package/build/lib/object_filter_package
[2.551s] running install
[2.552s] running install_lib
[2.554s] copying /home/rm/filter/build/object_filter_package/build/lib/object_filter_package/onnxrun.py -> /home/rm/filter/install/object_filter_package/lib/python3.10/site-packages/object_filter_package
[2.556s] byte-compiling /home/rm/filter/install/object_filter_package/lib/python3.10/site-packages/object_filter_package/onnxrun.py to onnxrun.cpython-310.pyc
[2.558s] Sorry: IndentationError: expected an indented block after function definition on line 76 (onnxrun.py, line 77)
[2.559s] running install_data
[2.559s] running install_egg_info
[2.563s] removing '/home/rm/filter/install/object_filter_package/lib/python3.10/site-packages/object_filter_package-0.0.0-py3.10.egg-info' (and everything under it)
[2.564s] Copying ../../build/object_filter_package/object_filter_package.egg-info to /home/rm/filter/install/object_filter_package/lib/python3.10/site-packages/object_filter_package-0.0.0-py3.10.egg-info
[2.566s] running install_scripts
[2.614s] Installing object_filter_node script to /home/rm/filter/install/object_filter_package/lib/object_filter_package
[2.615s] Installing onnxrun script to /home/rm/filter/install/object_filter_package/lib/object_filter_package
[2.616s] writing list of installed files to '/home/rm/filter/build/object_filter_package/install.log'
[2.708s] Invoked command in '/home/rm/filter/src/object_filter_package' returned '0': PYTHONPATH=/home/rm/filter/build/object_filter_package/prefix_override:/usr/lib/python3/dist-packages/colcon_core/task/python/colcon_distutils_commands:/home/rm/filter/install/object_filter_package/lib/python3.10/site-packages:${PYTHONPATH} /usr/bin/python3 -W ignore:setup.py install is deprecated -W ignore:easy_install command is deprecated setup.py egg_info --egg-base ../../build/object_filter_package build --build-base /home/rm/filter/build/object_filter_package/build install --record /home/rm/filter/build/object_filter_package/install.log --single-version-externally-managed install_data
