[0.068s] Invoking command in '/home/rm/filter/build/zed_components': CMAKE_PREFIX_PATH=${CMAKE_PREFIX_PATH}:/home/rm/filter/install/object_filter_package:/home/rm/ws_moveit2_2/install/moveit_configs_utils:/home/rm/ws_moveit2_2/install/launch_param_builder:/opt/ros/humble /usr/bin/cmake /home/rm/filter/src/zed-ros2-wrapper/zed_components -DCMAKE_INSTALL_PREFIX=/home/rm/filter/install/zed_components
[0.279s] -- The C compiler identification is GNU 11.4.0
[0.448s] -- The CXX compiler identification is GNU 11.4.0
[0.492s] -- Detecting C compiler ABI info
[0.883s] -- Detecting C compiler ABI info - done
[0.897s] -- Check for working C compiler: /usr/bin/cc - skipped
[0.898s] -- Detecting C compile features
[0.898s] -- Detecting C compile features - done
[0.905s] -- Detecting CXX compiler ABI info
[1.262s] -- Detecting CXX compiler ABI info - done
[1.276s] -- Check for working CXX compiler: /usr/bin/c++ - skipped
[1.277s] -- Detecting CXX compile features
[1.278s] -- Detecting CXX compile features - done
[1.301s] -- Looking for sgemm_
[1.590s] -- Looking for sgemm_ - not found
[1.593s] -- Looking for pthread.h
[1.900s] -- Looking for pthread.h - found
[1.900s] -- Performing Test CMAKE_HAVE_LIBC_PTHREAD
[2.185s] -- Performing Test CMAKE_HAVE_LIBC_PTHREAD - Success
[2.185s] -- Found Threads: TRUE  
[2.387s] -- Looking for sgemm_
[2.882s] -- Looking for sgemm_ - found
[2.883s] -- Found BLAS: /usr/lib/aarch64-linux-gnu/libopenblas.so  
[2.991s] -- Found CUDA: /usr/local/cuda (found suitable version "12.6", minimum required is "12.6") 
[3.085s] -- Found CUDA: /usr/local/cuda (found version "12.6") 
[3.106s] -- Found ament_cmake_auto: 1.3.11 (/opt/ros/humble/share/ament_cmake_auto/cmake)
[3.642s] -- Found Python3: /usr/bin/python3 (found version "3.10.12") found components: Interpreter 
[4.462s] -- Found rosidl_generator_c: 3.1.6 (/opt/ros/humble/share/rosidl_generator_c/cmake)
[4.495s] -- Found rosidl_adapter: 3.1.6 (/opt/ros/humble/share/rosidl_adapter/cmake)
[4.536s] -- Found rosidl_generator_cpp: 3.1.6 (/opt/ros/humble/share/rosidl_generator_cpp/cmake)
[4.590s] -- Using all available rosidl_typesupport_c: rosidl_typesupport_fastrtps_c;rosidl_typesupport_introspection_c
[4.666s] -- Using all available rosidl_typesupport_cpp: rosidl_typesupport_fastrtps_cpp;rosidl_typesupport_introspection_cpp
[5.093s] -- Found rmw_implementation_cmake: 6.1.2 (/opt/ros/humble/share/rmw_implementation_cmake/cmake)
[5.116s] -- Found rmw_fastrtps_cpp: 6.2.7 (/opt/ros/humble/share/rmw_fastrtps_cpp/cmake)
[5.451s] -- Found OpenSSL: /usr/lib/aarch64-linux-gnu/libcrypto.so (found version "3.0.2")  
[5.532s] -- Found FastRTPS: /opt/ros/humble/include  
[5.665s] -- Using RMW implementation 'rmw_fastrtps_cpp' as default
[6.533s] -- Found eigen3_cmake_module: 0.1.1 (/opt/ros/humble/share/eigen3_cmake_module/cmake)
[6.536s] -- Found Eigen3: TRUE (found version "3.4.0") 
[6.536s] -- Ensuring Eigen3 include directory is part of orocos-kdl CMake target
[6.962s] -- Found ament_lint_auto: 0.12.12 (/opt/ros/humble/share/ament_lint_auto/cmake)
[7.245s] -- Added test 'copyright' to check source files copyright and LICENSE
[7.251s] -- Added test 'cppcheck' to perform static code analysis on C / C++ code
[7.252s] -- Configured cppcheck include dirs: /home/rm/filter/src/zed-ros2-wrapper/zed_components/src/include;/home/rm/filter/src/zed-ros2-wrapper/zed_components/src/zed_camera/include;/home/rm/filter/src/zed-ros2-wrapper/zed_components/src/tools/include
[7.252s] -- Configured cppcheck exclude dirs and/or files: 
[7.257s] -- Added test 'lint_cmake' to check CMake code style
[7.263s] -- Added test 'uncrustify' to check C / C++ code style
[7.264s] -- Configured uncrustify additional arguments: 
[7.268s] -- Added test 'xmllint' to check XML markup files
[7.279s] -- Configuring done
[7.355s] -- Generating done
[7.381s] -- Build files have been written to: /home/rm/filter/build/zed_components
[7.425s] Invoked command in '/home/rm/filter/build/zed_components' returned '0': CMAKE_PREFIX_PATH=${CMAKE_PREFIX_PATH}:/home/rm/filter/install/object_filter_package:/home/rm/ws_moveit2_2/install/moveit_configs_utils:/home/rm/ws_moveit2_2/install/launch_param_builder:/opt/ros/humble /usr/bin/cmake /home/rm/filter/src/zed-ros2-wrapper/zed_components -DCMAKE_INSTALL_PREFIX=/home/rm/filter/install/zed_components
[7.433s] Invoking command in '/home/rm/filter/build/zed_components': CMAKE_PREFIX_PATH=${CMAKE_PREFIX_PATH}:/home/rm/filter/install/object_filter_package:/home/rm/ws_moveit2_2/install/moveit_configs_utils:/home/rm/ws_moveit2_2/install/launch_param_builder:/opt/ros/humble /usr/bin/cmake --build /home/rm/filter/build/zed_components -- -j4 -l4
[7.643s] [ 10%] [32mBuilding CXX object CMakeFiles/zed_camera_component.dir/src/tools/src/sl_win_avg.cpp.o[0m
[7.649s] [ 20%] [32mBuilding CXX object CMakeFiles/zed_camera_component.dir/src/tools/src/sl_tools.cpp.o[0m
[7.704s] [ 40%] [32mBuilding CXX object CMakeFiles/zed_camera_one_component.dir/src/tools/src/sl_tools.cpp.o[0m
[7.705s] [ 40%] [32mBuilding CXX object CMakeFiles/zed_camera_component.dir/src/tools/src/gnss_replay.cpp.o[0m
[9.610s] [ 50%] [32mBuilding CXX object CMakeFiles/zed_camera_component.dir/src/zed_camera/src/zed_camera_component.cpp.o[0m
[20.116s] [ 60%] [32mBuilding CXX object CMakeFiles/zed_camera_one_component.dir/src/tools/src/sl_win_avg.cpp.o[0m
[20.533s] [ 70%] [32mBuilding CXX object CMakeFiles/zed_camera_one_component.dir/src/tools/src/gnss_replay.cpp.o[0m
[21.882s] [ 80%] [32mBuilding CXX object CMakeFiles/zed_camera_one_component.dir/src/zed_camera/src/zed_camera_one_component.cpp.o[0m
[87.841s] [ 90%] [32m[1mLinking CXX shared library libzed_camera_one_component.so[0m
[89.359s] [ 90%] Built target zed_camera_one_component
[240.761s] [100%] [32m[1mLinking CXX shared library libzed_camera_component.so[0m
[242.883s] [100%] Built target zed_camera_component
[242.952s] Invoked command in '/home/rm/filter/build/zed_components' returned '0': CMAKE_PREFIX_PATH=${CMAKE_PREFIX_PATH}:/home/rm/filter/install/object_filter_package:/home/rm/ws_moveit2_2/install/moveit_configs_utils:/home/rm/ws_moveit2_2/install/launch_param_builder:/opt/ros/humble /usr/bin/cmake --build /home/rm/filter/build/zed_components -- -j4 -l4
[243.031s] Invoking command in '/home/rm/filter/build/zed_components': CMAKE_PREFIX_PATH=${CMAKE_PREFIX_PATH}:/home/rm/filter/install/object_filter_package:/home/rm/ws_moveit2_2/install/moveit_configs_utils:/home/rm/ws_moveit2_2/install/launch_param_builder:/opt/ros/humble /usr/bin/cmake --install /home/rm/filter/build/zed_components
[243.067s] -- Install configuration: "Release"
[243.068s] -- Installing: /home/rm/filter/install/zed_components/lib/libzed_camera_component.so
[243.088s] -- Set runtime path of "/home/rm/filter/install/zed_components/lib/libzed_camera_component.so" to ""
[243.088s] -- Installing: /home/rm/filter/install/zed_components/lib/libzed_camera_one_component.so
[243.093s] -- Set runtime path of "/home/rm/filter/install/zed_components/lib/libzed_camera_one_component.so" to ""
[243.093s] -- Installing: /home/rm/filter/install/zed_components/include/zed_components/
[243.094s] -- Installing: /home/rm/filter/install/zed_components/include/zed_components//zed_camera_component.hpp
[243.095s] -- Installing: /home/rm/filter/install/zed_components/include/zed_components//zed_camera_one_component.hpp
[243.096s] -- Installing: /home/rm/filter/install/zed_components/include/zed_components//cost_traversability.hpp
[243.096s] -- Installing: /home/rm/filter/install/zed_components/include/zed_components//sl_types.hpp
[243.097s] -- Up-to-date: /home/rm/filter/install/zed_components/include/zed_components/
[243.100s] -- Installing: /home/rm/filter/install/zed_components/include/zed_components//sl_tools.hpp
[243.100s] -- Installing: /home/rm/filter/install/zed_components/include/zed_components//sl_win_avg.hpp
[243.101s] -- Installing: /home/rm/filter/install/zed_components/include/zed_components//sl_logging.hpp
[243.101s] -- Installing: /home/rm/filter/install/zed_components/include/zed_components//gnss_replay.hpp
[243.101s] -- Installing: /home/rm/filter/install/zed_components/include/zed_components//json.hpp
[243.104s] -- Up-to-date: /home/rm/filter/install/zed_components/include/zed_components/
[243.114s] -- Installing: /home/rm/filter/install/zed_components/include/zed_components//visibility_control.hpp
[243.114s] -- Installing: /home/rm/filter/install/zed_components/share/zed_components/environment/library_path.sh
[243.115s] -- Installing: /home/rm/filter/install/zed_components/share/zed_components/environment/library_path.dsv
[243.115s] -- Installing: /home/rm/filter/install/zed_components/share/ament_index/resource_index/package_run_dependencies/zed_components
[243.121s] -- Installing: /home/rm/filter/install/zed_components/share/ament_index/resource_index/parent_prefix_path/zed_components
[243.122s] -- Installing: /home/rm/filter/install/zed_components/share/zed_components/environment/ament_prefix_path.sh
[243.123s] -- Installing: /home/rm/filter/install/zed_components/share/zed_components/environment/ament_prefix_path.dsv
[243.123s] -- Installing: /home/rm/filter/install/zed_components/share/zed_components/environment/path.sh
[243.123s] -- Installing: /home/rm/filter/install/zed_components/share/zed_components/environment/path.dsv
[243.124s] -- Installing: /home/rm/filter/install/zed_components/share/zed_components/local_setup.bash
[243.124s] -- Installing: /home/rm/filter/install/zed_components/share/zed_components/local_setup.sh
[243.125s] -- Installing: /home/rm/filter/install/zed_components/share/zed_components/local_setup.zsh
[243.125s] -- Installing: /home/rm/filter/install/zed_components/share/zed_components/local_setup.dsv
[243.126s] -- Installing: /home/rm/filter/install/zed_components/share/zed_components/package.dsv
[243.127s] -- Installing: /home/rm/filter/install/zed_components/share/ament_index/resource_index/packages/zed_components
[243.127s] -- Installing: /home/rm/filter/install/zed_components/share/ament_index/resource_index/rclcpp_components/zed_components
[243.128s] -- Installing: /home/rm/filter/install/zed_components/share/zed_components/cmake/ament_cmake_export_include_directories-extras.cmake
[243.128s] -- Installing: /home/rm/filter/install/zed_components/share/zed_components/cmake/ament_cmake_export_libraries-extras.cmake
[243.128s] -- Installing: /home/rm/filter/install/zed_components/share/zed_components/cmake/ament_cmake_export_dependencies-extras.cmake
[243.129s] -- Installing: /home/rm/filter/install/zed_components/share/zed_components/cmake/zed_componentsConfig.cmake
[243.129s] -- Installing: /home/rm/filter/install/zed_components/share/zed_components/cmake/zed_componentsConfig-version.cmake
[243.130s] -- Installing: /home/rm/filter/install/zed_components/share/zed_components/package.xml
[243.150s] Invoked command in '/home/rm/filter/build/zed_components' returned '0': CMAKE_PREFIX_PATH=${CMAKE_PREFIX_PATH}:/home/rm/filter/install/object_filter_package:/home/rm/ws_moveit2_2/install/moveit_configs_utils:/home/rm/ws_moveit2_2/install/launch_param_builder:/opt/ros/humble /usr/bin/cmake --install /home/rm/filter/build/zed_components
