[4.837s] Invoking command in '/home/rm/filter/src/object_filter_package': PYTHONPATH=/home/rm/filter/build/object_filter_package/prefix_override:/usr/lib/python3/dist-packages/colcon_core/task/python/colcon_distutils_commands:/home/rm/filter/install/object_filter_package/lib/python3.10/site-packages:${PYTHONPATH} /usr/bin/python3 -W ignore:setup.py install is deprecated -W ignore:easy_install command is deprecated setup.py egg_info --egg-base ../../build/object_filter_package build --build-base /home/rm/filter/build/object_filter_package/build install --record /home/rm/filter/build/object_filter_package/install.log --single-version-externally-managed install_data
[5.772s] running egg_info
[5.775s] writing ../../build/object_filter_package/object_filter_package.egg-info/PKG-INFO
[5.777s] writing dependency_links to ../../build/object_filter_package/object_filter_package.egg-info/dependency_links.txt
[5.780s] writing entry points to ../../build/object_filter_package/object_filter_package.egg-info/entry_points.txt
[5.781s] writing requirements to ../../build/object_filter_package/object_filter_package.egg-info/requires.txt
[5.782s] writing top-level names to ../../build/object_filter_package/object_filter_package.egg-info/top_level.txt
[5.788s] reading manifest file '../../build/object_filter_package/object_filter_package.egg-info/SOURCES.txt'
[5.791s] writing manifest file '../../build/object_filter_package/object_filter_package.egg-info/SOURCES.txt'
[5.791s] running build
[5.792s] running build_py
[5.793s] copying object_filter_package/onnxrun.py -> /home/rm/filter/build/object_filter_package/build/lib/object_filter_package
[5.794s] running install
[5.796s] running install_lib
[5.799s] copying /home/rm/filter/build/object_filter_package/build/lib/object_filter_package/onnxrun.py -> /home/rm/filter/install/object_filter_package/lib/python3.10/site-packages/object_filter_package
[5.801s] byte-compiling /home/rm/filter/install/object_filter_package/lib/python3.10/site-packages/object_filter_package/onnxrun.py to onnxrun.cpython-310.pyc
[5.806s] byte-compiling /home/rm/filter/install/object_filter_package/lib/python3.10/site-packages/object_filter_package/object_filter_node.py to object_filter_node.cpython-310.pyc
[5.811s]   File "/home/rm/filter/install/object_filter_package/lib/python3.10/site-packages/object_filter_package/object_filter_node.py", line 149
[5.811s]     import rclpy
[5.811s] SyntaxError: expected 'except' or 'finally' block
[5.811s] 
[5.814s] running install_data
[5.814s] running install_egg_info
[5.818s] removing '/home/rm/filter/install/object_filter_package/lib/python3.10/site-packages/object_filter_package-0.0.0-py3.10.egg-info' (and everything under it)
[5.820s] Copying ../../build/object_filter_package/object_filter_package.egg-info to /home/rm/filter/install/object_filter_package/lib/python3.10/site-packages/object_filter_package-0.0.0-py3.10.egg-info
[5.822s] running install_scripts
[5.882s] Installing object_filter_node script to /home/rm/filter/install/object_filter_package/lib/object_filter_package
[5.884s] Installing onnxrun script to /home/rm/filter/install/object_filter_package/lib/object_filter_package
[5.885s] writing list of installed files to '/home/rm/filter/build/object_filter_package/install.log'
[6.006s] Invoked command in '/home/rm/filter/src/object_filter_package' returned '0': PYTHONPATH=/home/rm/filter/build/object_filter_package/prefix_override:/usr/lib/python3/dist-packages/colcon_core/task/python/colcon_distutils_commands:/home/rm/filter/install/object_filter_package/lib/python3.10/site-packages:${PYTHONPATH} /usr/bin/python3 -W ignore:setup.py install is deprecated -W ignore:easy_install command is deprecated setup.py egg_info --egg-base ../../build/object_filter_package build --build-base /home/rm/filter/build/object_filter_package/build install --record /home/rm/filter/build/object_filter_package/install.log --single-version-externally-managed install_data
