[2.019s] Invoking command in '/home/rm/filter/src/object_filter_package': PYTHONPATH=/home/rm/filter/build/object_filter_package/prefix_override:/usr/lib/python3/dist-packages/colcon_core/task/python/colcon_distutils_commands:/home/rm/filter/install/object_filter_package/lib/python3.10/site-packages:${PYTHONPATH} /usr/bin/python3 -W ignore:setup.py install is deprecated -W ignore:easy_install command is deprecated setup.py egg_info --egg-base ../../build/object_filter_package build --build-base /home/rm/filter/build/object_filter_package/build install --record /home/rm/filter/build/object_filter_package/install.log --single-version-externally-managed install_data
[2.617s] running egg_info
[2.619s] writing ../../build/object_filter_package/object_filter_package.egg-info/PKG-INFO
[2.621s] writing dependency_links to ../../build/object_filter_package/object_filter_package.egg-info/dependency_links.txt
[2.623s] writing entry points to ../../build/object_filter_package/object_filter_package.egg-info/entry_points.txt
[2.623s] writing requirements to ../../build/object_filter_package/object_filter_package.egg-info/requires.txt
[2.623s] writing top-level names to ../../build/object_filter_package/object_filter_package.egg-info/top_level.txt
[2.627s] reading manifest file '../../build/object_filter_package/object_filter_package.egg-info/SOURCES.txt'
[2.629s] writing manifest file '../../build/object_filter_package/object_filter_package.egg-info/SOURCES.txt'
[2.629s] running build
[2.630s] running build_py
[2.630s] copying object_filter_package/test.py -> /home/rm/filter/build/object_filter_package/build/lib/object_filter_package
[2.630s] copying object_filter_package/onnxrun.py -> /home/rm/filter/build/object_filter_package/build/lib/object_filter_package
[2.631s] copying object_filter_package/object_filter_node.py -> /home/rm/filter/build/object_filter_package/build/lib/object_filter_package
[2.632s] running install
[2.632s] running install_lib
[2.634s] copying /home/rm/filter/build/object_filter_package/build/lib/object_filter_package/test.py -> /home/rm/filter/install/object_filter_package/lib/python3.10/site-packages/object_filter_package
[2.635s] copying /home/rm/filter/build/object_filter_package/build/lib/object_filter_package/onnxrun.py -> /home/rm/filter/install/object_filter_package/lib/python3.10/site-packages/object_filter_package
[2.635s] copying /home/rm/filter/build/object_filter_package/build/lib/object_filter_package/object_filter_node.py -> /home/rm/filter/install/object_filter_package/lib/python3.10/site-packages/object_filter_package
[2.637s] byte-compiling /home/rm/filter/install/object_filter_package/lib/python3.10/site-packages/object_filter_package/test.py to test.cpython-310.pyc
[2.638s]   File "/home/rm/filter/install/object_filter_package/lib/python3.10/site-packages/object_filter_package/test.py", line 47
[2.638s]     main()__init__.py  last_working_code  msg  object_filter_node.py  onnxrun.py  __pycache__  test.py
[2.638s]           ^^^^^^^^
[2.639s] SyntaxError: invalid syntax
[2.639s] 
[2.639s] byte-compiling /home/rm/filter/install/object_filter_package/lib/python3.10/site-packages/object_filter_package/onnxrun.py to onnxrun.cpython-310.pyc
[2.641s] byte-compiling /home/rm/filter/install/object_filter_package/lib/python3.10/site-packages/object_filter_package/object_filter_node.py to object_filter_node.cpython-310.pyc
[2.642s] running install_data
[2.642s] running install_egg_info
[2.647s] removing '/home/rm/filter/install/object_filter_package/lib/python3.10/site-packages/object_filter_package-0.0.0-py3.10.egg-info' (and everything under it)
[2.648s] Copying ../../build/object_filter_package/object_filter_package.egg-info to /home/rm/filter/install/object_filter_package/lib/python3.10/site-packages/object_filter_package-0.0.0-py3.10.egg-info
[2.650s] running install_scripts
[2.698s] Installing object_filter_node script to /home/rm/filter/install/object_filter_package/lib/object_filter_package
[2.699s] Installing onnxrun script to /home/rm/filter/install/object_filter_package/lib/object_filter_package
[2.699s] Installing test script to /home/rm/filter/install/object_filter_package/lib/object_filter_package
[2.702s] writing list of installed files to '/home/rm/filter/build/object_filter_package/install.log'
[2.784s] Invoked command in '/home/rm/filter/src/object_filter_package' returned '0': PYTHONPATH=/home/rm/filter/build/object_filter_package/prefix_override:/usr/lib/python3/dist-packages/colcon_core/task/python/colcon_distutils_commands:/home/rm/filter/install/object_filter_package/lib/python3.10/site-packages:${PYTHONPATH} /usr/bin/python3 -W ignore:setup.py install is deprecated -W ignore:easy_install command is deprecated setup.py egg_info --egg-base ../../build/object_filter_package build --build-base /home/rm/filter/build/object_filter_package/build install --record /home/rm/filter/build/object_filter_package/install.log --single-version-externally-managed install_data
