running egg_info
writing ../../build/object_filter_package/object_filter_package.egg-info/PKG-INFO
writing dependency_links to ../../build/object_filter_package/object_filter_package.egg-info/dependency_links.txt
writing entry points to ../../build/object_filter_package/object_filter_package.egg-info/entry_points.txt
writing requirements to ../../build/object_filter_package/object_filter_package.egg-info/requires.txt
writing top-level names to ../../build/object_filter_package/object_filter_package.egg-info/top_level.txt
reading manifest file '../../build/object_filter_package/object_filter_package.egg-info/SOURCES.txt'
writing manifest file '../../build/object_filter_package/object_filter_package.egg-info/SOURCES.txt'
running build
running build_py
copying object_filter_package/onnxrun.py -> /home/rm/filter/build/object_filter_package/build/lib/object_filter_package
running install
running install_lib
copying /home/rm/filter/build/object_filter_package/build/lib/object_filter_package/onnxrun.py -> /home/rm/filter/install/object_filter_package/lib/python3.10/site-packages/object_filter_package
byte-compiling /home/rm/filter/install/object_filter_package/lib/python3.10/site-packages/object_filter_package/onnxrun.py to onnxrun.cpython-310.pyc
running install_data
running install_egg_info
removing '/home/rm/filter/install/object_filter_package/lib/python3.10/site-packages/object_filter_package-0.0.0-py3.10.egg-info' (and everything under it)
Copying ../../build/object_filter_package/object_filter_package.egg-info to /home/rm/filter/install/object_filter_package/lib/python3.10/site-packages/object_filter_package-0.0.0-py3.10.egg-info
running install_scripts
Installing object_filter_node script to /home/rm/filter/install/object_filter_package/lib/object_filter_package
Installing onnxrun script to /home/rm/filter/install/object_filter_package/lib/object_filter_package
Installing test script to /home/rm/filter/install/object_filter_package/lib/object_filter_package
writing list of installed files to '/home/rm/filter/build/object_filter_package/install.log'
