[2.651s] Invoking command in '/home/rm/filter/src/object_filter_package': PYTHONPATH=/home/rm/filter/build/object_filter_package/prefix_override:/usr/lib/python3/dist-packages/colcon_core/task/python/colcon_distutils_commands:/home/rm/filter/install/object_filter_package/lib/python3.10/site-packages:${PYTHONPATH} /usr/bin/python3 -W ignore:setup.py install is deprecated -W ignore:easy_install command is deprecated setup.py egg_info --egg-base ../../build/object_filter_package build --build-base /home/rm/filter/build/object_filter_package/build install --record /home/rm/filter/build/object_filter_package/install.log --single-version-externally-managed install_data
[3.375s] running egg_info
[3.377s] writing ../../build/object_filter_package/object_filter_package.egg-info/PKG-INFO
[3.378s] writing dependency_links to ../../build/object_filter_package/object_filter_package.egg-info/dependency_links.txt
[3.378s] writing entry points to ../../build/object_filter_package/object_filter_package.egg-info/entry_points.txt
[3.379s] writing requirements to ../../build/object_filter_package/object_filter_package.egg-info/requires.txt
[3.379s] writing top-level names to ../../build/object_filter_package/object_filter_package.egg-info/top_level.txt
[3.385s] reading manifest file '../../build/object_filter_package/object_filter_package.egg-info/SOURCES.txt'
[3.387s] writing manifest file '../../build/object_filter_package/object_filter_package.egg-info/SOURCES.txt'
[3.388s] running build
[3.389s] running build_py
[3.389s] copying object_filter_package/onnxrun.py -> /home/rm/filter/build/object_filter_package/build/lib/object_filter_package
[3.390s] running install
[3.391s] running install_lib
[3.393s] copying /home/rm/filter/build/object_filter_package/build/lib/object_filter_package/onnxrun.py -> /home/rm/filter/install/object_filter_package/lib/python3.10/site-packages/object_filter_package
[3.399s] byte-compiling /home/rm/filter/install/object_filter_package/lib/python3.10/site-packages/object_filter_package/test.py to test.cpython-310.pyc
[3.403s]   File "/home/rm/filter/install/object_filter_package/lib/python3.10/site-packages/object_filter_package/test.py", line 47
[3.403s]     main()__init__.py  last_working_code  msg  object_filter_node.py  onnxrun.py  __pycache__  test.py
[3.403s]           ^^^^^^^^
[3.403s] SyntaxError: invalid syntax
[3.403s] 
[3.403s] byte-compiling /home/rm/filter/install/object_filter_package/lib/python3.10/site-packages/object_filter_package/onnxrun.py to onnxrun.cpython-310.pyc
[3.406s] running install_data
[3.406s] running install_egg_info
[3.414s] removing '/home/rm/filter/install/object_filter_package/lib/python3.10/site-packages/object_filter_package-0.0.0-py3.10.egg-info' (and everything under it)
[3.415s] Copying ../../build/object_filter_package/object_filter_package.egg-info to /home/rm/filter/install/object_filter_package/lib/python3.10/site-packages/object_filter_package-0.0.0-py3.10.egg-info
[3.419s] running install_scripts
[3.480s] Installing object_filter_node script to /home/rm/filter/install/object_filter_package/lib/object_filter_package
[3.482s] Installing onnxrun script to /home/rm/filter/install/object_filter_package/lib/object_filter_package
[3.482s] Installing test script to /home/rm/filter/install/object_filter_package/lib/object_filter_package
[3.482s] writing list of installed files to '/home/rm/filter/build/object_filter_package/install.log'
[3.601s] Invoked command in '/home/rm/filter/src/object_filter_package' returned '0': PYTHONPATH=/home/rm/filter/build/object_filter_package/prefix_override:/usr/lib/python3/dist-packages/colcon_core/task/python/colcon_distutils_commands:/home/rm/filter/install/object_filter_package/lib/python3.10/site-packages:${PYTHONPATH} /usr/bin/python3 -W ignore:setup.py install is deprecated -W ignore:easy_install command is deprecated setup.py egg_info --egg-base ../../build/object_filter_package build --build-base /home/rm/filter/build/object_filter_package/build install --record /home/rm/filter/build/object_filter_package/install.log --single-version-externally-managed install_data
