running develop
Removing /home/rm/filter/install/object_filter_package/lib/python3.10/site-packages/object-filter-package.egg-link (link to .)
running egg_info
writing ../../build/object_filter_package/object_filter_package.egg-info/PKG-INFO
writing dependency_links to ../../build/object_filter_package/object_filter_package.egg-info/dependency_links.txt
writing entry points to ../../build/object_filter_package/object_filter_package.egg-info/entry_points.txt
writing requirements to ../../build/object_filter_package/object_filter_package.egg-info/requires.txt
writing top-level names to ../../build/object_filter_package/object_filter_package.egg-info/top_level.txt
reading manifest file '../../build/object_filter_package/object_filter_package.egg-info/SOURCES.txt'
writing manifest file '../../build/object_filter_package/object_filter_package.egg-info/SOURCES.txt'
running build
running build_py
creating /home/rm/filter/build/object_filter_package/build
creating /home/rm/filter/build/object_filter_package/build/lib
creating /home/rm/filter/build/object_filter_package/build/lib/object_filter_package
copying object_filter_package/__init__.py -> /home/rm/filter/build/object_filter_package/build/lib/object_filter_package
copying object_filter_package/object_filter_node.py -> /home/rm/filter/build/object_filter_package/build/lib/object_filter_package
running install
running install_lib
creating /home/rm/filter/install/object_filter_package/lib/python3.10/site-packages/object_filter_package
copying /home/rm/filter/build/object_filter_package/build/lib/object_filter_package/__init__.py -> /home/rm/filter/install/object_filter_package/lib/python3.10/site-packages/object_filter_package
copying /home/rm/filter/build/object_filter_package/build/lib/object_filter_package/object_filter_node.py -> /home/rm/filter/install/object_filter_package/lib/python3.10/site-packages/object_filter_package
byte-compiling /home/rm/filter/install/object_filter_package/lib/python3.10/site-packages/object_filter_package/__init__.py to __init__.cpython-310.pyc
byte-compiling /home/rm/filter/install/object_filter_package/lib/python3.10/site-packages/object_filter_package/object_filter_node.py to object_filter_node.cpython-310.pyc
running install_data
copying resource/object_filter_package -> /home/rm/filter/install/object_filter_package/share/ament_index/resource_index/packages
copying package.xml -> /home/rm/filter/install/object_filter_package/share/object_filter_package
copying msg/YoloObject.msg -> /home/rm/filter/install/object_filter_package/share/object_filter_package/msg
running install_egg_info
Copying ../../build/object_filter_package/object_filter_package.egg-info to /home/rm/filter/install/object_filter_package/lib/python3.10/site-packages/object_filter_package-0.0.0-py3.10.egg-info
running install_scripts
Installing object_filter_node script to /home/rm/filter/install/object_filter_package/lib/object_filter_package
writing list of installed files to '/home/rm/filter/build/object_filter_package/install.log'
