[2.249s] Invoking command in '/home/rm/filter/src/object_filter_package': PYTHONPATH=/home/rm/filter/build/object_filter_package/prefix_override:/usr/lib/python3/dist-packages/colcon_core/task/python/colcon_distutils_commands:/home/rm/filter/install/object_filter_package/lib/python3.10/site-packages:${PYTHONPATH} /usr/bin/python3 -W ignore:setup.py install is deprecated -W ignore:easy_install command is deprecated setup.py egg_info --egg-base ../../build/object_filter_package build --build-base /home/rm/filter/build/object_filter_package/build install --record /home/rm/filter/build/object_filter_package/install.log --single-version-externally-managed install_data
[2.850s] running egg_info
[2.852s] writing ../../build/object_filter_package/object_filter_package.egg-info/PKG-INFO
[2.852s] writing dependency_links to ../../build/object_filter_package/object_filter_package.egg-info/dependency_links.txt
[2.853s] writing entry points to ../../build/object_filter_package/object_filter_package.egg-info/entry_points.txt
[2.853s] writing requirements to ../../build/object_filter_package/object_filter_package.egg-info/requires.txt
[2.853s] writing top-level names to ../../build/object_filter_package/object_filter_package.egg-info/top_level.txt
[2.858s] reading manifest file '../../build/object_filter_package/object_filter_package.egg-info/SOURCES.txt'
[2.860s] writing manifest file '../../build/object_filter_package/object_filter_package.egg-info/SOURCES.txt'
[2.860s] running build
[2.861s] running build_py
[2.861s] copying object_filter_package/onnxrun.py -> /home/rm/filter/build/object_filter_package/build/lib/object_filter_package
[2.862s] running install
[2.863s] running install_lib
[2.865s] copying /home/rm/filter/build/object_filter_package/build/lib/object_filter_package/onnxrun.py -> /home/rm/filter/install/object_filter_package/lib/python3.10/site-packages/object_filter_package
[2.866s] byte-compiling /home/rm/filter/install/object_filter_package/lib/python3.10/site-packages/object_filter_package/onnxrun.py to onnxrun.cpython-310.pyc
[2.870s] running install_data
[2.870s] running install_egg_info
[2.874s] removing '/home/rm/filter/install/object_filter_package/lib/python3.10/site-packages/object_filter_package-0.0.0-py3.10.egg-info' (and everything under it)
[2.875s] Copying ../../build/object_filter_package/object_filter_package.egg-info to /home/rm/filter/install/object_filter_package/lib/python3.10/site-packages/object_filter_package-0.0.0-py3.10.egg-info
[2.878s] running install_scripts
[2.928s] Installing object_filter_node script to /home/rm/filter/install/object_filter_package/lib/object_filter_package
[2.928s] Installing onnxrun script to /home/rm/filter/install/object_filter_package/lib/object_filter_package
[2.929s] writing list of installed files to '/home/rm/filter/build/object_filter_package/install.log'
[3.016s] Invoked command in '/home/rm/filter/src/object_filter_package' returned '0': PYTHONPATH=/home/rm/filter/build/object_filter_package/prefix_override:/usr/lib/python3/dist-packages/colcon_core/task/python/colcon_distutils_commands:/home/rm/filter/install/object_filter_package/lib/python3.10/site-packages:${PYTHONPATH} /usr/bin/python3 -W ignore:setup.py install is deprecated -W ignore:easy_install command is deprecated setup.py egg_info --egg-base ../../build/object_filter_package build --build-base /home/rm/filter/build/object_filter_package/build install --record /home/rm/filter/build/object_filter_package/install.log --single-version-externally-managed install_data
