[2.799s] Invoking command in '/home/rm/filter/src/object_filter_package': PYTHONPATH=/home/rm/filter/build/object_filter_package/prefix_override:/usr/lib/python3/dist-packages/colcon_core/task/python/colcon_distutils_commands:/home/rm/filter/install/object_filter_package/lib/python3.10/site-packages:${PYTHONPATH} /usr/bin/python3 -W ignore:setup.py install is deprecated -W ignore:easy_install command is deprecated setup.py egg_info --egg-base ../../build/object_filter_package build --build-base /home/rm/filter/build/object_filter_package/build install --record /home/rm/filter/build/object_filter_package/install.log --single-version-externally-managed install_data
[3.626s] running egg_info
[3.629s] writing ../../build/object_filter_package/object_filter_package.egg-info/PKG-INFO
[3.630s] writing dependency_links to ../../build/object_filter_package/object_filter_package.egg-info/dependency_links.txt
[3.632s] writing entry points to ../../build/object_filter_package/object_filter_package.egg-info/entry_points.txt
[3.633s] writing requirements to ../../build/object_filter_package/object_filter_package.egg-info/requires.txt
[3.633s] writing top-level names to ../../build/object_filter_package/object_filter_package.egg-info/top_level.txt
[3.639s] reading manifest file '../../build/object_filter_package/object_filter_package.egg-info/SOURCES.txt'
[3.644s] writing manifest file '../../build/object_filter_package/object_filter_package.egg-info/SOURCES.txt'
[3.644s] running build
[3.644s] running build_py
[3.645s] copying object_filter_package/onnxrun.py -> /home/rm/filter/build/object_filter_package/build/lib/object_filter_package
[3.646s] running install
[3.647s] running install_lib
[3.650s] copying /home/rm/filter/build/object_filter_package/build/lib/object_filter_package/onnxrun.py -> /home/rm/filter/install/object_filter_package/lib/python3.10/site-packages/object_filter_package
[3.652s] byte-compiling /home/rm/filter/install/object_filter_package/lib/python3.10/site-packages/object_filter_package/onnxrun.py to onnxrun.cpython-310.pyc
[3.653s]   File "/home/rm/filter/install/object_filter_package/lib/python3.10/site-packages/object_filter_package/onnxrun.py", line 13
[3.653s]     class_names = [ /* your 25 names here */ ]
[3.654s]                     ^
[3.655s] SyntaxError: invalid syntax
[3.656s] 
[3.656s] running install_data
[3.656s] running install_egg_info
[3.659s] removing '/home/rm/filter/install/object_filter_package/lib/python3.10/site-packages/object_filter_package-0.0.0-py3.10.egg-info' (and everything under it)
[3.661s] Copying ../../build/object_filter_package/object_filter_package.egg-info to /home/rm/filter/install/object_filter_package/lib/python3.10/site-packages/object_filter_package-0.0.0-py3.10.egg-info
[3.663s] running install_scripts
[3.725s] Installing object_filter_node script to /home/rm/filter/install/object_filter_package/lib/object_filter_package
[3.726s] Installing onnxrun script to /home/rm/filter/install/object_filter_package/lib/object_filter_package
[3.727s] writing list of installed files to '/home/rm/filter/build/object_filter_package/install.log'
[3.829s] Invoked command in '/home/rm/filter/src/object_filter_package' returned '0': PYTHONPATH=/home/rm/filter/build/object_filter_package/prefix_override:/usr/lib/python3/dist-packages/colcon_core/task/python/colcon_distutils_commands:/home/rm/filter/install/object_filter_package/lib/python3.10/site-packages:${PYTHONPATH} /usr/bin/python3 -W ignore:setup.py install is deprecated -W ignore:easy_install command is deprecated setup.py egg_info --egg-base ../../build/object_filter_package build --build-base /home/rm/filter/build/object_filter_package/build install --record /home/rm/filter/build/object_filter_package/install.log --single-version-externally-managed install_data
