[1.920s] Invoking command in '/home/rm/filter/src/object_filter_package': PYTHONPATH=/home/rm/filter/build/object_filter_package/prefix_override:/usr/lib/python3/dist-packages/colcon_core/task/python/colcon_distutils_commands:/home/rm/filter/install/object_filter_package/lib/python3.10/site-packages:${PYTHONPATH} /usr/bin/python3 -W ignore:setup.py install is deprecated -W ignore:easy_install command is deprecated setup.py egg_info --egg-base ../../build/object_filter_package build --build-base /home/rm/filter/build/object_filter_package/build install --record /home/rm/filter/build/object_filter_package/install.log --single-version-externally-managed install_data
[2.517s] running egg_info
[2.517s] writing ../../build/object_filter_package/object_filter_package.egg-info/PKG-INFO
[2.521s] writing dependency_links to ../../build/object_filter_package/object_filter_package.egg-info/dependency_links.txt
[2.521s] writing entry points to ../../build/object_filter_package/object_filter_package.egg-info/entry_points.txt
[2.521s] writing requirements to ../../build/object_filter_package/object_filter_package.egg-info/requires.txt
[2.521s] writing top-level names to ../../build/object_filter_package/object_filter_package.egg-info/top_level.txt
[2.523s] reading manifest file '../../build/object_filter_package/object_filter_package.egg-info/SOURCES.txt'
[2.525s] writing manifest file '../../build/object_filter_package/object_filter_package.egg-info/SOURCES.txt'
[2.526s] running build
[2.526s] running build_py
[2.527s] copying object_filter_package/onnxrun.py -> /home/rm/filter/build/object_filter_package/build/lib/object_filter_package
[2.528s] running install
[2.528s] running install_lib
[2.531s] copying /home/rm/filter/build/object_filter_package/build/lib/object_filter_package/onnxrun.py -> /home/rm/filter/install/object_filter_package/lib/python3.10/site-packages/object_filter_package
[2.532s] byte-compiling /home/rm/filter/install/object_filter_package/lib/python3.10/site-packages/object_filter_package/onnxrun.py to onnxrun.cpython-310.pyc
[2.536s] running install_data
[2.537s] running install_egg_info
[2.541s] removing '/home/rm/filter/install/object_filter_package/lib/python3.10/site-packages/object_filter_package-0.0.0-py3.10.egg-info' (and everything under it)
[2.542s] Copying ../../build/object_filter_package/object_filter_package.egg-info to /home/rm/filter/install/object_filter_package/lib/python3.10/site-packages/object_filter_package-0.0.0-py3.10.egg-info
[2.547s] running install_scripts
[2.593s] Installing object_filter_node script to /home/rm/filter/install/object_filter_package/lib/object_filter_package
[2.593s] Installing onnxrun script to /home/rm/filter/install/object_filter_package/lib/object_filter_package
[2.593s] Installing test script to /home/rm/filter/install/object_filter_package/lib/object_filter_package
[2.595s] writing list of installed files to '/home/rm/filter/build/object_filter_package/install.log'
[2.678s] Invoked command in '/home/rm/filter/src/object_filter_package' returned '0': PYTHONPATH=/home/rm/filter/build/object_filter_package/prefix_override:/usr/lib/python3/dist-packages/colcon_core/task/python/colcon_distutils_commands:/home/rm/filter/install/object_filter_package/lib/python3.10/site-packages:${PYTHONPATH} /usr/bin/python3 -W ignore:setup.py install is deprecated -W ignore:easy_install command is deprecated setup.py egg_info --egg-base ../../build/object_filter_package build --build-base /home/rm/filter/build/object_filter_package/build install --record /home/rm/filter/build/object_filter_package/install.log --single-version-externally-managed install_data
